2025-06-11 20:06:01 [ERROR]: uncaughtException: Cannot find module '../middlewares/upload'
Require stack:
- B:\mavie\classroom\backend\src\routes\user.routes.js
- B:\mavie\classroom\backend\src\routes\index.js
- B:\mavie\classroom\backend\server.js
Error: Cannot find module '../middlewares/upload'
Require stack:
- B:\mavie\classroom\backend\src\routes\user.routes.js
- B:\mavie\classroom\backend\src\routes\index.js
- B:\mavie\classroom\backend\server.js
    at Function._resolveFilename (node:internal/modules/cjs/loader:1244:15)
    at Function._load (node:internal/modules/cjs/loader:1070:27)
    at TracingChannel.traceSync (node:diagnostics_channel:322:14)
    at wrapModuleLoad (node:internal/modules/cjs/loader:217:24)
    at Module.require (node:internal/modules/cjs/loader:1335:12)
    at require (node:internal/modules/helpers:136:16)
    at Object.<anonymous> (B:\mavie\classroom\backend\src\routes\user.routes.js:6:46)
    at Module._compile (node:internal/modules/cjs/loader:1562:14)
    at Object..js (node:internal/modules/cjs/loader:1699:10)
    at Module.load (node:internal/modules/cjs/loader:1313:32)
2025-06-11 20:06:40 [ERROR]: uncaughtException: Cannot find module '../middlewares/upload'
Require stack:
- B:\mavie\classroom\backend\src\routes\courses.routes.js
- B:\mavie\classroom\backend\src\routes\index.js
- B:\mavie\classroom\backend\server.js
Error: Cannot find module '../middlewares/upload'
Require stack:
- B:\mavie\classroom\backend\src\routes\courses.routes.js
- B:\mavie\classroom\backend\src\routes\index.js
- B:\mavie\classroom\backend\server.js
    at Function._resolveFilename (node:internal/modules/cjs/loader:1244:15)
    at Function._load (node:internal/modules/cjs/loader:1070:27)
    at TracingChannel.traceSync (node:diagnostics_channel:322:14)
    at wrapModuleLoad (node:internal/modules/cjs/loader:217:24)
    at Module.require (node:internal/modules/cjs/loader:1335:12)
    at require (node:internal/modules/helpers:136:16)
    at Object.<anonymous> (B:\mavie\classroom\backend\src\routes\courses.routes.js:6:46)
    at Module._compile (node:internal/modules/cjs/loader:1562:14)
    at Object..js (node:internal/modules/cjs/loader:1699:10)
    at Module.load (node:internal/modules/cjs/loader:1313:32)
2025-06-11 20:07:08 [ERROR]: uncaughtException: upload.fields is not a function
TypeError: upload.fields is not a function
    at Object.<anonymous> (B:\mavie\classroom\backend\src\routes\lessons.routes.js:24:10)
    at Module._compile (node:internal/modules/cjs/loader:1562:14)
    at Object..js (node:internal/modules/cjs/loader:1699:10)
    at Module.load (node:internal/modules/cjs/loader:1313:32)
    at Function._load (node:internal/modules/cjs/loader:1123:12)
    at TracingChannel.traceSync (node:diagnostics_channel:322:14)
    at wrapModuleLoad (node:internal/modules/cjs/loader:217:24)
    at Module.require (node:internal/modules/cjs/loader:1335:12)
    at require (node:internal/modules/helpers:136:16)
    at Object.<anonymous> (B:\mavie\classroom\backend\src\routes\index.js:12:22)
2025-06-11 20:18:18 [ERROR]: uncaughtException: upload.fields is not a function
TypeError: upload.fields is not a function
    at Object.<anonymous> (B:\mavie\classroom\backend\src\routes\lessons.routes.js:24:10)
    at Module._compile (node:internal/modules/cjs/loader:1562:14)
    at Object..js (node:internal/modules/cjs/loader:1699:10)
    at Module.load (node:internal/modules/cjs/loader:1313:32)
    at Function._load (node:internal/modules/cjs/loader:1123:12)
    at TracingChannel.traceSync (node:diagnostics_channel:322:14)
    at wrapModuleLoad (node:internal/modules/cjs/loader:217:24)
    at Module.require (node:internal/modules/cjs/loader:1335:12)
    at require (node:internal/modules/helpers:136:16)
    at Object.<anonymous> (B:\mavie\classroom\backend\src\routes\index.js:12:22)
2025-06-11 20:18:48 [ERROR]: uncaughtException: Cannot find module '../config/constants'
Require stack:
- B:\mavie\classroom\backend\src\middleware\upload.js
- B:\mavie\classroom\backend\src\routes\user.routes.js
- B:\mavie\classroom\backend\src\routes\index.js
- B:\mavie\classroom\backend\server.js
Error: Cannot find module '../config/constants'
Require stack:
- B:\mavie\classroom\backend\src\middleware\upload.js
- B:\mavie\classroom\backend\src\routes\user.routes.js
- B:\mavie\classroom\backend\src\routes\index.js
- B:\mavie\classroom\backend\server.js
    at Function._resolveFilename (node:internal/modules/cjs/loader:1244:15)
    at Function._load (node:internal/modules/cjs/loader:1070:27)
    at TracingChannel.traceSync (node:diagnostics_channel:322:14)
    at wrapModuleLoad (node:internal/modules/cjs/loader:217:24)
    at Module.require (node:internal/modules/cjs/loader:1335:12)
    at require (node:internal/modules/helpers:136:16)
    at Object.<anonymous> (B:\mavie\classroom\backend\src\middleware\upload.js:3:47)
    at Module._compile (node:internal/modules/cjs/loader:1562:14)
    at Object..js (node:internal/modules/cjs/loader:1699:10)
    at Module.load (node:internal/modules/cjs/loader:1313:32)
2025-06-11 20:19:08 [ERROR]: uncaughtException: Cannot find module '../config/constants'
Require stack:
- B:\mavie\classroom\backend\src\middleware\upload.js
- B:\mavie\classroom\backend\src\routes\user.routes.js
- B:\mavie\classroom\backend\src\routes\index.js
- B:\mavie\classroom\backend\server.js
Error: Cannot find module '../config/constants'
Require stack:
- B:\mavie\classroom\backend\src\middleware\upload.js
- B:\mavie\classroom\backend\src\routes\user.routes.js
- B:\mavie\classroom\backend\src\routes\index.js
- B:\mavie\classroom\backend\server.js
    at Function._resolveFilename (node:internal/modules/cjs/loader:1244:15)
    at Function._load (node:internal/modules/cjs/loader:1070:27)
    at TracingChannel.traceSync (node:diagnostics_channel:322:14)
    at wrapModuleLoad (node:internal/modules/cjs/loader:217:24)
    at Module.require (node:internal/modules/cjs/loader:1335:12)
    at require (node:internal/modules/helpers:136:16)
    at Object.<anonymous> (B:\mavie\classroom\backend\src\middleware\upload.js:3:47)
    at Module._compile (node:internal/modules/cjs/loader:1562:14)
    at Object..js (node:internal/modules/cjs/loader:1699:10)
    at Module.load (node:internal/modules/cjs/loader:1313:32)
2025-06-11 20:19:16 [ERROR]: uncaughtException: Unexpected token ','
B:\mavie\classroom\backend\src\routes\user.routes.js:6
const { , handleUploadErrors } = require('../middleware/upload');
        ^

SyntaxError: Unexpected token ','
    at wrapSafe (node:internal/modules/cjs/loader:1512:18)
    at Module._compile (node:internal/modules/cjs/loader:1534:20)
    at Object..js (node:internal/modules/cjs/loader:1699:10)
    at Module.load (node:internal/modules/cjs/loader:1313:32)
    at Function._load (node:internal/modules/cjs/loader:1123:12)
    at TracingChannel.traceSync (node:diagnostics_channel:322:14)
    at wrapModuleLoad (node:internal/modules/cjs/loader:217:24)
    at Module.require (node:internal/modules/cjs/loader:1335:12)
    at require (node:internal/modules/helpers:136:16)
    at Object.<anonymous> (B:\mavie\classroom\backend\src\routes\index.js:7:20)
2025-06-11 20:19:26 [ERROR]: uncaughtException: Cannot find module '../config/constants'
Require stack:
- B:\mavie\classroom\backend\src\middleware\upload.js
- B:\mavie\classroom\backend\src\routes\user.routes.js
- B:\mavie\classroom\backend\src\routes\index.js
- B:\mavie\classroom\backend\server.js
Error: Cannot find module '../config/constants'
Require stack:
- B:\mavie\classroom\backend\src\middleware\upload.js
- B:\mavie\classroom\backend\src\routes\user.routes.js
- B:\mavie\classroom\backend\src\routes\index.js
- B:\mavie\classroom\backend\server.js
    at Function._resolveFilename (node:internal/modules/cjs/loader:1244:15)
    at Function._load (node:internal/modules/cjs/loader:1070:27)
    at TracingChannel.traceSync (node:diagnostics_channel:322:14)
    at wrapModuleLoad (node:internal/modules/cjs/loader:217:24)
    at Module.require (node:internal/modules/cjs/loader:1335:12)
    at require (node:internal/modules/helpers:136:16)
    at Object.<anonymous> (B:\mavie\classroom\backend\src\middleware\upload.js:3:47)
    at Module._compile (node:internal/modules/cjs/loader:1562:14)
    at Object..js (node:internal/modules/cjs/loader:1699:10)
    at Module.load (node:internal/modules/cjs/loader:1313:32)
2025-06-11 20:19:36 [ERROR]: uncaughtException: Cannot find module '../config/constants'
Require stack:
- B:\mavie\classroom\backend\src\middleware\upload.js
- B:\mavie\classroom\backend\src\routes\user.routes.js
- B:\mavie\classroom\backend\src\routes\index.js
- B:\mavie\classroom\backend\server.js
Error: Cannot find module '../config/constants'
Require stack:
- B:\mavie\classroom\backend\src\middleware\upload.js
- B:\mavie\classroom\backend\src\routes\user.routes.js
- B:\mavie\classroom\backend\src\routes\index.js
- B:\mavie\classroom\backend\server.js
    at Function._resolveFilename (node:internal/modules/cjs/loader:1244:15)
    at Function._load (node:internal/modules/cjs/loader:1070:27)
    at TracingChannel.traceSync (node:diagnostics_channel:322:14)
    at wrapModuleLoad (node:internal/modules/cjs/loader:217:24)
    at Module.require (node:internal/modules/cjs/loader:1335:12)
    at require (node:internal/modules/helpers:136:16)
    at Object.<anonymous> (B:\mavie\classroom\backend\src\middleware\upload.js:3:47)
    at Module._compile (node:internal/modules/cjs/loader:1562:14)
    at Object..js (node:internal/modules/cjs/loader:1699:10)
    at Module.load (node:internal/modules/cjs/loader:1313:32)
2025-06-11 20:20:39 [ERROR]: uncaughtException: Cannot find module '../config/constants'
Require stack:
- B:\mavie\classroom\backend\src\middleware\upload.js
- B:\mavie\classroom\backend\src\routes\user.routes.js
- B:\mavie\classroom\backend\src\routes\index.js
- B:\mavie\classroom\backend\server.js
Error: Cannot find module '../config/constants'
Require stack:
- B:\mavie\classroom\backend\src\middleware\upload.js
- B:\mavie\classroom\backend\src\routes\user.routes.js
- B:\mavie\classroom\backend\src\routes\index.js
- B:\mavie\classroom\backend\server.js
    at Function._resolveFilename (node:internal/modules/cjs/loader:1244:15)
    at Function._load (node:internal/modules/cjs/loader:1070:27)
    at TracingChannel.traceSync (node:diagnostics_channel:322:14)
    at wrapModuleLoad (node:internal/modules/cjs/loader:217:24)
    at Module.require (node:internal/modules/cjs/loader:1335:12)
    at require (node:internal/modules/helpers:136:16)
    at Object.<anonymous> (B:\mavie\classroom\backend\src\middleware\upload.js:3:47)
    at Module._compile (node:internal/modules/cjs/loader:1562:14)
    at Object..js (node:internal/modules/cjs/loader:1699:10)
    at Module.load (node:internal/modules/cjs/loader:1313:32)
2025-06-11 20:20:50 [ERROR]: uncaughtException: Cannot find module '../config/constants'
Require stack:
- B:\mavie\classroom\backend\src\middleware\upload.js
- B:\mavie\classroom\backend\src\routes\user.routes.js
- B:\mavie\classroom\backend\src\routes\index.js
- B:\mavie\classroom\backend\server.js
Error: Cannot find module '../config/constants'
Require stack:
- B:\mavie\classroom\backend\src\middleware\upload.js
- B:\mavie\classroom\backend\src\routes\user.routes.js
- B:\mavie\classroom\backend\src\routes\index.js
- B:\mavie\classroom\backend\server.js
    at Function._resolveFilename (node:internal/modules/cjs/loader:1244:15)
    at Function._load (node:internal/modules/cjs/loader:1070:27)
    at TracingChannel.traceSync (node:diagnostics_channel:322:14)
    at wrapModuleLoad (node:internal/modules/cjs/loader:217:24)
    at Module.require (node:internal/modules/cjs/loader:1335:12)
    at require (node:internal/modules/helpers:136:16)
    at Object.<anonymous> (B:\mavie\classroom\backend\src\middleware\upload.js:3:47)
    at Module._compile (node:internal/modules/cjs/loader:1562:14)
    at Object..js (node:internal/modules/cjs/loader:1699:10)
    at Module.load (node:internal/modules/cjs/loader:1313:32)
2025-06-11 20:21:06 [ERROR]: uncaughtException: Cannot find module '../config/constants'
Require stack:
- B:\mavie\classroom\backend\src\middleware\upload.js
- B:\mavie\classroom\backend\src\routes\user.routes.js
- B:\mavie\classroom\backend\src\routes\index.js
- B:\mavie\classroom\backend\server.js
Error: Cannot find module '../config/constants'
Require stack:
- B:\mavie\classroom\backend\src\middleware\upload.js
- B:\mavie\classroom\backend\src\routes\user.routes.js
- B:\mavie\classroom\backend\src\routes\index.js
- B:\mavie\classroom\backend\server.js
    at Function._resolveFilename (node:internal/modules/cjs/loader:1244:15)
    at Function._load (node:internal/modules/cjs/loader:1070:27)
    at TracingChannel.traceSync (node:diagnostics_channel:322:14)
    at wrapModuleLoad (node:internal/modules/cjs/loader:217:24)
    at Module.require (node:internal/modules/cjs/loader:1335:12)
    at require (node:internal/modules/helpers:136:16)
    at Object.<anonymous> (B:\mavie\classroom\backend\src\middleware\upload.js:3:47)
    at Module._compile (node:internal/modules/cjs/loader:1562:14)
    at Object..js (node:internal/modules/cjs/loader:1699:10)
    at Module.load (node:internal/modules/cjs/loader:1313:32)
2025-06-11 20:21:12 [ERROR]: uncaughtException: Cannot find module '../config/constants'
Require stack:
- B:\mavie\classroom\backend\src\middleware\upload.js
- B:\mavie\classroom\backend\src\routes\user.routes.js
- B:\mavie\classroom\backend\src\routes\index.js
- B:\mavie\classroom\backend\server.js
Error: Cannot find module '../config/constants'
Require stack:
- B:\mavie\classroom\backend\src\middleware\upload.js
- B:\mavie\classroom\backend\src\routes\user.routes.js
- B:\mavie\classroom\backend\src\routes\index.js
- B:\mavie\classroom\backend\server.js
    at Function._resolveFilename (node:internal/modules/cjs/loader:1244:15)
    at Function._load (node:internal/modules/cjs/loader:1070:27)
    at TracingChannel.traceSync (node:diagnostics_channel:322:14)
    at wrapModuleLoad (node:internal/modules/cjs/loader:217:24)
    at Module.require (node:internal/modules/cjs/loader:1335:12)
    at require (node:internal/modules/helpers:136:16)
    at Object.<anonymous> (B:\mavie\classroom\backend\src\middleware\upload.js:3:47)
    at Module._compile (node:internal/modules/cjs/loader:1562:14)
    at Object..js (node:internal/modules/cjs/loader:1699:10)
    at Module.load (node:internal/modules/cjs/loader:1313:32)
2025-06-11 20:21:26 [ERROR]: uncaughtException: Cannot find module '../config/constants'
Require stack:
- B:\mavie\classroom\backend\src\middleware\upload.js
- B:\mavie\classroom\backend\src\routes\user.routes.js
- B:\mavie\classroom\backend\src\routes\index.js
- B:\mavie\classroom\backend\server.js
Error: Cannot find module '../config/constants'
Require stack:
- B:\mavie\classroom\backend\src\middleware\upload.js
- B:\mavie\classroom\backend\src\routes\user.routes.js
- B:\mavie\classroom\backend\src\routes\index.js
- B:\mavie\classroom\backend\server.js
    at Function._resolveFilename (node:internal/modules/cjs/loader:1244:15)
    at Function._load (node:internal/modules/cjs/loader:1070:27)
    at TracingChannel.traceSync (node:diagnostics_channel:322:14)
    at wrapModuleLoad (node:internal/modules/cjs/loader:217:24)
    at Module.require (node:internal/modules/cjs/loader:1335:12)
    at require (node:internal/modules/helpers:136:16)
    at Object.<anonymous> (B:\mavie\classroom\backend\src\middleware\upload.js:3:47)
    at Module._compile (node:internal/modules/cjs/loader:1562:14)
    at Object..js (node:internal/modules/cjs/loader:1699:10)
    at Module.load (node:internal/modules/cjs/loader:1313:32)
2025-06-11 20:21:38 [ERROR]: uncaughtException: Cannot find module '../config/constants'
Require stack:
- B:\mavie\classroom\backend\src\middleware\upload.js
- B:\mavie\classroom\backend\src\routes\user.routes.js
- B:\mavie\classroom\backend\src\routes\index.js
- B:\mavie\classroom\backend\server.js
Error: Cannot find module '../config/constants'
Require stack:
- B:\mavie\classroom\backend\src\middleware\upload.js
- B:\mavie\classroom\backend\src\routes\user.routes.js
- B:\mavie\classroom\backend\src\routes\index.js
- B:\mavie\classroom\backend\server.js
    at Function._resolveFilename (node:internal/modules/cjs/loader:1244:15)
    at Function._load (node:internal/modules/cjs/loader:1070:27)
    at TracingChannel.traceSync (node:diagnostics_channel:322:14)
    at wrapModuleLoad (node:internal/modules/cjs/loader:217:24)
    at Module.require (node:internal/modules/cjs/loader:1335:12)
    at require (node:internal/modules/helpers:136:16)
    at Object.<anonymous> (B:\mavie\classroom\backend\src\middleware\upload.js:3:47)
    at Module._compile (node:internal/modules/cjs/loader:1562:14)
    at Object..js (node:internal/modules/cjs/loader:1699:10)
    at Module.load (node:internal/modules/cjs/loader:1313:32)
2025-06-11 20:27:31 [ERROR]: uncaughtException: Cannot find module '../consta/constants'
Require stack:
- B:\mavie\classroom\backend\src\middleware\upload.js
- B:\mavie\classroom\backend\src\routes\user.routes.js
- B:\mavie\classroom\backend\src\routes\index.js
- B:\mavie\classroom\backend\server.js
Error: Cannot find module '../consta/constants'
Require stack:
- B:\mavie\classroom\backend\src\middleware\upload.js
- B:\mavie\classroom\backend\src\routes\user.routes.js
- B:\mavie\classroom\backend\src\routes\index.js
- B:\mavie\classroom\backend\server.js
    at Function._resolveFilename (node:internal/modules/cjs/loader:1244:15)
    at Function._load (node:internal/modules/cjs/loader:1070:27)
    at TracingChannel.traceSync (node:diagnostics_channel:322:14)
    at wrapModuleLoad (node:internal/modules/cjs/loader:217:24)
    at Module.require (node:internal/modules/cjs/loader:1335:12)
    at require (node:internal/modules/helpers:136:16)
    at Object.<anonymous> (B:\mavie\classroom\backend\src\middleware\upload.js:3:47)
    at Module._compile (node:internal/modules/cjs/loader:1562:14)
    at Object..js (node:internal/modules/cjs/loader:1699:10)
    at Module.load (node:internal/modules/cjs/loader:1313:32)
2025-06-11 20:27:39 [ERROR]: uncaughtException: upload is not defined
ReferenceError: upload is not defined
    at Object.<anonymous> (B:\mavie\classroom\backend\src\routes\lessons.routes.js:24:3)
    at Module._compile (node:internal/modules/cjs/loader:1562:14)
    at Object..js (node:internal/modules/cjs/loader:1699:10)
    at Module.load (node:internal/modules/cjs/loader:1313:32)
    at Function._load (node:internal/modules/cjs/loader:1123:12)
    at TracingChannel.traceSync (node:diagnostics_channel:322:14)
    at wrapModuleLoad (node:internal/modules/cjs/loader:217:24)
    at Module.require (node:internal/modules/cjs/loader:1335:12)
    at require (node:internal/modules/helpers:136:16)
    at Object.<anonymous> (B:\mavie\classroom\backend\src\routes\index.js:12:22)
2025-06-11 20:30:56 [ERROR]: uncaughtException: lessonMaterials.fields is not a function
TypeError: lessonMaterials.fields is not a function
    at Object.<anonymous> (B:\mavie\classroom\backend\src\routes\lessons.routes.js:24:19)
    at Module._compile (node:internal/modules/cjs/loader:1562:14)
    at Object..js (node:internal/modules/cjs/loader:1699:10)
    at Module.load (node:internal/modules/cjs/loader:1313:32)
    at Function._load (node:internal/modules/cjs/loader:1123:12)
    at TracingChannel.traceSync (node:diagnostics_channel:322:14)
    at wrapModuleLoad (node:internal/modules/cjs/loader:217:24)
    at Module.require (node:internal/modules/cjs/loader:1335:12)
    at require (node:internal/modules/helpers:136:16)
    at Object.<anonymous> (B:\mavie\classroom\backend\src\routes\index.js:12:22)
2025-06-11 20:31:14 [ERROR]: uncaughtException: upload is not defined
ReferenceError: upload is not defined
    at Object.<anonymous> (B:\mavie\classroom\backend\src\routes\lessons.routes.js:62:3)
    at Module._compile (node:internal/modules/cjs/loader:1562:14)
    at Object..js (node:internal/modules/cjs/loader:1699:10)
    at Module.load (node:internal/modules/cjs/loader:1313:32)
    at Function._load (node:internal/modules/cjs/loader:1123:12)
    at TracingChannel.traceSync (node:diagnostics_channel:322:14)
    at wrapModuleLoad (node:internal/modules/cjs/loader:217:24)
    at Module.require (node:internal/modules/cjs/loader:1335:12)
    at require (node:internal/modules/helpers:136:16)
    at Object.<anonymous> (B:\mavie\classroom\backend\src\routes\index.js:12:22)
2025-06-11 20:31:33 [ERROR]: uncaughtException: upload.single is not a function
TypeError: upload.single is not a function
    at Object.<anonymous> (B:\mavie\classroom\backend\src\routes\assignment.routes.js:20:10)
    at Module._compile (node:internal/modules/cjs/loader:1562:14)
    at Object..js (node:internal/modules/cjs/loader:1699:10)
    at Module.load (node:internal/modules/cjs/loader:1313:32)
    at Function._load (node:internal/modules/cjs/loader:1123:12)
    at TracingChannel.traceSync (node:diagnostics_channel:322:14)
    at wrapModuleLoad (node:internal/modules/cjs/loader:217:24)
    at Module.require (node:internal/modules/cjs/loader:1335:12)
    at require (node:internal/modules/helpers:136:16)
    at Object.<anonymous> (B:\mavie\classroom\backend\src\routes\index.js:15:26)
2025-06-11 20:32:11 [ERROR]: uncaughtException: upload is not defined
ReferenceError: upload is not defined
    at Object.<anonymous> (B:\mavie\classroom\backend\src\routes\assignment.routes.js:20:3)
    at Module._compile (node:internal/modules/cjs/loader:1562:14)
    at Object..js (node:internal/modules/cjs/loader:1699:10)
    at Module.load (node:internal/modules/cjs/loader:1313:32)
    at Function._load (node:internal/modules/cjs/loader:1123:12)
    at TracingChannel.traceSync (node:diagnostics_channel:322:14)
    at wrapModuleLoad (node:internal/modules/cjs/loader:217:24)
    at Module.require (node:internal/modules/cjs/loader:1335:12)
    at require (node:internal/modules/helpers:136:16)
    at Object.<anonymous> (B:\mavie\classroom\backend\src\routes\index.js:15:26)
2025-06-11 20:32:26 [ERROR]: uncaughtException: upload is not defined
ReferenceError: upload is not defined
    at Object.<anonymous> (B:\mavie\classroom\backend\src\routes\assignment.routes.js:27:3)
    at Module._compile (node:internal/modules/cjs/loader:1562:14)
    at Object..js (node:internal/modules/cjs/loader:1699:10)
    at Module.load (node:internal/modules/cjs/loader:1313:32)
    at Function._load (node:internal/modules/cjs/loader:1123:12)
    at TracingChannel.traceSync (node:diagnostics_channel:322:14)
    at wrapModuleLoad (node:internal/modules/cjs/loader:217:24)
    at Module.require (node:internal/modules/cjs/loader:1335:12)
    at require (node:internal/modules/helpers:136:16)
    at Object.<anonymous> (B:\mavie\classroom\backend\src\routes\index.js:15:26)
2025-06-11 20:32:38 [ERROR]: uncaughtException: upload is not defined
ReferenceError: upload is not defined
    at Object.<anonymous> (B:\mavie\classroom\backend\src\routes\assignment.routes.js:28:3)
    at Module._compile (node:internal/modules/cjs/loader:1562:14)
    at Object..js (node:internal/modules/cjs/loader:1699:10)
    at Module.load (node:internal/modules/cjs/loader:1313:32)
    at Function._load (node:internal/modules/cjs/loader:1123:12)
    at TracingChannel.traceSync (node:diagnostics_channel:322:14)
    at wrapModuleLoad (node:internal/modules/cjs/loader:217:24)
    at Module.require (node:internal/modules/cjs/loader:1335:12)
    at require (node:internal/modules/helpers:136:16)
    at Object.<anonymous> (B:\mavie\classroom\backend\src\routes\index.js:15:26)
2025-06-11 20:32:49 [ERROR]: uncaughtException: upload is not defined
ReferenceError: upload is not defined
    at Object.<anonymous> (B:\mavie\classroom\backend\src\routes\assignment.routes.js:66:3)
    at Module._compile (node:internal/modules/cjs/loader:1562:14)
    at Object..js (node:internal/modules/cjs/loader:1699:10)
    at Module.load (node:internal/modules/cjs/loader:1313:32)
    at Function._load (node:internal/modules/cjs/loader:1123:12)
    at TracingChannel.traceSync (node:diagnostics_channel:322:14)
    at wrapModuleLoad (node:internal/modules/cjs/loader:217:24)
    at Module.require (node:internal/modules/cjs/loader:1335:12)
    at require (node:internal/modules/helpers:136:16)
    at Object.<anonymous> (B:\mavie\classroom\backend\src\routes\index.js:15:26)
2025-06-11 20:32:59 [ERROR]: uncaughtException: missing ) after argument list
B:\mavie\classroom\backend\src\routes\assignment.routes.js:29
  handleUploadErrors
  ^^^^^^^^^^^^^^^^^^

SyntaxError: missing ) after argument list
    at wrapSafe (node:internal/modules/cjs/loader:1512:18)
    at Module._compile (node:internal/modules/cjs/loader:1534:20)
    at Object..js (node:internal/modules/cjs/loader:1699:10)
    at Module.load (node:internal/modules/cjs/loader:1313:32)
    at Function._load (node:internal/modules/cjs/loader:1123:12)
    at TracingChannel.traceSync (node:diagnostics_channel:322:14)
    at wrapModuleLoad (node:internal/modules/cjs/loader:217:24)
    at Module.require (node:internal/modules/cjs/loader:1335:12)
    at require (node:internal/modules/helpers:136:16)
    at Object.<anonymous> (B:\mavie\classroom\backend\src\routes\index.js:15:26)
2025-06-11 20:33:06 [ERROR]: uncaughtException: upload is not defined
ReferenceError: upload is not defined
    at Object.<anonymous> (B:\mavie\classroom\backend\src\routes\assignment.routes.js:67:3)
    at Module._compile (node:internal/modules/cjs/loader:1562:14)
    at Object..js (node:internal/modules/cjs/loader:1699:10)
    at Module.load (node:internal/modules/cjs/loader:1313:32)
    at Function._load (node:internal/modules/cjs/loader:1123:12)
    at TracingChannel.traceSync (node:diagnostics_channel:322:14)
    at wrapModuleLoad (node:internal/modules/cjs/loader:217:24)
    at Module.require (node:internal/modules/cjs/loader:1335:12)
    at require (node:internal/modules/helpers:136:16)
    at Object.<anonymous> (B:\mavie\classroom\backend\src\routes\index.js:15:26)
2025-06-11 20:33:56 [ERROR]: uncaughtException: upload.single is not a function
TypeError: upload.single is not a function
    at Object.<anonymous> (B:\mavie\classroom\backend\src\routes\community.routes.js:20:36)
    at Module._compile (node:internal/modules/cjs/loader:1562:14)
    at Object..js (node:internal/modules/cjs/loader:1699:10)
    at Module.load (node:internal/modules/cjs/loader:1313:32)
    at Function._load (node:internal/modules/cjs/loader:1123:12)
    at TracingChannel.traceSync (node:diagnostics_channel:322:14)
    at wrapModuleLoad (node:internal/modules/cjs/loader:217:24)
    at Module.require (node:internal/modules/cjs/loader:1335:12)
    at require (node:internal/modules/helpers:136:16)
    at Object.<anonymous> (B:\mavie\classroom\backend\src\routes\index.js:22:25)
2025-06-11 20:34:02 [ERROR]: uncaughtException: upload.single is not a function
TypeError: upload.single is not a function
    at Object.<anonymous> (B:\mavie\classroom\backend\src\routes\community.routes.js:20:36)
    at Module._compile (node:internal/modules/cjs/loader:1562:14)
    at Object..js (node:internal/modules/cjs/loader:1699:10)
    at Module.load (node:internal/modules/cjs/loader:1313:32)
    at Function._load (node:internal/modules/cjs/loader:1123:12)
    at TracingChannel.traceSync (node:diagnostics_channel:322:14)
    at wrapModuleLoad (node:internal/modules/cjs/loader:217:24)
    at Module.require (node:internal/modules/cjs/loader:1335:12)
    at require (node:internal/modules/helpers:136:16)
    at Object.<anonymous> (B:\mavie\classroom\backend\src\routes\index.js:22:25)
2025-06-11 20:34:51 [ERROR]: uncaughtException: upload.single is not a function
TypeError: upload.single is not a function
    at Object.<anonymous> (B:\mavie\classroom\backend\src\routes\community.routes.js:20:36)
    at Module._compile (node:internal/modules/cjs/loader:1562:14)
    at Object..js (node:internal/modules/cjs/loader:1699:10)
    at Module.load (node:internal/modules/cjs/loader:1313:32)
    at Function._load (node:internal/modules/cjs/loader:1123:12)
    at TracingChannel.traceSync (node:diagnostics_channel:322:14)
    at wrapModuleLoad (node:internal/modules/cjs/loader:217:24)
    at Module.require (node:internal/modules/cjs/loader:1335:12)
    at require (node:internal/modules/helpers:136:16)
    at Object.<anonymous> (B:\mavie\classroom\backend\src\routes\index.js:22:25)
2025-06-11 20:35:05 [ERROR]: uncaughtException: upload.single is not a function
TypeError: upload.single is not a function
    at Object.<anonymous> (B:\mavie\classroom\backend\src\routes\community.routes.js:20:36)
    at Module._compile (node:internal/modules/cjs/loader:1562:14)
    at Object..js (node:internal/modules/cjs/loader:1699:10)
    at Module.load (node:internal/modules/cjs/loader:1313:32)
    at Function._load (node:internal/modules/cjs/loader:1123:12)
    at TracingChannel.traceSync (node:diagnostics_channel:322:14)
    at wrapModuleLoad (node:internal/modules/cjs/loader:217:24)
    at Module.require (node:internal/modules/cjs/loader:1335:12)
    at require (node:internal/modules/helpers:136:16)
    at Object.<anonymous> (B:\mavie\classroom\backend\src\routes\index.js:22:25)
2025-06-11 20:35:40 [ERROR]: uncaughtException: upload is not defined
ReferenceError: upload is not defined
    at Object.<anonymous> (B:\mavie\classroom\backend\src\routes\community.routes.js:20:29)
    at Module._compile (node:internal/modules/cjs/loader:1562:14)
    at Object..js (node:internal/modules/cjs/loader:1699:10)
    at Module.load (node:internal/modules/cjs/loader:1313:32)
    at Function._load (node:internal/modules/cjs/loader:1123:12)
    at TracingChannel.traceSync (node:diagnostics_channel:322:14)
    at wrapModuleLoad (node:internal/modules/cjs/loader:217:24)
    at Module.require (node:internal/modules/cjs/loader:1335:12)
    at require (node:internal/modules/helpers:136:16)
    at Object.<anonymous> (B:\mavie\classroom\backend\src\routes\index.js:22:25)
2025-06-11 20:36:29 [ERROR]: uncaughtException: upload.single is not a function
TypeError: upload.single is not a function
    at Object.<anonymous> (B:\mavie\classroom\backend\src\routes\content.routes.js:14:10)
    at Module._compile (node:internal/modules/cjs/loader:1562:14)
    at Object..js (node:internal/modules/cjs/loader:1699:10)
    at Module.load (node:internal/modules/cjs/loader:1313:32)
    at Function._load (node:internal/modules/cjs/loader:1123:12)
    at TracingChannel.traceSync (node:diagnostics_channel:322:14)
    at wrapModuleLoad (node:internal/modules/cjs/loader:217:24)
    at Module.require (node:internal/modules/cjs/loader:1335:12)
    at require (node:internal/modules/helpers:136:16)
    at Object.<anonymous> (B:\mavie\classroom\backend\src\routes\index.js:27:23)
2025-06-11 20:38:40 [ERROR]: uncaughtException: upload is not defined
ReferenceError: upload is not defined
    at Object.<anonymous> (B:\mavie\classroom\backend\src\routes\content.routes.js:14:3)
    at Module._compile (node:internal/modules/cjs/loader:1562:14)
    at Object..js (node:internal/modules/cjs/loader:1699:10)
    at Module.load (node:internal/modules/cjs/loader:1313:32)
    at Function._load (node:internal/modules/cjs/loader:1123:12)
    at TracingChannel.traceSync (node:diagnostics_channel:322:14)
    at wrapModuleLoad (node:internal/modules/cjs/loader:217:24)
    at Module.require (node:internal/modules/cjs/loader:1335:12)
    at require (node:internal/modules/helpers:136:16)
    at Object.<anonymous> (B:\mavie\classroom\backend\src\routes\index.js:27:23)
2025-06-11 21:47:37 [ERROR]: uncaughtException: Unexpected identifier 'uploadAvatar'
B:\mavie\classroom\backend\src\controllers\user.controller.js:1992
async function uploadAvatar(req, res, next) {
               ^^^^^^^^^^^^

SyntaxError: Unexpected identifier 'uploadAvatar'
    at wrapSafe (node:internal/modules/cjs/loader:1512:18)
    at Module._compile (node:internal/modules/cjs/loader:1534:20)
    at Object..js (node:internal/modules/cjs/loader:1699:10)
    at Module.load (node:internal/modules/cjs/loader:1313:32)
    at Function._load (node:internal/modules/cjs/loader:1123:12)
    at TracingChannel.traceSync (node:diagnostics_channel:322:14)
    at wrapModuleLoad (node:internal/modules/cjs/loader:217:24)
    at Module.require (node:internal/modules/cjs/loader:1335:12)
    at require (node:internal/modules/helpers:136:16)
    at Object.<anonymous> (B:\mavie\classroom\backend\src\routes\user.routes.js:2:24)
2025-06-11 21:47:42 [ERROR]: uncaughtException: Unexpected identifier 'uploadAvatar'
B:\mavie\classroom\backend\src\controllers\user.controller.js:1992
async function uploadAvatar(req, res, next) {
               ^^^^^^^^^^^^

SyntaxError: Unexpected identifier 'uploadAvatar'
    at wrapSafe (node:internal/modules/cjs/loader:1512:18)
    at Module._compile (node:internal/modules/cjs/loader:1534:20)
    at Object..js (node:internal/modules/cjs/loader:1699:10)
    at Module.load (node:internal/modules/cjs/loader:1313:32)
    at Function._load (node:internal/modules/cjs/loader:1123:12)
    at TracingChannel.traceSync (node:diagnostics_channel:322:14)
    at wrapModuleLoad (node:internal/modules/cjs/loader:217:24)
    at Module.require (node:internal/modules/cjs/loader:1335:12)
    at require (node:internal/modules/helpers:136:16)
    at Object.<anonymous> (B:\mavie\classroom\backend\src\routes\user.routes.js:2:24)
2025-06-11 21:47:57 [ERROR]: uncaughtException: await is only valid in async functions and the top level bodies of modules
B:\mavie\classroom\backend\src\controllers\user.controller.js:2006
    const user = await User.findByPk(req.user.userId);
                 ^^^^^

SyntaxError: await is only valid in async functions and the top level bodies of modules
    at wrapSafe (node:internal/modules/cjs/loader:1512:18)
    at Module._compile (node:internal/modules/cjs/loader:1534:20)
    at Object..js (node:internal/modules/cjs/loader:1699:10)
    at Module.load (node:internal/modules/cjs/loader:1313:32)
    at Function._load (node:internal/modules/cjs/loader:1123:12)
    at TracingChannel.traceSync (node:diagnostics_channel:322:14)
    at wrapModuleLoad (node:internal/modules/cjs/loader:217:24)
    at Module.require (node:internal/modules/cjs/loader:1335:12)
    at require (node:internal/modules/helpers:136:16)
    at Object.<anonymous> (B:\mavie\classroom\backend\src\routes\user.routes.js:2:24)
2025-06-11 22:00:06 [ERROR]: uncaughtException: Unexpected identifier 'avatarUpload'
B:\mavie\classroom\backend\src\middleware\upload.js:45
const avatarUpload = multer({
      ^^^^^^^^^^^^

SyntaxError: Unexpected identifier 'avatarUpload'
    at wrapSafe (node:internal/modules/cjs/loader:1512:18)
    at Module._compile (node:internal/modules/cjs/loader:1534:20)
    at Object..js (node:internal/modules/cjs/loader:1699:10)
    at Module.load (node:internal/modules/cjs/loader:1313:32)
    at Function._load (node:internal/modules/cjs/loader:1123:12)
    at TracingChannel.traceSync (node:diagnostics_channel:322:14)
    at wrapModuleLoad (node:internal/modules/cjs/loader:217:24)
    at Module.require (node:internal/modules/cjs/loader:1335:12)
    at require (node:internal/modules/helpers:136:16)
    at Object.<anonymous> (B:\mavie\classroom\backend\src\routes\user.routes.js:6:45)
2025-06-11 22:00:33 [ERROR]: uncaughtException: Unexpected token ';'
B:\mavie\classroom\backend\src\middleware\upload.js:59
}).single('avatar'); // Note que o field name deve ser 'avatar'
                   ^

SyntaxError: Unexpected token ';'
    at wrapSafe (node:internal/modules/cjs/loader:1512:18)
    at Module._compile (node:internal/modules/cjs/loader:1534:20)
    at Object..js (node:internal/modules/cjs/loader:1699:10)
    at Module.load (node:internal/modules/cjs/loader:1313:32)
    at Function._load (node:internal/modules/cjs/loader:1123:12)
    at TracingChannel.traceSync (node:diagnostics_channel:322:14)
    at wrapModuleLoad (node:internal/modules/cjs/loader:217:24)
    at Module.require (node:internal/modules/cjs/loader:1335:12)
    at require (node:internal/modules/helpers:136:16)
    at Object.<anonymous> (B:\mavie\classroom\backend\src\routes\user.routes.js:6:45)
2025-06-11 22:00:45 [ERROR]: uncaughtException: Unexpected token ';'
B:\mavie\classroom\backend\src\middleware\upload.js:59
}).single('avatar'); // Note que o field name deve ser 'avatar'
                   ^

SyntaxError: Unexpected token ';'
    at wrapSafe (node:internal/modules/cjs/loader:1512:18)
    at Module._compile (node:internal/modules/cjs/loader:1534:20)
    at Object..js (node:internal/modules/cjs/loader:1699:10)
    at Module.load (node:internal/modules/cjs/loader:1313:32)
    at Function._load (node:internal/modules/cjs/loader:1123:12)
    at TracingChannel.traceSync (node:diagnostics_channel:322:14)
    at wrapModuleLoad (node:internal/modules/cjs/loader:217:24)
    at Module.require (node:internal/modules/cjs/loader:1335:12)
    at require (node:internal/modules/helpers:136:16)
    at Object.<anonymous> (B:\mavie\classroom\backend\src\routes\user.routes.js:6:45)
2025-06-11 22:00:49 [ERROR]: uncaughtException: Unexpected token ';'
B:\mavie\classroom\backend\src\middleware\upload.js:59
}).single('avatar'); // Note que o field name deve ser 'avatar'
                   ^

SyntaxError: Unexpected token ';'
    at wrapSafe (node:internal/modules/cjs/loader:1512:18)
    at Module._compile (node:internal/modules/cjs/loader:1534:20)
    at Object..js (node:internal/modules/cjs/loader:1699:10)
    at Module.load (node:internal/modules/cjs/loader:1313:32)
    at Function._load (node:internal/modules/cjs/loader:1123:12)
    at TracingChannel.traceSync (node:diagnostics_channel:322:14)
    at wrapModuleLoad (node:internal/modules/cjs/loader:217:24)
    at Module.require (node:internal/modules/cjs/loader:1335:12)
    at require (node:internal/modules/helpers:136:16)
    at Object.<anonymous> (B:\mavie\classroom\backend\src\routes\user.routes.js:6:45)
2025-06-11 22:01:20 [ERROR]: uncaughtException: Unexpected token ';'
B:\mavie\classroom\backend\src\middleware\upload.js:45
}).single('avatar'); // Note que o field name deve ser 'avatar'
                   ^

SyntaxError: Unexpected token ';'
    at wrapSafe (node:internal/modules/cjs/loader:1512:18)
    at Module._compile (node:internal/modules/cjs/loader:1534:20)
    at Object..js (node:internal/modules/cjs/loader:1699:10)
    at Module.load (node:internal/modules/cjs/loader:1313:32)
    at Function._load (node:internal/modules/cjs/loader:1123:12)
    at TracingChannel.traceSync (node:diagnostics_channel:322:14)
    at wrapModuleLoad (node:internal/modules/cjs/loader:217:24)
    at Module.require (node:internal/modules/cjs/loader:1335:12)
    at require (node:internal/modules/helpers:136:16)
    at Object.<anonymous> (B:\mavie\classroom\backend\src\routes\user.routes.js:6:45)
2025-06-11 22:02:59 [ERROR]: uncaughtException: Unexpected identifier 'handleUploadErrors'
B:\mavie\classroom\backend\src\routes\user.routes.js:6
const { singleImage, u handleUploadErrors } = require('../middleware/upload');
                       ^^^^^^^^^^^^^^^^^^

SyntaxError: Unexpected identifier 'handleUploadErrors'
    at wrapSafe (node:internal/modules/cjs/loader:1512:18)
    at Module._compile (node:internal/modules/cjs/loader:1534:20)
    at Object..js (node:internal/modules/cjs/loader:1699:10)
    at Module.load (node:internal/modules/cjs/loader:1313:32)
    at Function._load (node:internal/modules/cjs/loader:1123:12)
    at TracingChannel.traceSync (node:diagnostics_channel:322:14)
    at wrapModuleLoad (node:internal/modules/cjs/loader:217:24)
    at Module.require (node:internal/modules/cjs/loader:1335:12)
    at require (node:internal/modules/helpers:136:16)
    at Object.<anonymous> (B:\mavie\classroom\backend\src\routes\index.js:7:20)
2025-06-11 22:03:52 [ERROR]: uncaughtException: singleImage is not defined
ReferenceError: singleImage is not defined
    at Object.<anonymous> (B:\mavie\classroom\backend\src\routes\user.routes.js:16:3)
    at Module._compile (node:internal/modules/cjs/loader:1562:14)
    at Object..js (node:internal/modules/cjs/loader:1699:10)
    at Module.load (node:internal/modules/cjs/loader:1313:32)
    at Function._load (node:internal/modules/cjs/loader:1123:12)
    at TracingChannel.traceSync (node:diagnostics_channel:322:14)
    at wrapModuleLoad (node:internal/modules/cjs/loader:217:24)
    at Module.require (node:internal/modules/cjs/loader:1335:12)
    at require (node:internal/modules/helpers:136:16)
    at Object.<anonymous> (B:\mavie\classroom\backend\src\routes\index.js:7:20)
2025-06-11 22:05:16 [ERROR]: uncaughtException: Unexpected token ')'
B:\mavie\classroom\backend\src\controllers\user.controller.js:2038
      console.error('Erro no upload do avatar:', uploadError instanceof Error ? );
                                                                                ^

SyntaxError: Unexpected token ')'
    at wrapSafe (node:internal/modules/cjs/loader:1512:18)
    at Module._compile (node:internal/modules/cjs/loader:1534:20)
    at Object..js (node:internal/modules/cjs/loader:1699:10)
    at Module.load (node:internal/modules/cjs/loader:1313:32)
    at Function._load (node:internal/modules/cjs/loader:1123:12)
    at TracingChannel.traceSync (node:diagnostics_channel:322:14)
    at wrapModuleLoad (node:internal/modules/cjs/loader:217:24)
    at Module.require (node:internal/modules/cjs/loader:1335:12)
    at require (node:internal/modules/helpers:136:16)
    at Object.<anonymous> (B:\mavie\classroom\backend\src\routes\user.routes.js:2:24)
2025-06-11 22:05:21 [ERROR]: uncaughtException: Unexpected token ')'
B:\mavie\classroom\backend\src\controllers\user.controller.js:2038
      console.error('Erro no upload do avatar:', uploadError instanceof Error ? uploadError.causem);
                                                                                                  ^

SyntaxError: Unexpected token ')'
    at wrapSafe (node:internal/modules/cjs/loader:1512:18)
    at Module._compile (node:internal/modules/cjs/loader:1534:20)
    at Object..js (node:internal/modules/cjs/loader:1699:10)
    at Module.load (node:internal/modules/cjs/loader:1313:32)
    at Function._load (node:internal/modules/cjs/loader:1123:12)
    at TracingChannel.traceSync (node:diagnostics_channel:322:14)
    at wrapModuleLoad (node:internal/modules/cjs/loader:217:24)
    at Module.require (node:internal/modules/cjs/loader:1335:12)
    at require (node:internal/modules/helpers:136:16)
    at Object.<anonymous> (B:\mavie\classroom\backend\src\routes\user.routes.js:2:24)
2025-06-11 22:11:39 [ERROR]: uncaughtException: Unexpected identifier 'uploadAvatar'
B:\mavie\classroom\backend\src\controllers\user.controller.js:1998
async function uploadAvatar(req, res, next) {
               ^^^^^^^^^^^^

SyntaxError: Unexpected identifier 'uploadAvatar'
    at wrapSafe (node:internal/modules/cjs/loader:1512:18)
    at Module._compile (node:internal/modules/cjs/loader:1534:20)
    at Object..js (node:internal/modules/cjs/loader:1699:10)
    at Module.load (node:internal/modules/cjs/loader:1313:32)
    at Function._load (node:internal/modules/cjs/loader:1123:12)
    at TracingChannel.traceSync (node:diagnostics_channel:322:14)
    at wrapModuleLoad (node:internal/modules/cjs/loader:217:24)
    at Module.require (node:internal/modules/cjs/loader:1335:12)
    at require (node:internal/modules/helpers:136:16)
    at Object.<anonymous> (B:\mavie\classroom\backend\src\routes\user.routes.js:2:24)
2025-06-13 12:57:19 [ERROR]: uncaughtException: Unexpected identifier 'include'
B:\mavie\classroom\backend\src\controllers\lesson.controller.js:833
                    include: {
                    ^^^^^^^

SyntaxError: Unexpected identifier 'include'
    at wrapSafe (node:internal/modules/cjs/loader:1512:18)
    at Module._compile (node:internal/modules/cjs/loader:1534:20)
    at Object..js (node:internal/modules/cjs/loader:1699:10)
    at Module.load (node:internal/modules/cjs/loader:1313:32)
    at Function._load (node:internal/modules/cjs/loader:1123:12)
    at TracingChannel.traceSync (node:diagnostics_channel:322:14)
    at wrapModuleLoad (node:internal/modules/cjs/loader:217:24)
    at Module.require (node:internal/modules/cjs/loader:1335:12)
    at require (node:internal/modules/helpers:136:16)
    at Object.<anonymous> (B:\mavie\classroom\backend\src\routes\lessons.routes.js:3:26)
2025-06-13 18:56:33 [ERROR]: uncaughtException: Unexpected identifier 'lessonBatchMaterials'
B:\mavie\classroom\backend\src\middleware\upload.js:31
const lessonBatchMaterials = multer({
      ^^^^^^^^^^^^^^^^^^^^

SyntaxError: Unexpected identifier 'lessonBatchMaterials'
    at wrapSafe (node:internal/modules/cjs/loader:1512:18)
    at Module._compile (node:internal/modules/cjs/loader:1534:20)
    at Object..js (node:internal/modules/cjs/loader:1699:10)
    at Module.load (node:internal/modules/cjs/loader:1313:32)
    at Function._load (node:internal/modules/cjs/loader:1123:12)
    at TracingChannel.traceSync (node:diagnostics_channel:322:14)
    at wrapModuleLoad (node:internal/modules/cjs/loader:217:24)
    at Module.require (node:internal/modules/cjs/loader:1335:12)
    at require (node:internal/modules/helpers:136:16)
    at Object.<anonymous> (B:\mavie\classroom\backend\src\routes\user.routes.js:6:46)
2025-06-13 18:59:14 [ERROR]: uncaughtException: Unexpected identifier 'handleUploadErrors'
B:\mavie\classroom\backend\src\routes\lessons.routes.js:6
const { lessonMaterials, handleBatchUploads handleUploadErrors } = require('../middleware/upload');
                                            ^^^^^^^^^^^^^^^^^^

SyntaxError: Unexpected identifier 'handleUploadErrors'
    at wrapSafe (node:internal/modules/cjs/loader:1512:18)
    at Module._compile (node:internal/modules/cjs/loader:1534:20)
    at Object..js (node:internal/modules/cjs/loader:1699:10)
    at Module.load (node:internal/modules/cjs/loader:1313:32)
    at Function._load (node:internal/modules/cjs/loader:1123:12)
    at TracingChannel.traceSync (node:diagnostics_channel:322:14)
    at wrapModuleLoad (node:internal/modules/cjs/loader:217:24)
    at Module.require (node:internal/modules/cjs/loader:1335:12)
    at require (node:internal/modules/helpers:136:16)
    at Object.<anonymous> (B:\mavie\classroom\backend\src\routes\index.js:12:22)
2025-06-16 13:03:15 [ERROR]: uncaughtException: Unexpected token 'const'
B:\mavie\classroom\backend\src\routes\index.js:20
const adminRoutes = require('./admin.routes');
^^^^^

SyntaxError: Unexpected token 'const'
    at wrapSafe (node:internal/modules/cjs/loader:1512:18)
    at Module._compile (node:internal/modules/cjs/loader:1534:20)
    at Object..js (node:internal/modules/cjs/loader:1699:10)
    at Module.load (node:internal/modules/cjs/loader:1313:32)
    at Function._load (node:internal/modules/cjs/loader:1123:12)
    at TracingChannel.traceSync (node:diagnostics_channel:322:14)
    at wrapModuleLoad (node:internal/modules/cjs/loader:217:24)
    at Module.require (node:internal/modules/cjs/loader:1335:12)
    at require (node:internal/modules/helpers:136:16)
    at Object.<anonymous> (B:\mavie\classroom\backend\server.js:343:19)
2025-06-16 13:03:23 [ERROR]: uncaughtException: Missing initializer in const declaration
B:\mavie\classroom\backend\src\routes\index.js:19
const testimonialsRoutes
      ^^^^^^^^^^^^^^^^^^

SyntaxError: Missing initializer in const declaration
    at wrapSafe (node:internal/modules/cjs/loader:1512:18)
    at Module._compile (node:internal/modules/cjs/loader:1534:20)
    at Object..js (node:internal/modules/cjs/loader:1699:10)
    at Module.load (node:internal/modules/cjs/loader:1313:32)
    at Function._load (node:internal/modules/cjs/loader:1123:12)
    at TracingChannel.traceSync (node:diagnostics_channel:322:14)
    at wrapModuleLoad (node:internal/modules/cjs/loader:217:24)
    at Module.require (node:internal/modules/cjs/loader:1335:12)
    at require (node:internal/modules/helpers:136:16)
    at Object.<anonymous> (B:\mavie\classroom\backend\server.js:343:19)
2025-06-16 13:03:26 [ERROR]: uncaughtException: Missing initializer in const declaration
B:\mavie\classroom\backend\src\routes\index.js:19
const testimonialRoutes
      ^^^^^^^^^^^^^^^^^

SyntaxError: Missing initializer in const declaration
    at wrapSafe (node:internal/modules/cjs/loader:1512:18)
    at Module._compile (node:internal/modules/cjs/loader:1534:20)
    at Object..js (node:internal/modules/cjs/loader:1699:10)
    at Module.load (node:internal/modules/cjs/loader:1313:32)
    at Function._load (node:internal/modules/cjs/loader:1123:12)
    at TracingChannel.traceSync (node:diagnostics_channel:322:14)
    at wrapModuleLoad (node:internal/modules/cjs/loader:217:24)
    at Module.require (node:internal/modules/cjs/loader:1335:12)
    at require (node:internal/modules/helpers:136:16)
    at Object.<anonymous> (B:\mavie\classroom\backend\server.js:343:19)
2025-06-16 13:03:48 [ERROR]: uncaughtException: Parâmetro allowedRoles deve ser um array
Error: Parâmetro allowedRoles deve ser um array
    at authorize (B:\mavie\classroom\backend\src\middleware\authorize.js:11:11)
    at Object.<anonymous> (B:\mavie\classroom\backend\src\routes\testimonials.routes.js:23:3)
    at Module._compile (node:internal/modules/cjs/loader:1562:14)
    at Object..js (node:internal/modules/cjs/loader:1699:10)
    at Module.load (node:internal/modules/cjs/loader:1313:32)
    at Function._load (node:internal/modules/cjs/loader:1123:12)
    at TracingChannel.traceSync (node:diagnostics_channel:322:14)
    at wrapModuleLoad (node:internal/modules/cjs/loader:217:24)
    at Module.require (node:internal/modules/cjs/loader:1335:12)
    at require (node:internal/modules/helpers:136:16)
2025-06-16 13:04:01 [ERROR]: uncaughtException: Parâmetro allowedRoles deve ser um array
Error: Parâmetro allowedRoles deve ser um array
    at authorize (B:\mavie\classroom\backend\src\middleware\authorize.js:11:11)
    at Object.<anonymous> (B:\mavie\classroom\backend\src\routes\testimonials.routes.js:23:3)
    at Module._compile (node:internal/modules/cjs/loader:1562:14)
    at Object..js (node:internal/modules/cjs/loader:1699:10)
    at Module.load (node:internal/modules/cjs/loader:1313:32)
    at Function._load (node:internal/modules/cjs/loader:1123:12)
    at TracingChannel.traceSync (node:diagnostics_channel:322:14)
    at wrapModuleLoad (node:internal/modules/cjs/loader:217:24)
    at Module.require (node:internal/modules/cjs/loader:1335:12)
    at require (node:internal/modules/helpers:136:16)
2025-06-16 13:04:17 [ERROR]: uncaughtException: Parâmetro allowedRoles deve ser um array
Error: Parâmetro allowedRoles deve ser um array
    at authorize (B:\mavie\classroom\backend\src\middleware\authorize.js:11:11)
    at Object.<anonymous> (B:\mavie\classroom\backend\src\routes\testimonials.routes.js:23:3)
    at Module._compile (node:internal/modules/cjs/loader:1562:14)
    at Object..js (node:internal/modules/cjs/loader:1699:10)
    at Module.load (node:internal/modules/cjs/loader:1313:32)
    at Function._load (node:internal/modules/cjs/loader:1123:12)
    at TracingChannel.traceSync (node:diagnostics_channel:322:14)
    at wrapModuleLoad (node:internal/modules/cjs/loader:217:24)
    at Module.require (node:internal/modules/cjs/loader:1335:12)
    at require (node:internal/modules/helpers:136:16)
2025-06-16 13:04:32 [ERROR]: uncaughtException: Parâmetro allowedRoles deve ser um array
Error: Parâmetro allowedRoles deve ser um array
    at authorize (B:\mavie\classroom\backend\src\middleware\authorize.js:11:11)
    at Object.<anonymous> (B:\mavie\classroom\backend\src\routes\testimonials.routes.js:23:3)
    at Module._compile (node:internal/modules/cjs/loader:1562:14)
    at Object..js (node:internal/modules/cjs/loader:1699:10)
    at Module.load (node:internal/modules/cjs/loader:1313:32)
    at Function._load (node:internal/modules/cjs/loader:1123:12)
    at TracingChannel.traceSync (node:diagnostics_channel:322:14)
    at wrapModuleLoad (node:internal/modules/cjs/loader:217:24)
    at Module.require (node:internal/modules/cjs/loader:1335:12)
    at require (node:internal/modules/helpers:136:16)
2025-06-17 14:43:30 [ERROR]: uncaughtException: Unexpected identifier 'getUserStats'
B:\mavie\classroom\backend\src\controllers\admin.controller.js:14
async getUserStats(startDate, groupBy) {
      ^^^^^^^^^^^^

SyntaxError: Unexpected identifier 'getUserStats'
    at wrapSafe (node:internal/modules/cjs/loader:1512:18)
    at Module._compile (node:internal/modules/cjs/loader:1534:20)
    at Object..js (node:internal/modules/cjs/loader:1699:10)
    at Module.load (node:internal/modules/cjs/loader:1313:32)
    at Function._load (node:internal/modules/cjs/loader:1123:12)
    at TracingChannel.traceSync (node:diagnostics_channel:322:14)
    at wrapModuleLoad (node:internal/modules/cjs/loader:217:24)
    at Module.require (node:internal/modules/cjs/loader:1335:12)
    at require (node:internal/modules/helpers:136:16)
    at Object.<anonymous> (B:\mavie\classroom\backend\src\routes\admin.routes.js:3:25)
2025-06-17 14:44:40 [ERROR]: uncaughtException: Unexpected identifier 'getUserStats'
B:\mavie\classroom\backend\src\controllers\admin.controller.js:340
async getUserStats(startDate, groupBy) {
      ^^^^^^^^^^^^

SyntaxError: Unexpected identifier 'getUserStats'
    at wrapSafe (node:internal/modules/cjs/loader:1512:18)
    at Module._compile (node:internal/modules/cjs/loader:1534:20)
    at Object..js (node:internal/modules/cjs/loader:1699:10)
    at Module.load (node:internal/modules/cjs/loader:1313:32)
    at Function._load (node:internal/modules/cjs/loader:1123:12)
    at TracingChannel.traceSync (node:diagnostics_channel:322:14)
    at wrapModuleLoad (node:internal/modules/cjs/loader:217:24)
    at Module.require (node:internal/modules/cjs/loader:1335:12)
    at require (node:internal/modules/helpers:136:16)
    at Object.<anonymous> (B:\mavie\classroom\backend\src\routes\admin.routes.js:3:25)
2025-06-17 14:45:02 [ERROR]: uncaughtException: Unexpected identifier 'getUserStats'
B:\mavie\classroom\backend\src\controllers\admin.controller.js:340
async getUserStats(startDate, groupBy) {
      ^^^^^^^^^^^^

SyntaxError: Unexpected identifier 'getUserStats'
    at wrapSafe (node:internal/modules/cjs/loader:1512:18)
    at Module._compile (node:internal/modules/cjs/loader:1534:20)
    at Object..js (node:internal/modules/cjs/loader:1699:10)
    at Module.load (node:internal/modules/cjs/loader:1313:32)
    at Function._load (node:internal/modules/cjs/loader:1123:12)
    at TracingChannel.traceSync (node:diagnostics_channel:322:14)
    at wrapModuleLoad (node:internal/modules/cjs/loader:217:24)
    at Module.require (node:internal/modules/cjs/loader:1335:12)
    at require (node:internal/modules/helpers:136:16)
    at Object.<anonymous> (B:\mavie\classroom\backend\src\routes\admin.routes.js:3:25)
2025-06-20 19:47:56 [ERROR]: uncaughtException: missing ) after argument list
B:\mavie\classroom\backend\src\controllers\course.controller.js:355
        }
        ^

SyntaxError: missing ) after argument list
    at wrapSafe (node:internal/modules/cjs/loader:1512:18)
    at Module._compile (node:internal/modules/cjs/loader:1534:20)
    at Object..js (node:internal/modules/cjs/loader:1699:10)
    at Module.load (node:internal/modules/cjs/loader:1313:32)
    at Function._load (node:internal/modules/cjs/loader:1123:12)
    at TracingChannel.traceSync (node:diagnostics_channel:322:14)
    at wrapModuleLoad (node:internal/modules/cjs/loader:217:24)
    at Module.require (node:internal/modules/cjs/loader:1335:12)
    at require (node:internal/modules/helpers:136:16)
    at Object.<anonymous> (B:\mavie\classroom\backend\src\routes\courses.routes.js:3:26)
2025-06-21 16:13:56 [ERROR]: uncaughtException: Route.get() requires a callback function but got a [object Undefined]
Error: Route.get() requires a callback function but got a [object Undefined]
    at Route.<computed> [as get] (B:\mavie\classroom\backend\node_modules\express\lib\router\route.js:216:15)
    at proto.<computed> [as get] (B:\mavie\classroom\backend\node_modules\express\lib\router\index.js:521:19)
    at Object.<anonymous> (B:\mavie\classroom\backend\src\routes\courses.routes.js:27:8)
    at Module._compile (node:internal/modules/cjs/loader:1562:14)
    at Object..js (node:internal/modules/cjs/loader:1699:10)
    at Module.load (node:internal/modules/cjs/loader:1313:32)
    at Function._load (node:internal/modules/cjs/loader:1123:12)
    at TracingChannel.traceSync (node:diagnostics_channel:322:14)
    at wrapModuleLoad (node:internal/modules/cjs/loader:217:24)
    at Module.require (node:internal/modules/cjs/loader:1335:12)
2025-06-21 16:14:42 [ERROR]: uncaughtException: missing ) after argument list
B:\mavie\classroom\backend\src\controllers\course.controller.js:1087
                                m.lessons.filter(l => l.isPublished).map(l => l.lessonId)
                                                                                        ^

SyntaxError: missing ) after argument list
    at wrapSafe (node:internal/modules/cjs/loader:1512:18)
    at Module._compile (node:internal/modules/cjs/loader:1534:20)
    at Object..js (node:internal/modules/cjs/loader:1699:10)
    at Module.load (node:internal/modules/cjs/loader:1313:32)
    at Function._load (node:internal/modules/cjs/loader:1123:12)
    at TracingChannel.traceSync (node:diagnostics_channel:322:14)
    at wrapModuleLoad (node:internal/modules/cjs/loader:217:24)
    at Module.require (node:internal/modules/cjs/loader:1335:12)
    at require (node:internal/modules/helpers:136:16)
    at Object.<anonymous> (B:\mavie\classroom\backend\src\routes\courses.routes.js:3:26)
2025-06-21 16:14:49 [ERROR]: uncaughtException: missing ) after argument list
B:\mavie\classroom\backend\src\controllers\course.controller.js:1087
                                m.lessons.filter(l => l.isPublished).map(l => l.lessonId)
                                                                                        ^

SyntaxError: missing ) after argument list
    at wrapSafe (node:internal/modules/cjs/loader:1512:18)
    at Module._compile (node:internal/modules/cjs/loader:1534:20)
    at Object..js (node:internal/modules/cjs/loader:1699:10)
    at Module.load (node:internal/modules/cjs/loader:1313:32)
    at Function._load (node:internal/modules/cjs/loader:1123:12)
    at TracingChannel.traceSync (node:diagnostics_channel:322:14)
    at wrapModuleLoad (node:internal/modules/cjs/loader:217:24)
    at Module.require (node:internal/modules/cjs/loader:1335:12)
    at require (node:internal/modules/helpers:136:16)
    at Object.<anonymous> (B:\mavie\classroom\backend\src\routes\courses.routes.js:3:26)
2025-06-21 16:14:59 [ERROR]: uncaughtException: missing ) after argument list
B:\mavie\classroom\backend\src\controllers\course.controller.js:1087
                                  m.lessons.filter(l => l.isPublished).map(l => l.lessonId)
                                                                                          ^

SyntaxError: missing ) after argument list
    at wrapSafe (node:internal/modules/cjs/loader:1512:18)
    at Module._compile (node:internal/modules/cjs/loader:1534:20)
    at Object..js (node:internal/modules/cjs/loader:1699:10)
    at Module.load (node:internal/modules/cjs/loader:1313:32)
    at Function._load (node:internal/modules/cjs/loader:1123:12)
    at TracingChannel.traceSync (node:diagnostics_channel:322:14)
    at wrapModuleLoad (node:internal/modules/cjs/loader:217:24)
    at Module.require (node:internal/modules/cjs/loader:1335:12)
    at require (node:internal/modules/helpers:136:16)
    at Object.<anonymous> (B:\mavie\classroom\backend\src\routes\courses.routes.js:3:26)
2025-06-21 16:15:53 [ERROR]: uncaughtException: missing ) after argument list
B:\mavie\classroom\backend\src\controllers\course.controller.js:1087
                                  m.lessons.filter(l => l.isPublished).map(l => l.lessonId)
                                                                                          ^

SyntaxError: missing ) after argument list
    at wrapSafe (node:internal/modules/cjs/loader:1512:18)
    at Module._compile (node:internal/modules/cjs/loader:1534:20)
    at Object..js (node:internal/modules/cjs/loader:1699:10)
    at Module.load (node:internal/modules/cjs/loader:1313:32)
    at Function._load (node:internal/modules/cjs/loader:1123:12)
    at TracingChannel.traceSync (node:diagnostics_channel:322:14)
    at wrapModuleLoad (node:internal/modules/cjs/loader:217:24)
    at Module.require (node:internal/modules/cjs/loader:1335:12)
    at require (node:internal/modules/helpers:136:16)
    at Object.<anonymous> (B:\mavie\classroom\backend\src\routes\courses.routes.js:3:26)
2025-06-21 16:30:13 [ERROR]: uncaughtException: Unexpected token ')'
B:\mavie\classroom\backend\src\controllers\lesson.controller.js:92
        console.log("COURSEID: ", lesson.)
                                         ^

SyntaxError: Unexpected token ')'
    at wrapSafe (node:internal/modules/cjs/loader:1512:18)
    at Module._compile (node:internal/modules/cjs/loader:1534:20)
    at Object..js (node:internal/modules/cjs/loader:1699:10)
    at Module.load (node:internal/modules/cjs/loader:1313:32)
    at Function._load (node:internal/modules/cjs/loader:1123:12)
    at TracingChannel.traceSync (node:diagnostics_channel:322:14)
    at wrapModuleLoad (node:internal/modules/cjs/loader:217:24)
    at Module.require (node:internal/modules/cjs/loader:1335:12)
    at require (node:internal/modules/helpers:136:16)
    at Object.<anonymous> (B:\mavie\classroom\backend\src\routes\lessons.routes.js:3:26)
2025-06-21 16:49:25 [ERROR]: uncaughtException: Missing catch or finally after try
B:\mavie\classroom\backend\src\controllers\lesson.controller.js:1148
            }
            ^

SyntaxError: Missing catch or finally after try
    at wrapSafe (node:internal/modules/cjs/loader:1512:18)
    at Module._compile (node:internal/modules/cjs/loader:1534:20)
    at Object..js (node:internal/modules/cjs/loader:1699:10)
    at Module.load (node:internal/modules/cjs/loader:1313:32)
    at Function._load (node:internal/modules/cjs/loader:1123:12)
    at TracingChannel.traceSync (node:diagnostics_channel:322:14)
    at wrapModuleLoad (node:internal/modules/cjs/loader:217:24)
    at Module.require (node:internal/modules/cjs/loader:1335:12)
    at require (node:internal/modules/helpers:136:16)
    at Object.<anonymous> (B:\mavie\classroom\backend\src\routes\lessons.routes.js:3:26)
2025-06-21 16:49:35 [ERROR]: uncaughtException: Missing catch or finally after try
B:\mavie\classroom\backend\src\controllers\lesson.controller.js:1152
            }
            ^

SyntaxError: Missing catch or finally after try
    at wrapSafe (node:internal/modules/cjs/loader:1512:18)
    at Module._compile (node:internal/modules/cjs/loader:1534:20)
    at Object..js (node:internal/modules/cjs/loader:1699:10)
    at Module.load (node:internal/modules/cjs/loader:1313:32)
    at Function._load (node:internal/modules/cjs/loader:1123:12)
    at TracingChannel.traceSync (node:diagnostics_channel:322:14)
    at wrapModuleLoad (node:internal/modules/cjs/loader:217:24)
    at Module.require (node:internal/modules/cjs/loader:1335:12)
    at require (node:internal/modules/helpers:136:16)
    at Object.<anonymous> (B:\mavie\classroom\backend\src\routes\lessons.routes.js:3:26)
2025-06-21 16:49:43 [ERROR]: uncaughtException: Missing catch or finally after try
B:\mavie\classroom\backend\src\controllers\lesson.controller.js:1153
            }
            ^

SyntaxError: Missing catch or finally after try
    at wrapSafe (node:internal/modules/cjs/loader:1512:18)
    at Module._compile (node:internal/modules/cjs/loader:1534:20)
    at Object..js (node:internal/modules/cjs/loader:1699:10)
    at Module.load (node:internal/modules/cjs/loader:1313:32)
    at Function._load (node:internal/modules/cjs/loader:1123:12)
    at TracingChannel.traceSync (node:diagnostics_channel:322:14)
    at wrapModuleLoad (node:internal/modules/cjs/loader:217:24)
    at Module.require (node:internal/modules/cjs/loader:1335:12)
    at require (node:internal/modules/helpers:136:16)
    at Object.<anonymous> (B:\mavie\classroom\backend\src\routes\lessons.routes.js:3:26)
2025-06-23 15:54:37 [ERROR]: uncaughtException: Course is associated to Enrollment using an alias. You must use the 'as' keyword to specify the alias within your include statement.
SequelizeEagerLoadingError: Course is associated to Enrollment using an alias. You must use the 'as' keyword to specify the alias within your include statement.
    at Enrollment._getIncludedAssociation (B:\mavie\classroom\backend\node_modules\sequelize\lib\model.js:576:13)
    at Enrollment._validateIncludedElement (B:\mavie\classroom\backend\node_modules\sequelize\lib\model.js:502:53)
    at B:\mavie\classroom\backend\node_modules\sequelize\lib\model.js:421:37
    at Array.map (<anonymous>)
    at Enrollment._validateIncludedElements (B:\mavie\classroom\backend\node_modules\sequelize\lib\model.js:417:39)
    at Enrollment.aggregate (B:\mavie\classroom\backend\node_modules\sequelize\lib\model.js:1252:12)
    at Enrollment.count (B:\mavie\classroom\backend\node_modules\sequelize\lib\model.js:1306:31)
    at process.processTicksAndRejections (node:internal/process/task_queues:105:5)
2025-06-23 15:59:31 [ERROR]: uncaughtException: Missing initializer in destructuring declaration
B:\mavie\classroom\backend\src\controllers\institution.controller.js:12
const {  }
      ^^^^

SyntaxError: Missing initializer in destructuring declaration
    at wrapSafe (node:internal/modules/cjs/loader:1512:18)
    at Module._compile (node:internal/modules/cjs/loader:1534:20)
    at Object..js (node:internal/modules/cjs/loader:1699:10)
    at Module.load (node:internal/modules/cjs/loader:1313:32)
    at Function._load (node:internal/modules/cjs/loader:1123:12)
    at TracingChannel.traceSync (node:diagnostics_channel:322:14)
    at wrapModuleLoad (node:internal/modules/cjs/loader:217:24)
    at Module.require (node:internal/modules/cjs/loader:1335:12)
    at require (node:internal/modules/helpers:136:16)
    at Object.<anonymous> (B:\mavie\classroom\backend\src\routes\user.routes.js:3:31)
2025-06-23 15:59:41 [ERROR]: uncaughtException: Cannot find module '../configs'
Require stack:
- B:\mavie\classroom\backend\src\controllers\institution.controller.js
- B:\mavie\classroom\backend\src\routes\user.routes.js
- B:\mavie\classroom\backend\src\routes\index.js
- B:\mavie\classroom\backend\server.js
Error: Cannot find module '../configs'
Require stack:
- B:\mavie\classroom\backend\src\controllers\institution.controller.js
- B:\mavie\classroom\backend\src\routes\user.routes.js
- B:\mavie\classroom\backend\src\routes\index.js
- B:\mavie\classroom\backend\server.js
    at Function._resolveFilename (node:internal/modules/cjs/loader:1244:15)
    at Function._load (node:internal/modules/cjs/loader:1070:27)
    at TracingChannel.traceSync (node:diagnostics_channel:322:14)
    at wrapModuleLoad (node:internal/modules/cjs/loader:217:24)
    at Module.require (node:internal/modules/cjs/loader:1335:12)
    at require (node:internal/modules/helpers:136:16)
    at Object.<anonymous> (B:\mavie\classroom\backend\src\controllers\institution.controller.js:12:23)
    at Module._compile (node:internal/modules/cjs/loader:1562:14)
    at Object..js (node:internal/modules/cjs/loader:1699:10)
    at Module.load (node:internal/modules/cjs/loader:1313:32)
2025-06-23 16:01:59 [ERROR]: uncaughtException: Enrollment is not defined
ReferenceError: Enrollment is not defined
    at module.exports (B:\mavie\classroom\backend\src\models\Certificate.js:120:3)
    at B:\mavie\classroom\backend\src\models\index.js:18:54
    at Array.forEach (<anonymous>)
    at Object.<anonymous> (B:\mavie\classroom\backend\src\models\index.js:17:4)
    at Module._compile (node:internal/modules/cjs/loader:1562:14)
    at Object..js (node:internal/modules/cjs/loader:1699:10)
    at Module.load (node:internal/modules/cjs/loader:1313:32)
    at Function._load (node:internal/modules/cjs/loader:1123:12)
    at TracingChannel.traceSync (node:diagnostics_channel:322:14)
    at wrapModuleLoad (node:internal/modules/cjs/loader:217:24)
2025-06-23 16:02:02 [ERROR]: uncaughtException: Enrollment is not defined
ReferenceError: Enrollment is not defined
    at Certificate.associate (B:\mavie\classroom\backend\src\models\Certificate.js:121:5)
    at B:\mavie\classroom\backend\src\models\index.js:26:23
    at Array.forEach (<anonymous>)
    at Object.<anonymous> (B:\mavie\classroom\backend\src\models\index.js:24:21)
    at Module._compile (node:internal/modules/cjs/loader:1562:14)
    at Object..js (node:internal/modules/cjs/loader:1699:10)
    at Module.load (node:internal/modules/cjs/loader:1313:32)
    at Function._load (node:internal/modules/cjs/loader:1123:12)
    at TracingChannel.traceSync (node:diagnostics_channel:322:14)
    at wrapModuleLoad (node:internal/modules/cjs/loader:217:24)
2025-06-23 16:02:08 [ERROR]: uncaughtException: Enrollment is not defined
ReferenceError: Enrollment is not defined
    at Certificate.associate (B:\mavie\classroom\backend\src\models\Certificate.js:121:5)
    at B:\mavie\classroom\backend\src\models\index.js:26:23
    at Array.forEach (<anonymous>)
    at Object.<anonymous> (B:\mavie\classroom\backend\src\models\index.js:24:21)
    at Module._compile (node:internal/modules/cjs/loader:1562:14)
    at Object..js (node:internal/modules/cjs/loader:1699:10)
    at Module.load (node:internal/modules/cjs/loader:1313:32)
    at Function._load (node:internal/modules/cjs/loader:1123:12)
    at TracingChannel.traceSync (node:diagnostics_channel:322:14)
    at wrapModuleLoad (node:internal/modules/cjs/loader:217:24)
2025-06-24 09:54:20 [ERROR]: uncaughtException: Unexpected identifier 'searchMessageableUsers'
B:\mavie\classroom\backend\src\controllers\search.controller.js:410
  searchMessageableUsers: async (req, res) => {
  ^^^^^^^^^^^^^^^^^^^^^^

SyntaxError: Unexpected identifier 'searchMessageableUsers'
    at wrapSafe (node:internal/modules/cjs/loader:1512:18)
    at Module._compile (node:internal/modules/cjs/loader:1534:20)
    at Object..js (node:internal/modules/cjs/loader:1699:10)
    at Module.load (node:internal/modules/cjs/loader:1313:32)
    at Function._load (node:internal/modules/cjs/loader:1123:12)
    at TracingChannel.traceSync (node:diagnostics_channel:322:14)
    at wrapModuleLoad (node:internal/modules/cjs/loader:217:24)
    at Module.require (node:internal/modules/cjs/loader:1335:12)
    at require (node:internal/modules/helpers:136:16)
    at Object.<anonymous> (B:\mavie\classroom\backend\src\routes\search.routes.js:3:26)
2025-06-24 10:02:57 [ERROR]: uncaughtException: missing ) after argument list
B:\mavie\classroom\backend\src\controllers\search.controller.js:405
    console.error('Erro ao buscar instrutores:', error insta);
                                                 ^^^^^

SyntaxError: missing ) after argument list
    at wrapSafe (node:internal/modules/cjs/loader:1512:18)
    at Module._compile (node:internal/modules/cjs/loader:1534:20)
    at Object..js (node:internal/modules/cjs/loader:1699:10)
    at Module.load (node:internal/modules/cjs/loader:1313:32)
    at Function._load (node:internal/modules/cjs/loader:1123:12)
    at TracingChannel.traceSync (node:diagnostics_channel:322:14)
    at wrapModuleLoad (node:internal/modules/cjs/loader:217:24)
    at Module.require (node:internal/modules/cjs/loader:1335:12)
    at require (node:internal/modules/helpers:136:16)
    at Object.<anonymous> (B:\mavie\classroom\backend\src\routes\search.routes.js:3:26)
2025-06-24 10:03:16 [ERROR]: uncaughtException: missing ) after argument list
B:\mavie\classroom\backend\src\controllers\search.controller.js:405
    console.error('Erro ao buscar instrutores:', error instanceOf Er);
                                                 ^^^^^

SyntaxError: missing ) after argument list
    at wrapSafe (node:internal/modules/cjs/loader:1512:18)
    at Module._compile (node:internal/modules/cjs/loader:1534:20)
    at Object..js (node:internal/modules/cjs/loader:1699:10)
    at Module.load (node:internal/modules/cjs/loader:1313:32)
    at Function._load (node:internal/modules/cjs/loader:1123:12)
    at TracingChannel.traceSync (node:diagnostics_channel:322:14)
    at wrapModuleLoad (node:internal/modules/cjs/loader:217:24)
    at Module.require (node:internal/modules/cjs/loader:1335:12)
    at require (node:internal/modules/helpers:136:16)
    at Object.<anonymous> (B:\mavie\classroom\backend\src\routes\search.routes.js:3:26)
2025-06-24 10:03:31 [ERROR]: uncaughtException: missing ) after argument list
B:\mavie\classroom\backend\src\controllers\search.controller.js:405
    console.error('Erro ao buscar instrutores:', error ins);
                                                 ^^^^^

SyntaxError: missing ) after argument list
    at wrapSafe (node:internal/modules/cjs/loader:1512:18)
    at Module._compile (node:internal/modules/cjs/loader:1534:20)
    at Object..js (node:internal/modules/cjs/loader:1699:10)
    at Module.load (node:internal/modules/cjs/loader:1313:32)
    at Function._load (node:internal/modules/cjs/loader:1123:12)
    at TracingChannel.traceSync (node:diagnostics_channel:322:14)
    at wrapModuleLoad (node:internal/modules/cjs/loader:217:24)
    at Module.require (node:internal/modules/cjs/loader:1335:12)
    at require (node:internal/modules/helpers:136:16)
    at Object.<anonymous> (B:\mavie\classroom\backend\src\routes\search.routes.js:3:26)
2025-06-24 10:06:19 [ERROR]: uncaughtException: Missing initializer in destructuring declaration
B:\mavie\classroom\backend\src\controllers\search.controller.js:3
const {}
      ^^

SyntaxError: Missing initializer in destructuring declaration
    at wrapSafe (node:internal/modules/cjs/loader:1512:18)
    at Module._compile (node:internal/modules/cjs/loader:1534:20)
    at Object..js (node:internal/modules/cjs/loader:1699:10)
    at Module.load (node:internal/modules/cjs/loader:1313:32)
    at Function._load (node:internal/modules/cjs/loader:1123:12)
    at TracingChannel.traceSync (node:diagnostics_channel:322:14)
    at wrapModuleLoad (node:internal/modules/cjs/loader:217:24)
    at Module.require (node:internal/modules/cjs/loader:1335:12)
    at require (node:internal/modules/helpers:136:16)
    at Object.<anonymous> (B:\mavie\classroom\backend\src\routes\search.routes.js:3:26)
2025-06-24 10:12:43 [ERROR]: uncaughtException: sequelize is not defined
ReferenceError: sequelize is not defined
    at module.exports (B:\mavie\classroom\backend\src\models\InstitutionInstructor.js:5:33)
    at B:\mavie\classroom\backend\src\models\index.js:18:54
    at Array.forEach (<anonymous>)
    at Object.<anonymous> (B:\mavie\classroom\backend\src\models\index.js:17:4)
    at Module._compile (node:internal/modules/cjs/loader:1562:14)
    at Object..js (node:internal/modules/cjs/loader:1699:10)
    at Module.load (node:internal/modules/cjs/loader:1313:32)
    at Function._load (node:internal/modules/cjs/loader:1123:12)
    at TracingChannel.traceSync (node:diagnostics_channel:322:14)
    at wrapModuleLoad (node:internal/modules/cjs/loader:217:24)
2025-06-24 10:14:07 [ERROR]: uncaughtException: sequelize is not defined
ReferenceError: sequelize is not defined
    at module.exports (B:\mavie\classroom\backend\src\models\InstitutionInstructor.js:5:33)
    at B:\mavie\classroom\backend\src\models\index.js:18:54
    at Array.forEach (<anonymous>)
    at Object.<anonymous> (B:\mavie\classroom\backend\src\models\index.js:17:4)
    at Module._compile (node:internal/modules/cjs/loader:1562:14)
    at Object..js (node:internal/modules/cjs/loader:1699:10)
    at Module.load (node:internal/modules/cjs/loader:1313:32)
    at Function._load (node:internal/modules/cjs/loader:1123:12)
    at TracingChannel.traceSync (node:diagnostics_channel:322:14)
    at wrapModuleLoad (node:internal/modules/cjs/loader:217:24)
2025-06-24 10:14:37 [ERROR]: uncaughtException: sequelize is not defined
ReferenceError: sequelize is not defined
    at module.exports (B:\mavie\classroom\backend\src\models\InstitutionInstructor.js:5:33)
    at B:\mavie\classroom\backend\src\models\index.js:18:54
    at Array.forEach (<anonymous>)
    at Object.<anonymous> (B:\mavie\classroom\backend\src\models\index.js:17:4)
    at Module._compile (node:internal/modules/cjs/loader:1562:14)
    at Object..js (node:internal/modules/cjs/loader:1699:10)
    at Module.load (node:internal/modules/cjs/loader:1313:32)
    at Function._load (node:internal/modules/cjs/loader:1123:12)
    at TracingChannel.traceSync (node:diagnostics_channel:322:14)
    at wrapModuleLoad (node:internal/modules/cjs/loader:217:24)
2025-06-24 10:31:40 [ERROR]: uncaughtException: Unexpected token '}'
B:\mavie\classroom\backend\src\controllers\search.controller.js:375
    });
    ^

SyntaxError: Unexpected token '}'
    at wrapSafe (node:internal/modules/cjs/loader:1512:18)
    at Module._compile (node:internal/modules/cjs/loader:1534:20)
    at Object..js (node:internal/modules/cjs/loader:1699:10)
    at Module.load (node:internal/modules/cjs/loader:1313:32)
    at Function._load (node:internal/modules/cjs/loader:1123:12)
    at TracingChannel.traceSync (node:diagnostics_channel:322:14)
    at wrapModuleLoad (node:internal/modules/cjs/loader:217:24)
    at Module.require (node:internal/modules/cjs/loader:1335:12)
    at require (node:internal/modules/helpers:136:16)
    at Object.<anonymous> (B:\mavie\classroom\backend\src\routes\search.routes.js:3:26)
2025-06-24 14:26:46 [ERROR]: uncaughtException: Unexpected token 'const'
B:\mavie\classroom\backend\src\routes\index.js:9
const dashboardRoutes = require('./dashboard.routes.js');
^^^^^

SyntaxError: Unexpected token 'const'
    at wrapSafe (node:internal/modules/cjs/loader:1512:18)
    at Module._compile (node:internal/modules/cjs/loader:1534:20)
    at Object..js (node:internal/modules/cjs/loader:1699:10)
    at Module.load (node:internal/modules/cjs/loader:1313:32)
    at Function._load (node:internal/modules/cjs/loader:1123:12)
    at TracingChannel.traceSync (node:diagnostics_channel:322:14)
    at wrapModuleLoad (node:internal/modules/cjs/loader:217:24)
    at Module.require (node:internal/modules/cjs/loader:1335:12)
    at require (node:internal/modules/helpers:136:16)
    at Object.<anonymous> (B:\mavie\classroom\backend\server.js:343:19)
2025-06-24 14:26:48 [ERROR]: uncaughtException: Missing initializer in const declaration
B:\mavie\classroom\backend\src\routes\index.js:8
const institution
      ^^^^^^^^^^^

SyntaxError: Missing initializer in const declaration
    at wrapSafe (node:internal/modules/cjs/loader:1512:18)
    at Module._compile (node:internal/modules/cjs/loader:1534:20)
    at Object..js (node:internal/modules/cjs/loader:1699:10)
    at Module.load (node:internal/modules/cjs/loader:1313:32)
    at Function._load (node:internal/modules/cjs/loader:1123:12)
    at TracingChannel.traceSync (node:diagnostics_channel:322:14)
    at wrapModuleLoad (node:internal/modules/cjs/loader:217:24)
    at Module.require (node:internal/modules/cjs/loader:1335:12)
    at require (node:internal/modules/helpers:136:16)
    at Object.<anonymous> (B:\mavie\classroom\backend\server.js:343:19)
2025-06-24 14:26:51 [ERROR]: uncaughtException: Missing initializer in const declaration
B:\mavie\classroom\backend\src\routes\index.js:8
const institution
      ^^^^^^^^^^^

SyntaxError: Missing initializer in const declaration
    at wrapSafe (node:internal/modules/cjs/loader:1512:18)
    at Module._compile (node:internal/modules/cjs/loader:1534:20)
    at Object..js (node:internal/modules/cjs/loader:1699:10)
    at Module.load (node:internal/modules/cjs/loader:1313:32)
    at Function._load (node:internal/modules/cjs/loader:1123:12)
    at TracingChannel.traceSync (node:diagnostics_channel:322:14)
    at wrapModuleLoad (node:internal/modules/cjs/loader:217:24)
    at Module.require (node:internal/modules/cjs/loader:1335:12)
    at require (node:internal/modules/helpers:136:16)
    at Object.<anonymous> (B:\mavie\classroom\backend\server.js:343:19)
2025-06-24 14:39:51 [ERROR]: uncaughtException: Unexpected identifier 'createCourse'
B:\mavie\classroom\backend\src\controllers\institution.controller.js:698
  createCourse: async (req, res) => {
  ^^^^^^^^^^^^

SyntaxError: Unexpected identifier 'createCourse'
    at wrapSafe (node:internal/modules/cjs/loader:1512:18)
    at Module._compile (node:internal/modules/cjs/loader:1534:20)
    at Object..js (node:internal/modules/cjs/loader:1699:10)
    at Module.load (node:internal/modules/cjs/loader:1313:32)
    at Function._load (node:internal/modules/cjs/loader:1123:12)
    at TracingChannel.traceSync (node:diagnostics_channel:322:14)
    at wrapModuleLoad (node:internal/modules/cjs/loader:217:24)
    at Module.require (node:internal/modules/cjs/loader:1335:12)
    at require (node:internal/modules/helpers:136:16)
    at Object.<anonymous> (B:\mavie\classroom\backend\src\routes\institution.routes.js:3:31)
2025-06-24 14:40:12 [ERROR]: uncaughtException: Unexpected token '.'
B:\mavie\classroom\backend\src\controllers\institution.controller.js:694
    } catch (console.error();
                    ^

SyntaxError: Unexpected token '.'
    at wrapSafe (node:internal/modules/cjs/loader:1512:18)
    at Module._compile (node:internal/modules/cjs/loader:1534:20)
    at Object..js (node:internal/modules/cjs/loader:1699:10)
    at Module.load (node:internal/modules/cjs/loader:1313:32)
    at Function._load (node:internal/modules/cjs/loader:1123:12)
    at TracingChannel.traceSync (node:diagnostics_channel:322:14)
    at wrapModuleLoad (node:internal/modules/cjs/loader:217:24)
    at Module.require (node:internal/modules/cjs/loader:1335:12)
    at require (node:internal/modules/helpers:136:16)
    at Object.<anonymous> (B:\mavie\classroom\backend\src\routes\institution.routes.js:3:31)
2025-06-24 14:41:26 [ERROR]: uncaughtException: Unexpected token '}'
B:\mavie\classroom\backend\src\controllers\institution.controller.js:696
    } catch (error) {
    ^

SyntaxError: Unexpected token '}'
    at wrapSafe (node:internal/modules/cjs/loader:1512:18)
    at Module._compile (node:internal/modules/cjs/loader:1534:20)
    at Object..js (node:internal/modules/cjs/loader:1699:10)
    at Module.load (node:internal/modules/cjs/loader:1313:32)
    at Function._load (node:internal/modules/cjs/loader:1123:12)
    at TracingChannel.traceSync (node:diagnostics_channel:322:14)
    at wrapModuleLoad (node:internal/modules/cjs/loader:217:24)
    at Module.require (node:internal/modules/cjs/loader:1335:12)
    at require (node:internal/modules/helpers:136:16)
    at Object.<anonymous> (B:\mavie\classroom\backend\src\routes\institution.routes.js:3:31)
2025-06-24 14:41:41 [ERROR]: uncaughtException: Missing initializer in const declaration
B:\mavie\classroom\backend\src\controllers\institution.controller.js:695
      const che
            ^^^

SyntaxError: Missing initializer in const declaration
    at wrapSafe (node:internal/modules/cjs/loader:1512:18)
    at Module._compile (node:internal/modules/cjs/loader:1534:20)
    at Object..js (node:internal/modules/cjs/loader:1699:10)
    at Module.load (node:internal/modules/cjs/loader:1313:32)
    at Function._load (node:internal/modules/cjs/loader:1123:12)
    at TracingChannel.traceSync (node:diagnostics_channel:322:14)
    at wrapModuleLoad (node:internal/modules/cjs/loader:217:24)
    at Module.require (node:internal/modules/cjs/loader:1335:12)
    at require (node:internal/modules/helpers:136:16)
    at Object.<anonymous> (B:\mavie\classroom\backend\src\routes\institution.routes.js:3:31)
2025-06-24 14:41:51 [ERROR]: uncaughtException: Unexpected token '}'
B:\mavie\classroom\backend\src\controllers\institution.controller.js:696
    } catch (error) {
    ^

SyntaxError: Unexpected token '}'
    at wrapSafe (node:internal/modules/cjs/loader:1512:18)
    at Module._compile (node:internal/modules/cjs/loader:1534:20)
    at Object..js (node:internal/modules/cjs/loader:1699:10)
    at Module.load (node:internal/modules/cjs/loader:1313:32)
    at Function._load (node:internal/modules/cjs/loader:1123:12)
    at TracingChannel.traceSync (node:diagnostics_channel:322:14)
    at wrapModuleLoad (node:internal/modules/cjs/loader:217:24)
    at Module.require (node:internal/modules/cjs/loader:1335:12)
    at require (node:internal/modules/helpers:136:16)
    at Object.<anonymous> (B:\mavie\classroom\backend\src\routes\institution.routes.js:3:31)
2025-06-24 14:47:54 [ERROR]: uncaughtException: Missing initializer in const declaration
B:\mavie\classroom\backend\src\controllers\institution.controller.js:703
      const cr
            ^^

SyntaxError: Missing initializer in const declaration
    at wrapSafe (node:internal/modules/cjs/loader:1512:18)
    at Module._compile (node:internal/modules/cjs/loader:1534:20)
    at Object..js (node:internal/modules/cjs/loader:1699:10)
    at Module.load (node:internal/modules/cjs/loader:1313:32)
    at Function._load (node:internal/modules/cjs/loader:1123:12)
    at TracingChannel.traceSync (node:diagnostics_channel:322:14)
    at wrapModuleLoad (node:internal/modules/cjs/loader:217:24)
    at Module.require (node:internal/modules/cjs/loader:1335:12)
    at require (node:internal/modules/helpers:136:16)
    at Object.<anonymous> (B:\mavie\classroom\backend\src\routes\institution.routes.js:3:31)
2025-06-24 14:48:02 [ERROR]: uncaughtException: Unexpected token '}'
B:\mavie\classroom\backend\src\controllers\institution.controller.js:705
    } catch (error) {
    ^

SyntaxError: Unexpected token '}'
    at wrapSafe (node:internal/modules/cjs/loader:1512:18)
    at Module._compile (node:internal/modules/cjs/loader:1534:20)
    at Object..js (node:internal/modules/cjs/loader:1699:10)
    at Module.load (node:internal/modules/cjs/loader:1313:32)
    at Function._load (node:internal/modules/cjs/loader:1123:12)
    at TracingChannel.traceSync (node:diagnostics_channel:322:14)
    at wrapModuleLoad (node:internal/modules/cjs/loader:217:24)
    at Module.require (node:internal/modules/cjs/loader:1335:12)
    at require (node:internal/modules/helpers:136:16)
    at Object.<anonymous> (B:\mavie\classroom\backend\src\routes\institution.routes.js:3:31)
2025-06-24 14:49:35 [ERROR]: uncaughtException: Unexpected identifier 'json'
B:\mavie\classroom\backend\src\controllers\institution.controller.js:709
      res.status()json()
                  ^^^^

SyntaxError: Unexpected identifier 'json'
    at wrapSafe (node:internal/modules/cjs/loader:1512:18)
    at Module._compile (node:internal/modules/cjs/loader:1534:20)
    at Object..js (node:internal/modules/cjs/loader:1699:10)
    at Module.load (node:internal/modules/cjs/loader:1313:32)
    at Function._load (node:internal/modules/cjs/loader:1123:12)
    at TracingChannel.traceSync (node:diagnostics_channel:322:14)
    at wrapModuleLoad (node:internal/modules/cjs/loader:217:24)
    at Module.require (node:internal/modules/cjs/loader:1335:12)
    at require (node:internal/modules/helpers:136:16)
    at Object.<anonymous> (B:\mavie\classroom\backend\src\routes\institution.routes.js:3:31)
2025-06-24 14:58:23 [ERROR]: uncaughtException: Unexpected identifier 'sendInstructorInvite'
B:\mavie\classroom\backend\src\controllers\institution.controller.js:904
sendInstructorInvite: async (req, res, next) => {
^^^^^^^^^^^^^^^^^^^^

SyntaxError: Unexpected identifier 'sendInstructorInvite'
    at wrapSafe (node:internal/modules/cjs/loader:1512:18)
    at Module._compile (node:internal/modules/cjs/loader:1534:20)
    at Object..js (node:internal/modules/cjs/loader:1699:10)
    at Module.load (node:internal/modules/cjs/loader:1313:32)
    at Function._load (node:internal/modules/cjs/loader:1123:12)
    at TracingChannel.traceSync (node:diagnostics_channel:322:14)
    at wrapModuleLoad (node:internal/modules/cjs/loader:217:24)
    at Module.require (node:internal/modules/cjs/loader:1335:12)
    at require (node:internal/modules/helpers:136:16)
    at Object.<anonymous> (B:\mavie\classroom\backend\src\routes\institution.routes.js:3:31)
2025-06-24 15:04:25 [ERROR]: uncaughtException: Unexpected identifier 'status'
B:\mavie\classroom\backend\src\models\InstitutionInstructor.js:28
    status: {
    ^^^^^^

SyntaxError: Unexpected identifier 'status'
    at wrapSafe (node:internal/modules/cjs/loader:1512:18)
    at Module._compile (node:internal/modules/cjs/loader:1534:20)
    at Object..js (node:internal/modules/cjs/loader:1699:10)
    at Module.load (node:internal/modules/cjs/loader:1313:32)
    at Function._load (node:internal/modules/cjs/loader:1123:12)
    at TracingChannel.traceSync (node:diagnostics_channel:322:14)
    at wrapModuleLoad (node:internal/modules/cjs/loader:217:24)
    at Module.require (node:internal/modules/cjs/loader:1335:12)
    at require (node:internal/modules/helpers:136:16)
    at B:\mavie\classroom\backend\src\models\index.js:18:19
2025-06-24 15:04:29 [ERROR]: uncaughtException: Unexpected identifier 'status'
B:\mavie\classroom\backend\src\models\InstitutionInstructor.js:28
    status: {
    ^^^^^^

SyntaxError: Unexpected identifier 'status'
    at wrapSafe (node:internal/modules/cjs/loader:1512:18)
    at Module._compile (node:internal/modules/cjs/loader:1534:20)
    at Object..js (node:internal/modules/cjs/loader:1699:10)
    at Module.load (node:internal/modules/cjs/loader:1313:32)
    at Function._load (node:internal/modules/cjs/loader:1123:12)
    at TracingChannel.traceSync (node:diagnostics_channel:322:14)
    at wrapModuleLoad (node:internal/modules/cjs/loader:217:24)
    at Module.require (node:internal/modules/cjs/loader:1335:12)
    at require (node:internal/modules/helpers:136:16)
    at B:\mavie\classroom\backend\src\models\index.js:18:19
2025-06-24 15:04:43 [ERROR]: uncaughtException: Unexpected identifier 'status'
B:\mavie\classroom\backend\src\models\InstitutionInstructor.js:29
    status: {
    ^^^^^^

SyntaxError: Unexpected identifier 'status'
    at wrapSafe (node:internal/modules/cjs/loader:1512:18)
    at Module._compile (node:internal/modules/cjs/loader:1534:20)
    at Object..js (node:internal/modules/cjs/loader:1699:10)
    at Module.load (node:internal/modules/cjs/loader:1313:32)
    at Function._load (node:internal/modules/cjs/loader:1123:12)
    at TracingChannel.traceSync (node:diagnostics_channel:322:14)
    at wrapModuleLoad (node:internal/modules/cjs/loader:217:24)
    at Module.require (node:internal/modules/cjs/loader:1335:12)
    at require (node:internal/modules/helpers:136:16)
    at B:\mavie\classroom\backend\src\models\index.js:18:19
2025-06-24 15:09:27 [ERROR]: uncaughtException: Cannot read properties of undefined (reading 'get')
TypeError: Cannot read properties of undefined (reading 'get')
    at Object.<anonymous> (B:\mavie\classroom\backend\src\routes\institution.routes.js:21:8)
    at Module._compile (node:internal/modules/cjs/loader:1562:14)
    at Object..js (node:internal/modules/cjs/loader:1699:10)
    at Module.load (node:internal/modules/cjs/loader:1313:32)
    at Function._load (node:internal/modules/cjs/loader:1123:12)
    at TracingChannel.traceSync (node:diagnostics_channel:322:14)
    at wrapModuleLoad (node:internal/modules/cjs/loader:217:24)
    at Module.require (node:internal/modules/cjs/loader:1335:12)
    at require (node:internal/modules/helpers:136:16)
    at Object.<anonymous> (B:\mavie\classroom\backend\src\routes\index.js:8:27)
2025-06-24 15:09:31 [ERROR]: uncaughtException: Cannot read properties of undefined (reading 'get')
TypeError: Cannot read properties of undefined (reading 'get')
    at Object.<anonymous> (B:\mavie\classroom\backend\src\routes\institution.routes.js:21:8)
    at Module._compile (node:internal/modules/cjs/loader:1562:14)
    at Object..js (node:internal/modules/cjs/loader:1699:10)
    at Module.load (node:internal/modules/cjs/loader:1313:32)
    at Function._load (node:internal/modules/cjs/loader:1123:12)
    at TracingChannel.traceSync (node:diagnostics_channel:322:14)
    at wrapModuleLoad (node:internal/modules/cjs/loader:217:24)
    at Module.require (node:internal/modules/cjs/loader:1335:12)
    at require (node:internal/modules/helpers:136:16)
    at Object.<anonymous> (B:\mavie\classroom\backend\src\routes\index.js:8:27)
2025-06-24 15:11:52 [ERROR]: uncaughtException: Router.use() requires a middleware function
TypeError: Router.use() requires a middleware function
    at Function.use (B:\mavie\classroom\backend\node_modules\express\lib\router\index.js:462:11)
    at Object.<anonymous> (B:\mavie\classroom\backend\src\routes\institution.routes.js:8:8)
    at Module._compile (node:internal/modules/cjs/loader:1562:14)
    at Object..js (node:internal/modules/cjs/loader:1699:10)
    at Module.load (node:internal/modules/cjs/loader:1313:32)
    at Function._load (node:internal/modules/cjs/loader:1123:12)
    at TracingChannel.traceSync (node:diagnostics_channel:322:14)
    at wrapModuleLoad (node:internal/modules/cjs/loader:217:24)
    at Module.require (node:internal/modules/cjs/loader:1335:12)
    at require (node:internal/modules/helpers:136:16)
2025-06-24 15:13:08 [ERROR]: uncaughtException: missing ) after argument list
B:\mavie\classroom\backend\src\controllers\institution.controller.js:986
    console.error('Erro ao responder convite:', error ins);
                                                ^^^^^

SyntaxError: missing ) after argument list
    at wrapSafe (node:internal/modules/cjs/loader:1512:18)
    at Module._compile (node:internal/modules/cjs/loader:1534:20)
    at Object..js (node:internal/modules/cjs/loader:1699:10)
    at Module.load (node:internal/modules/cjs/loader:1313:32)
    at Function._load (node:internal/modules/cjs/loader:1123:12)
    at TracingChannel.traceSync (node:diagnostics_channel:322:14)
    at wrapModuleLoad (node:internal/modules/cjs/loader:217:24)
    at Module.require (node:internal/modules/cjs/loader:1335:12)
    at require (node:internal/modules/helpers:136:16)
    at Object.<anonymous> (B:\mavie\classroom\backend\src\routes\institution.routes.js:3:31)
2025-06-24 15:13:33 [ERROR]: uncaughtException: missing ) after argument list
B:\mavie\classroom\backend\src\controllers\institution.controller.js:943
    console.error('Erro ao enviar convite:', error ins);
                                             ^^^^^

SyntaxError: missing ) after argument list
    at wrapSafe (node:internal/modules/cjs/loader:1512:18)
    at Module._compile (node:internal/modules/cjs/loader:1534:20)
    at Object..js (node:internal/modules/cjs/loader:1699:10)
    at Module.load (node:internal/modules/cjs/loader:1313:32)
    at Function._load (node:internal/modules/cjs/loader:1123:12)
    at TracingChannel.traceSync (node:diagnostics_channel:322:14)
    at wrapModuleLoad (node:internal/modules/cjs/loader:217:24)
    at Module.require (node:internal/modules/cjs/loader:1335:12)
    at require (node:internal/modules/helpers:136:16)
    at Object.<anonymous> (B:\mavie\classroom\backend\src\routes\institution.routes.js:3:31)
2025-07-17 20:16:36 [ERROR]: uncaughtException: await is only valid in async functions and the top level bodies of modules
B:\mavie\classroom\backend\src\controllers\user.controller.js:959
      const user = await User.findByPk(userId, {
                   ^^^^^

SyntaxError: await is only valid in async functions and the top level bodies of modules
    at wrapSafe (node:internal/modules/cjs/loader:1512:18)
    at Module._compile (node:internal/modules/cjs/loader:1534:20)
    at Object..js (node:internal/modules/cjs/loader:1699:10)
    at Module.load (node:internal/modules/cjs/loader:1313:32)
    at Function._load (node:internal/modules/cjs/loader:1123:12)
    at TracingChannel.traceSync (node:diagnostics_channel:322:14)
    at wrapModuleLoad (node:internal/modules/cjs/loader:217:24)
    at Module.require (node:internal/modules/cjs/loader:1335:12)
    at require (node:internal/modules/helpers:136:16)
    at Object.<anonymous> (B:\mavie\classroom\backend\src\routes\user.routes.js:2:24)
2025-07-26 22:15:38 [ERROR]: uncaughtException: Unexpected token '}'
B:\mavie\classroom\backend\src\constants\constants.js:83
  };
  ^

SyntaxError: Unexpected token '}'
    at wrapSafe (node:internal/modules/cjs/loader:1512:18)
    at Module._compile (node:internal/modules/cjs/loader:1534:20)
    at Object..js (node:internal/modules/cjs/loader:1699:10)
    at Module.load (node:internal/modules/cjs/loader:1313:32)
    at Function._load (node:internal/modules/cjs/loader:1123:12)
    at TracingChannel.traceSync (node:diagnostics_channel:322:14)
    at wrapModuleLoad (node:internal/modules/cjs/loader:217:24)
    at Module.require (node:internal/modules/cjs/loader:1335:12)
    at require (node:internal/modules/helpers:136:16)
    at Object.<anonymous> (B:\mavie\classroom\backend\src\middleware\upload.js:3:47)
2025-07-26 22:25:14 [ERROR]: uncaughtException: require(...) is not a function
TypeError: require(...) is not a function
    at B:\mavie\classroom\backend\src\models\index.js:18:54
    at Array.forEach (<anonymous>)
    at Object.<anonymous> (B:\mavie\classroom\backend\src\models\index.js:17:4)
    at Module._compile (node:internal/modules/cjs/loader:1562:14)
    at Object..js (node:internal/modules/cjs/loader:1699:10)
    at Module.load (node:internal/modules/cjs/loader:1313:32)
    at Function._load (node:internal/modules/cjs/loader:1123:12)
    at TracingChannel.traceSync (node:diagnostics_channel:322:14)
    at wrapModuleLoad (node:internal/modules/cjs/loader:217:24)
    at Module.require (node:internal/modules/cjs/loader:1335:12)
2025-07-26 22:27:21 [ERROR]: uncaughtException: require(...) is not a function
TypeError: require(...) is not a function
    at B:\mavie\classroom\backend\src\models\index.js:18:54
    at Array.forEach (<anonymous>)
    at Object.<anonymous> (B:\mavie\classroom\backend\src\models\index.js:17:4)
    at Module._compile (node:internal/modules/cjs/loader:1562:14)
    at Object..js (node:internal/modules/cjs/loader:1699:10)
    at Module.load (node:internal/modules/cjs/loader:1313:32)
    at Function._load (node:internal/modules/cjs/loader:1123:12)
    at TracingChannel.traceSync (node:diagnostics_channel:322:14)
    at wrapModuleLoad (node:internal/modules/cjs/loader:217:24)
    at Module.require (node:internal/modules/cjs/loader:1335:12)
2025-07-26 22:32:49 [ERROR]: uncaughtException: User.hasMany called with something that's not a subclass of Sequelize.Model
Error: User.hasMany called with something that's not a subclass of Sequelize.Model
    at User.hasMany (B:\mavie\classroom\backend\node_modules\sequelize\lib\associations\mixin.js:13:13)
    at User.associate (B:\mavie\classroom\backend\src\models\User.js:337:10)
    at B:\mavie\classroom\backend\src\models\index.js:26:23
    at Array.forEach (<anonymous>)
    at Object.<anonymous> (B:\mavie\classroom\backend\src\models\index.js:24:21)
    at Module._compile (node:internal/modules/cjs/loader:1562:14)
    at Object..js (node:internal/modules/cjs/loader:1699:10)
    at Module.load (node:internal/modules/cjs/loader:1313:32)
    at Function._load (node:internal/modules/cjs/loader:1123:12)
    at TracingChannel.traceSync (node:diagnostics_channel:322:14)
2025-07-26 22:35:50 [ERROR]: uncaughtException: Cannot find module '../'
Require stack:
- B:\mavie\classroom\backend\src\controllers\auth.controller.js
- B:\mavie\classroom\backend\src\routes\auth.routes.js
- B:\mavie\classroom\backend\src\routes\index.js
- B:\mavie\classroom\backend\server.js
Error: Cannot find module '../'
Require stack:
- B:\mavie\classroom\backend\src\controllers\auth.controller.js
- B:\mavie\classroom\backend\src\routes\auth.routes.js
- B:\mavie\classroom\backend\src\routes\index.js
- B:\mavie\classroom\backend\server.js
    at Function._resolveFilename (node:internal/modules/cjs/loader:1244:15)
    at Function._load (node:internal/modules/cjs/loader:1070:27)
    at TracingChannel.traceSync (node:diagnostics_channel:322:14)
    at wrapModuleLoad (node:internal/modules/cjs/loader:217:24)
    at Module.require (node:internal/modules/cjs/loader:1335:12)
    at require (node:internal/modules/helpers:136:16)
    at Object.<anonymous> (B:\mavie\classroom\backend\src\controllers\auth.controller.js:8:14)
    at Module._compile (node:internal/modules/cjs/loader:1562:14)
    at Object..js (node:internal/modules/cjs/loader:1699:10)
    at Module.load (node:internal/modules/cjs/loader:1313:32)
2025-07-26 22:35:54 [ERROR]: uncaughtException: Cannot find module '../services/'
Require stack:
- B:\mavie\classroom\backend\src\controllers\auth.controller.js
- B:\mavie\classroom\backend\src\routes\auth.routes.js
- B:\mavie\classroom\backend\src\routes\index.js
- B:\mavie\classroom\backend\server.js
Error: Cannot find module '../services/'
Require stack:
- B:\mavie\classroom\backend\src\controllers\auth.controller.js
- B:\mavie\classroom\backend\src\routes\auth.routes.js
- B:\mavie\classroom\backend\src\routes\index.js
- B:\mavie\classroom\backend\server.js
    at Function._resolveFilename (node:internal/modules/cjs/loader:1244:15)
    at Function._load (node:internal/modules/cjs/loader:1070:27)
    at TracingChannel.traceSync (node:diagnostics_channel:322:14)
    at wrapModuleLoad (node:internal/modules/cjs/loader:217:24)
    at Module.require (node:internal/modules/cjs/loader:1335:12)
    at require (node:internal/modules/helpers:136:16)
    at Object.<anonymous> (B:\mavie\classroom\backend\src\controllers\auth.controller.js:8:14)
    at Module._compile (node:internal/modules/cjs/loader:1562:14)
    at Object..js (node:internal/modules/cjs/loader:1699:10)
    at Module.load (node:internal/modules/cjs/loader:1313:32)
2025-07-26 22:45:11 [ERROR]: uncaughtException: Unexpected identifier 'verifyTempToken'
B:\mavie\classroom\backend\src\controllers\auth.controller.js:87
    verifyTempToken: async (req, res, next) => {
    ^^^^^^^^^^^^^^^

SyntaxError: Unexpected identifier 'verifyTempToken'
    at wrapSafe (node:internal/modules/cjs/loader:1512:18)
    at Module._compile (node:internal/modules/cjs/loader:1534:20)
    at Object..js (node:internal/modules/cjs/loader:1699:10)
    at Module.load (node:internal/modules/cjs/loader:1313:32)
    at Function._load (node:internal/modules/cjs/loader:1123:12)
    at TracingChannel.traceSync (node:diagnostics_channel:322:14)
    at wrapModuleLoad (node:internal/modules/cjs/loader:217:24)
    at Module.require (node:internal/modules/cjs/loader:1335:12)
    at require (node:internal/modules/helpers:136:16)
    at Object.<anonymous> (B:\mavie\classroom\backend\src\routes\auth.routes.js:11:24)
2025-07-26 22:45:15 [ERROR]: uncaughtException: Unexpected identifier 'verifyTempToken'
B:\mavie\classroom\backend\src\controllers\auth.controller.js:87
    verifyTempToken: async (req, res, next) => {
    ^^^^^^^^^^^^^^^

SyntaxError: Unexpected identifier 'verifyTempToken'
    at wrapSafe (node:internal/modules/cjs/loader:1512:18)
    at Module._compile (node:internal/modules/cjs/loader:1534:20)
    at Object..js (node:internal/modules/cjs/loader:1699:10)
    at Module.load (node:internal/modules/cjs/loader:1313:32)
    at Function._load (node:internal/modules/cjs/loader:1123:12)
    at TracingChannel.traceSync (node:diagnostics_channel:322:14)
    at wrapModuleLoad (node:internal/modules/cjs/loader:217:24)
    at Module.require (node:internal/modules/cjs/loader:1335:12)
    at require (node:internal/modules/helpers:136:16)
    at Object.<anonymous> (B:\mavie\classroom\backend\src\routes\auth.routes.js:11:24)
2025-07-26 22:45:20 [ERROR]: uncaughtException: Unexpected identifier 'verifyTempToken'
B:\mavie\classroom\backend\src\controllers\auth.controller.js:87
    verifyTempToken: async (req, res, next) => {
    ^^^^^^^^^^^^^^^

SyntaxError: Unexpected identifier 'verifyTempToken'
    at wrapSafe (node:internal/modules/cjs/loader:1512:18)
    at Module._compile (node:internal/modules/cjs/loader:1534:20)
    at Object..js (node:internal/modules/cjs/loader:1699:10)
    at Module.load (node:internal/modules/cjs/loader:1313:32)
    at Function._load (node:internal/modules/cjs/loader:1123:12)
    at TracingChannel.traceSync (node:diagnostics_channel:322:14)
    at wrapModuleLoad (node:internal/modules/cjs/loader:217:24)
    at Module.require (node:internal/modules/cjs/loader:1335:12)
    at require (node:internal/modules/helpers:136:16)
    at Object.<anonymous> (B:\mavie\classroom\backend\src\routes\auth.routes.js:11:24)
2025-07-26 22:45:27 [ERROR]: uncaughtException: Unexpected identifier 'verifyTempToken'
B:\mavie\classroom\backend\src\controllers\auth.controller.js:89
    verifyTempToken: async (req, res, next) => {
    ^^^^^^^^^^^^^^^

SyntaxError: Unexpected identifier 'verifyTempToken'
    at wrapSafe (node:internal/modules/cjs/loader:1512:18)
    at Module._compile (node:internal/modules/cjs/loader:1534:20)
    at Object..js (node:internal/modules/cjs/loader:1699:10)
    at Module.load (node:internal/modules/cjs/loader:1313:32)
    at Function._load (node:internal/modules/cjs/loader:1123:12)
    at TracingChannel.traceSync (node:diagnostics_channel:322:14)
    at wrapModuleLoad (node:internal/modules/cjs/loader:217:24)
    at Module.require (node:internal/modules/cjs/loader:1335:12)
    at require (node:internal/modules/helpers:136:16)
    at Object.<anonymous> (B:\mavie\classroom\backend\src\routes\auth.routes.js:11:24)
2025-07-26 22:45:32 [ERROR]: uncaughtException: Unexpected identifier 'verifyTempToken'
B:\mavie\classroom\backend\src\controllers\auth.controller.js:145
    verifyTempToken: async (req, res, next) => {
    ^^^^^^^^^^^^^^^

SyntaxError: Unexpected identifier 'verifyTempToken'
    at wrapSafe (node:internal/modules/cjs/loader:1512:18)
    at Module._compile (node:internal/modules/cjs/loader:1534:20)
    at Object..js (node:internal/modules/cjs/loader:1699:10)
    at Module.load (node:internal/modules/cjs/loader:1313:32)
    at Function._load (node:internal/modules/cjs/loader:1123:12)
    at TracingChannel.traceSync (node:diagnostics_channel:322:14)
    at wrapModuleLoad (node:internal/modules/cjs/loader:217:24)
    at Module.require (node:internal/modules/cjs/loader:1335:12)
    at require (node:internal/modules/helpers:136:16)
    at Object.<anonymous> (B:\mavie\classroom\backend\src\routes\auth.routes.js:11:24)
2025-07-26 22:45:38 [ERROR]: uncaughtException: Unexpected identifier 'verifyTempToken'
B:\mavie\classroom\backend\src\controllers\auth.controller.js:145
    verifyTempToken: async (req, res, next) => {
    ^^^^^^^^^^^^^^^

SyntaxError: Unexpected identifier 'verifyTempToken'
    at wrapSafe (node:internal/modules/cjs/loader:1512:18)
    at Module._compile (node:internal/modules/cjs/loader:1534:20)
    at Object..js (node:internal/modules/cjs/loader:1699:10)
    at Module.load (node:internal/modules/cjs/loader:1313:32)
    at Function._load (node:internal/modules/cjs/loader:1123:12)
    at TracingChannel.traceSync (node:diagnostics_channel:322:14)
    at wrapModuleLoad (node:internal/modules/cjs/loader:217:24)
    at Module.require (node:internal/modules/cjs/loader:1335:12)
    at require (node:internal/modules/helpers:136:16)
    at Object.<anonymous> (B:\mavie\classroom\backend\src\routes\auth.routes.js:11:24)
2025-07-27 06:07:49 [ERROR]: uncaughtException: Missing catch or finally after try
B:\mavie\classroom\backend\src\controllers\auth.controller.js:127
            });
            ^

SyntaxError: Missing catch or finally after try
    at wrapSafe (node:internal/modules/cjs/loader:1512:18)
    at Module._compile (node:internal/modules/cjs/loader:1534:20)
    at Object..js (node:internal/modules/cjs/loader:1699:10)
    at Module.load (node:internal/modules/cjs/loader:1313:32)
    at Function._load (node:internal/modules/cjs/loader:1123:12)
    at TracingChannel.traceSync (node:diagnostics_channel:322:14)
    at wrapModuleLoad (node:internal/modules/cjs/loader:217:24)
    at Module.require (node:internal/modules/cjs/loader:1335:12)
    at require (node:internal/modules/helpers:136:16)
    at Object.<anonymous> (B:\mavie\classroom\backend\src\routes\auth.routes.js:11:24)
2025-07-27 06:10:27 [ERROR]: uncaughtException: Unexpected token ':'
B:\mavie\classroom\backend\src\controllers\auth.controller.js:215
                ipAddress: tempUser.ipAddress
                         ^

SyntaxError: Unexpected token ':'
    at wrapSafe (node:internal/modules/cjs/loader:1512:18)
    at Module._compile (node:internal/modules/cjs/loader:1534:20)
    at Object..js (node:internal/modules/cjs/loader:1699:10)
    at Module.load (node:internal/modules/cjs/loader:1313:32)
    at Function._load (node:internal/modules/cjs/loader:1123:12)
    at TracingChannel.traceSync (node:diagnostics_channel:322:14)
    at wrapModuleLoad (node:internal/modules/cjs/loader:217:24)
    at Module.require (node:internal/modules/cjs/loader:1335:12)
    at require (node:internal/modules/helpers:136:16)
    at Object.<anonymous> (B:\mavie\classroom\backend\src\routes\auth.routes.js:11:24)
2025-07-27 06:33:43 [ERROR]: uncaughtException: Missing initializer in destructuring declaration
B:\mavie\classroom\backend\src\controllers\auth.controller.js:8
const {  }
      ^^^^

SyntaxError: Missing initializer in destructuring declaration
    at wrapSafe (node:internal/modules/cjs/loader:1512:18)
    at Module._compile (node:internal/modules/cjs/loader:1534:20)
    at Object..js (node:internal/modules/cjs/loader:1699:10)
    at Module.load (node:internal/modules/cjs/loader:1313:32)
    at Function._load (node:internal/modules/cjs/loader:1123:12)
    at TracingChannel.traceSync (node:diagnostics_channel:322:14)
    at wrapModuleLoad (node:internal/modules/cjs/loader:217:24)
    at Module.require (node:internal/modules/cjs/loader:1335:12)
    at require (node:internal/modules/helpers:136:16)
    at Object.<anonymous> (B:\mavie\classroom\backend\src\routes\auth.routes.js:11:24)
2025-07-27 06:34:04 [ERROR]: uncaughtException: Missing initializer in const declaration
B:\mavie\classroom\backend\src\controllers\auth.controller.js:8
const noti
      ^^^^

SyntaxError: Missing initializer in const declaration
    at wrapSafe (node:internal/modules/cjs/loader:1512:18)
    at Module._compile (node:internal/modules/cjs/loader:1534:20)
    at Object..js (node:internal/modules/cjs/loader:1699:10)
    at Module.load (node:internal/modules/cjs/loader:1313:32)
    at Function._load (node:internal/modules/cjs/loader:1123:12)
    at TracingChannel.traceSync (node:diagnostics_channel:322:14)
    at wrapModuleLoad (node:internal/modules/cjs/loader:217:24)
    at Module.require (node:internal/modules/cjs/loader:1335:12)
    at require (node:internal/modules/helpers:136:16)
    at Object.<anonymous> (B:\mavie\classroom\backend\src\routes\auth.routes.js:11:24)
2025-07-27 06:34:08 [ERROR]: uncaughtException: Missing initializer in const declaration
B:\mavie\classroom\backend\src\controllers\auth.controller.js:8
const NotificationService
      ^^^^^^^^^^^^^^^^^^^

SyntaxError: Missing initializer in const declaration
    at wrapSafe (node:internal/modules/cjs/loader:1512:18)
    at Module._compile (node:internal/modules/cjs/loader:1534:20)
    at Object..js (node:internal/modules/cjs/loader:1699:10)
    at Module.load (node:internal/modules/cjs/loader:1313:32)
    at Function._load (node:internal/modules/cjs/loader:1123:12)
    at TracingChannel.traceSync (node:diagnostics_channel:322:14)
    at wrapModuleLoad (node:internal/modules/cjs/loader:217:24)
    at Module.require (node:internal/modules/cjs/loader:1335:12)
    at require (node:internal/modules/helpers:136:16)
    at Object.<anonymous> (B:\mavie\classroom\backend\src\routes\auth.routes.js:11:24)
2025-07-27 06:34:12 [ERROR]: uncaughtException: Missing initializer in const declaration
B:\mavie\classroom\backend\src\controllers\auth.controller.js:8
const notificationService
      ^^^^^^^^^^^^^^^^^^^

SyntaxError: Missing initializer in const declaration
    at wrapSafe (node:internal/modules/cjs/loader:1512:18)
    at Module._compile (node:internal/modules/cjs/loader:1534:20)
    at Object..js (node:internal/modules/cjs/loader:1699:10)
    at Module.load (node:internal/modules/cjs/loader:1313:32)
    at Function._load (node:internal/modules/cjs/loader:1123:12)
    at TracingChannel.traceSync (node:diagnostics_channel:322:14)
    at wrapModuleLoad (node:internal/modules/cjs/loader:217:24)
    at Module.require (node:internal/modules/cjs/loader:1335:12)
    at require (node:internal/modules/helpers:136:16)
    at Object.<anonymous> (B:\mavie\classroom\backend\src\routes\auth.routes.js:11:24)
2025-07-27 06:34:20 [ERROR]: uncaughtException: Cannot find module '../'
Require stack:
- B:\mavie\classroom\backend\src\controllers\auth.controller.js
- B:\mavie\classroom\backend\src\routes\auth.routes.js
- B:\mavie\classroom\backend\src\routes\index.js
- B:\mavie\classroom\backend\server.js
Error: Cannot find module '../'
Require stack:
- B:\mavie\classroom\backend\src\controllers\auth.controller.js
- B:\mavie\classroom\backend\src\routes\auth.routes.js
- B:\mavie\classroom\backend\src\routes\index.js
- B:\mavie\classroom\backend\server.js
    at Function._resolveFilename (node:internal/modules/cjs/loader:1244:15)
    at Function._load (node:internal/modules/cjs/loader:1070:27)
    at TracingChannel.traceSync (node:diagnostics_channel:322:14)
    at wrapModuleLoad (node:internal/modules/cjs/loader:217:24)
    at Module.require (node:internal/modules/cjs/loader:1335:12)
    at require (node:internal/modules/helpers:136:16)
    at Object.<anonymous> (B:\mavie\classroom\backend\src\controllers\auth.controller.js:8:29)
    at Module._compile (node:internal/modules/cjs/loader:1562:14)
    at Object..js (node:internal/modules/cjs/loader:1699:10)
    at Module.load (node:internal/modules/cjs/loader:1313:32)
2025-07-27 06:34:36 [ERROR]: uncaughtException: Cannot find module '../services/'
Require stack:
- B:\mavie\classroom\backend\src\controllers\auth.controller.js
- B:\mavie\classroom\backend\src\routes\auth.routes.js
- B:\mavie\classroom\backend\src\routes\index.js
- B:\mavie\classroom\backend\server.js
Error: Cannot find module '../services/'
Require stack:
- B:\mavie\classroom\backend\src\controllers\auth.controller.js
- B:\mavie\classroom\backend\src\routes\auth.routes.js
- B:\mavie\classroom\backend\src\routes\index.js
- B:\mavie\classroom\backend\server.js
    at Function._resolveFilename (node:internal/modules/cjs/loader:1244:15)
    at Function._load (node:internal/modules/cjs/loader:1070:27)
    at TracingChannel.traceSync (node:diagnostics_channel:322:14)
    at wrapModuleLoad (node:internal/modules/cjs/loader:217:24)
    at Module.require (node:internal/modules/cjs/loader:1335:12)
    at require (node:internal/modules/helpers:136:16)
    at Object.<anonymous> (B:\mavie\classroom\backend\src\controllers\auth.controller.js:8:29)
    at Module._compile (node:internal/modules/cjs/loader:1562:14)
    at Object..js (node:internal/modules/cjs/loader:1699:10)
    at Module.load (node:internal/modules/cjs/loader:1313:32)
2025-07-27 07:15:06 [ERROR]: uncaughtException: Unexpected token ':'
B:\mavie\classroom\backend\src\services\notification.service.js:3086
    EVENT_UPDATED: () => ({
                 ^

SyntaxError: Unexpected token ':'
    at wrapSafe (node:internal/modules/cjs/loader:1512:18)
    at Module._compile (node:internal/modules/cjs/loader:1534:20)
    at Object..js (node:internal/modules/cjs/loader:1699:10)
    at Module.load (node:internal/modules/cjs/loader:1313:32)
    at Function._load (node:internal/modules/cjs/loader:1123:12)
    at TracingChannel.traceSync (node:diagnostics_channel:322:14)
    at wrapModuleLoad (node:internal/modules/cjs/loader:217:24)
    at Module.require (node:internal/modules/cjs/loader:1335:12)
    at require (node:internal/modules/helpers:136:16)
    at Object.<anonymous> (B:\mavie\classroom\backend\src\controllers\auth.controller.js:8:29)
2025-07-27 07:15:12 [ERROR]: uncaughtException: Missing initializer in const declaration
B:\mavie\classroom\backend\src\services\notification.service.js:3077
    EVENT_CREATED: () => ({
    ^^^^^^^^^^^^^

SyntaxError: Missing initializer in const declaration
    at wrapSafe (node:internal/modules/cjs/loader:1512:18)
    at Module._compile (node:internal/modules/cjs/loader:1534:20)
    at Object..js (node:internal/modules/cjs/loader:1699:10)
    at Module.load (node:internal/modules/cjs/loader:1313:32)
    at Function._load (node:internal/modules/cjs/loader:1123:12)
    at TracingChannel.traceSync (node:diagnostics_channel:322:14)
    at wrapModuleLoad (node:internal/modules/cjs/loader:217:24)
    at Module.require (node:internal/modules/cjs/loader:1335:12)
    at require (node:internal/modules/helpers:136:16)
    at Object.<anonymous> (B:\mavie\classroom\backend\src\controllers\auth.controller.js:8:29)
2025-07-27 07:45:18 [ERROR]: uncaughtException: Missing catch or finally after try
B:\mavie\classroom\backend\src\controllers\auth.controller.js:295
            });
            ^

SyntaxError: Missing catch or finally after try
    at wrapSafe (node:internal/modules/cjs/loader:1512:18)
    at Module._compile (node:internal/modules/cjs/loader:1534:20)
    at Object..js (node:internal/modules/cjs/loader:1699:10)
    at Module.load (node:internal/modules/cjs/loader:1313:32)
    at Function._load (node:internal/modules/cjs/loader:1123:12)
    at TracingChannel.traceSync (node:diagnostics_channel:322:14)
    at wrapModuleLoad (node:internal/modules/cjs/loader:217:24)
    at Module.require (node:internal/modules/cjs/loader:1335:12)
    at require (node:internal/modules/helpers:136:16)
    at Object.<anonymous> (B:\mavie\classroom\backend\src\routes\auth.routes.js:11:24)
2025-07-28 09:56:57 [ERROR]: uncaughtException: Cannot find module '../'
Require stack:
- B:\mavie\classroom\backend\src\routes\auth.routes.js
- B:\mavie\classroom\backend\src\routes\index.js
- B:\mavie\classroom\backend\server.js
Error: Cannot find module '../'
Require stack:
- B:\mavie\classroom\backend\src\routes\auth.routes.js
- B:\mavie\classroom\backend\src\routes\index.js
- B:\mavie\classroom\backend\server.js
    at Function._resolveFilename (node:internal/modules/cjs/loader:1244:15)
    at Function._load (node:internal/modules/cjs/loader:1070:27)
    at TracingChannel.traceSync (node:diagnostics_channel:322:14)
    at wrapModuleLoad (node:internal/modules/cjs/loader:217:24)
    at Module.require (node:internal/modules/cjs/loader:1335:12)
    at require (node:internal/modules/helpers:136:16)
    at Object.<anonymous> (B:\mavie\classroom\backend\src\routes\auth.routes.js:11:14)
    at Module._compile (node:internal/modules/cjs/loader:1562:14)
    at Object..js (node:internal/modules/cjs/loader:1699:10)
    at Module.load (node:internal/modules/cjs/loader:1313:32)
2025-07-28 09:57:11 [ERROR]: uncaughtException: Cannot find module '../utils/'
Require stack:
- B:\mavie\classroom\backend\src\routes\auth.routes.js
- B:\mavie\classroom\backend\src\routes\index.js
- B:\mavie\classroom\backend\server.js
Error: Cannot find module '../utils/'
Require stack:
- B:\mavie\classroom\backend\src\routes\auth.routes.js
- B:\mavie\classroom\backend\src\routes\index.js
- B:\mavie\classroom\backend\server.js
    at Function._resolveFilename (node:internal/modules/cjs/loader:1244:15)
    at Function._load (node:internal/modules/cjs/loader:1070:27)
    at TracingChannel.traceSync (node:diagnostics_channel:322:14)
    at wrapModuleLoad (node:internal/modules/cjs/loader:217:24)
    at Module.require (node:internal/modules/cjs/loader:1335:12)
    at require (node:internal/modules/helpers:136:16)
    at Object.<anonymous> (B:\mavie\classroom\backend\src\routes\auth.routes.js:11:14)
    at Module._compile (node:internal/modules/cjs/loader:1562:14)
    at Object..js (node:internal/modules/cjs/loader:1699:10)
    at Module.load (node:internal/modules/cjs/loader:1313:32)
2025-07-28 09:57:14 [ERROR]: uncaughtException: Cannot find module '../'
Require stack:
- B:\mavie\classroom\backend\src\routes\auth.routes.js
- B:\mavie\classroom\backend\src\routes\index.js
- B:\mavie\classroom\backend\server.js
Error: Cannot find module '../'
Require stack:
- B:\mavie\classroom\backend\src\routes\auth.routes.js
- B:\mavie\classroom\backend\src\routes\index.js
- B:\mavie\classroom\backend\server.js
    at Function._resolveFilename (node:internal/modules/cjs/loader:1244:15)
    at Function._load (node:internal/modules/cjs/loader:1070:27)
    at TracingChannel.traceSync (node:diagnostics_channel:322:14)
    at wrapModuleLoad (node:internal/modules/cjs/loader:217:24)
    at Module.require (node:internal/modules/cjs/loader:1335:12)
    at require (node:internal/modules/helpers:136:16)
    at Object.<anonymous> (B:\mavie\classroom\backend\src\routes\auth.routes.js:11:14)
    at Module._compile (node:internal/modules/cjs/loader:1562:14)
    at Object..js (node:internal/modules/cjs/loader:1699:10)
    at Module.load (node:internal/modules/cjs/loader:1313:32)
2025-07-28 09:57:22 [ERROR]: uncaughtException: Cannot find module '../services/u'
Require stack:
- B:\mavie\classroom\backend\src\routes\auth.routes.js
- B:\mavie\classroom\backend\src\routes\index.js
- B:\mavie\classroom\backend\server.js
Error: Cannot find module '../services/u'
Require stack:
- B:\mavie\classroom\backend\src\routes\auth.routes.js
- B:\mavie\classroom\backend\src\routes\index.js
- B:\mavie\classroom\backend\server.js
    at Function._resolveFilename (node:internal/modules/cjs/loader:1244:15)
    at Function._load (node:internal/modules/cjs/loader:1070:27)
    at TracingChannel.traceSync (node:diagnostics_channel:322:14)
    at wrapModuleLoad (node:internal/modules/cjs/loader:217:24)
    at Module.require (node:internal/modules/cjs/loader:1335:12)
    at require (node:internal/modules/helpers:136:16)
    at Object.<anonymous> (B:\mavie\classroom\backend\src\routes\auth.routes.js:11:14)
    at Module._compile (node:internal/modules/cjs/loader:1562:14)
    at Object..js (node:internal/modules/cjs/loader:1699:10)
    at Module.load (node:internal/modules/cjs/loader:1313:32)
2025-07-28 09:57:24 [ERROR]: uncaughtException: Cannot find module '../'
Require stack:
- B:\mavie\classroom\backend\src\routes\auth.routes.js
- B:\mavie\classroom\backend\src\routes\index.js
- B:\mavie\classroom\backend\server.js
Error: Cannot find module '../'
Require stack:
- B:\mavie\classroom\backend\src\routes\auth.routes.js
- B:\mavie\classroom\backend\src\routes\index.js
- B:\mavie\classroom\backend\server.js
    at Function._resolveFilename (node:internal/modules/cjs/loader:1244:15)
    at Function._load (node:internal/modules/cjs/loader:1070:27)
    at TracingChannel.traceSync (node:diagnostics_channel:322:14)
    at wrapModuleLoad (node:internal/modules/cjs/loader:217:24)
    at Module.require (node:internal/modules/cjs/loader:1335:12)
    at require (node:internal/modules/helpers:136:16)
    at Object.<anonymous> (B:\mavie\classroom\backend\src\routes\auth.routes.js:11:14)
    at Module._compile (node:internal/modules/cjs/loader:1562:14)
    at Object..js (node:internal/modules/cjs/loader:1699:10)
    at Module.load (node:internal/modules/cjs/loader:1313:32)
2025-07-28 09:57:36 [ERROR]: uncaughtException: Cannot find module '../middleware/'
Require stack:
- B:\mavie\classroom\backend\src\routes\auth.routes.js
- B:\mavie\classroom\backend\src\routes\index.js
- B:\mavie\classroom\backend\server.js
Error: Cannot find module '../middleware/'
Require stack:
- B:\mavie\classroom\backend\src\routes\auth.routes.js
- B:\mavie\classroom\backend\src\routes\index.js
- B:\mavie\classroom\backend\server.js
    at Function._resolveFilename (node:internal/modules/cjs/loader:1244:15)
    at Function._load (node:internal/modules/cjs/loader:1070:27)
    at TracingChannel.traceSync (node:diagnostics_channel:322:14)
    at wrapModuleLoad (node:internal/modules/cjs/loader:217:24)
    at Module.require (node:internal/modules/cjs/loader:1335:12)
    at require (node:internal/modules/helpers:136:16)
    at Object.<anonymous> (B:\mavie\classroom\backend\src\routes\auth.routes.js:11:14)
    at Module._compile (node:internal/modules/cjs/loader:1562:14)
    at Object..js (node:internal/modules/cjs/loader:1699:10)
    at Module.load (node:internal/modules/cjs/loader:1313:32)
2025-07-28 10:01:42 [ERROR]: uncaughtException: Unexpected identifier 'verifyTempToken'
B:\mavie\classroom\backend\src\controllers\auth.controller.js:163
    verifyTempToken: async (req, res, next) => {
    ^^^^^^^^^^^^^^^

SyntaxError: Unexpected identifier 'verifyTempToken'
    at wrapSafe (node:internal/modules/cjs/loader:1512:18)
    at Module._compile (node:internal/modules/cjs/loader:1534:20)
    at Object..js (node:internal/modules/cjs/loader:1699:10)
    at Module.load (node:internal/modules/cjs/loader:1313:32)
    at Function._load (node:internal/modules/cjs/loader:1123:12)
    at TracingChannel.traceSync (node:diagnostics_channel:322:14)
    at wrapModuleLoad (node:internal/modules/cjs/loader:217:24)
    at Module.require (node:internal/modules/cjs/loader:1335:12)
    at require (node:internal/modules/helpers:136:16)
    at Object.<anonymous> (B:\mavie\classroom\backend\src\routes\auth.routes.js:13:24)
2025-07-28 10:41:16 [ERROR]: uncaughtException: Missing initializer in const declaration
B:\mavie\classroom\backend\src\controllers\auth.controller.js:7
const path
      ^^^^

SyntaxError: Missing initializer in const declaration
    at wrapSafe (node:internal/modules/cjs/loader:1512:18)
    at Module._compile (node:internal/modules/cjs/loader:1534:20)
    at Object..js (node:internal/modules/cjs/loader:1699:10)
    at Module.load (node:internal/modules/cjs/loader:1313:32)
    at Function._load (node:internal/modules/cjs/loader:1123:12)
    at TracingChannel.traceSync (node:diagnostics_channel:322:14)
    at wrapModuleLoad (node:internal/modules/cjs/loader:217:24)
    at Module.require (node:internal/modules/cjs/loader:1335:12)
    at require (node:internal/modules/helpers:136:16)
    at Object.<anonymous> (B:\mavie\classroom\backend\src\routes\auth.routes.js:13:24)
2025-07-28 11:45:18 [ERROR]: uncaughtException: Missing catch or finally after try
B:\mavie\classroom\backend\src\controllers\auth.controller.js:132
                        }
                        ^

SyntaxError: Missing catch or finally after try
    at wrapSafe (node:internal/modules/cjs/loader:1512:18)
    at Module._compile (node:internal/modules/cjs/loader:1534:20)
    at Object..js (node:internal/modules/cjs/loader:1699:10)
    at Module.load (node:internal/modules/cjs/loader:1313:32)
    at Function._load (node:internal/modules/cjs/loader:1123:12)
    at TracingChannel.traceSync (node:diagnostics_channel:322:14)
    at wrapModuleLoad (node:internal/modules/cjs/loader:217:24)
    at Module.require (node:internal/modules/cjs/loader:1335:12)
    at require (node:internal/modules/helpers:136:16)
    at Object.<anonymous> (B:\mavie\classroom\backend\src\routes\auth.routes.js:13:24)
2025-07-28 11:45:27 [ERROR]: uncaughtException: Missing catch or finally after try
B:\mavie\classroom\backend\src\controllers\auth.controller.js:132
                        }
                        ^

SyntaxError: Missing catch or finally after try
    at wrapSafe (node:internal/modules/cjs/loader:1512:18)
    at Module._compile (node:internal/modules/cjs/loader:1534:20)
    at Object..js (node:internal/modules/cjs/loader:1699:10)
    at Module.load (node:internal/modules/cjs/loader:1313:32)
    at Function._load (node:internal/modules/cjs/loader:1123:12)
    at TracingChannel.traceSync (node:diagnostics_channel:322:14)
    at wrapModuleLoad (node:internal/modules/cjs/loader:217:24)
    at Module.require (node:internal/modules/cjs/loader:1335:12)
    at require (node:internal/modules/helpers:136:16)
    at Object.<anonymous> (B:\mavie\classroom\backend\src\routes\auth.routes.js:13:24)
2025-07-28 11:45:33 [ERROR]: uncaughtException: Missing catch or finally after try
B:\mavie\classroom\backend\src\controllers\auth.controller.js:132
                        }
                        ^

SyntaxError: Missing catch or finally after try
    at wrapSafe (node:internal/modules/cjs/loader:1512:18)
    at Module._compile (node:internal/modules/cjs/loader:1534:20)
    at Object..js (node:internal/modules/cjs/loader:1699:10)
    at Module.load (node:internal/modules/cjs/loader:1313:32)
    at Function._load (node:internal/modules/cjs/loader:1123:12)
    at TracingChannel.traceSync (node:diagnostics_channel:322:14)
    at wrapModuleLoad (node:internal/modules/cjs/loader:217:24)
    at Module.require (node:internal/modules/cjs/loader:1335:12)
    at require (node:internal/modules/helpers:136:16)
    at Object.<anonymous> (B:\mavie\classroom\backend\src\routes\auth.routes.js:13:24)
2025-07-28 11:45:51 [ERROR]: uncaughtException: Missing catch or finally after try
B:\mavie\classroom\backend\src\controllers\auth.controller.js:132
                        }
                        ^

SyntaxError: Missing catch or finally after try
    at wrapSafe (node:internal/modules/cjs/loader:1512:18)
    at Module._compile (node:internal/modules/cjs/loader:1534:20)
    at Object..js (node:internal/modules/cjs/loader:1699:10)
    at Module.load (node:internal/modules/cjs/loader:1313:32)
    at Function._load (node:internal/modules/cjs/loader:1123:12)
    at TracingChannel.traceSync (node:diagnostics_channel:322:14)
    at wrapModuleLoad (node:internal/modules/cjs/loader:217:24)
    at Module.require (node:internal/modules/cjs/loader:1335:12)
    at require (node:internal/modules/helpers:136:16)
    at Object.<anonymous> (B:\mavie\classroom\backend\src\routes\auth.routes.js:13:24)
2025-07-28 11:46:09 [ERROR]: uncaughtException: Missing catch or finally after try
B:\mavie\classroom\backend\src\controllers\auth.controller.js:132
                        }
                        ^

SyntaxError: Missing catch or finally after try
    at wrapSafe (node:internal/modules/cjs/loader:1512:18)
    at Module._compile (node:internal/modules/cjs/loader:1534:20)
    at Object..js (node:internal/modules/cjs/loader:1699:10)
    at Module.load (node:internal/modules/cjs/loader:1313:32)
    at Function._load (node:internal/modules/cjs/loader:1123:12)
    at TracingChannel.traceSync (node:diagnostics_channel:322:14)
    at wrapModuleLoad (node:internal/modules/cjs/loader:217:24)
    at Module.require (node:internal/modules/cjs/loader:1335:12)
    at require (node:internal/modules/helpers:136:16)
    at Object.<anonymous> (B:\mavie\classroom\backend\src\routes\auth.routes.js:13:24)
2025-07-28 13:42:27 [ERROR]: uncaughtException: Transaction cannot be rolled back because it has been finished with state: rollback
Error: Transaction cannot be rolled back because it has been finished with state: rollback
    at Transaction.rollback (B:\mavie\classroom\backend\node_modules\sequelize\lib\transaction.js:59:13)
    at registerLastStep (B:\mavie\classroom\backend\src\controllers\auth.controller.js:364:25)
    at process.processTicksAndRejections (node:internal/process/task_queues:105:5)
2025-07-28 13:47:57 [ERROR]: uncaughtException: Missing initializer in const declaration
B:\mavie\classroom\backend\src\controllers\auth.controller.js:416
    completeProfile: async (req, res, next) => {
    ^^^^^^^^^^^^^^^

SyntaxError: Missing initializer in const declaration
    at wrapSafe (node:internal/modules/cjs/loader:1512:18)
    at Module._compile (node:internal/modules/cjs/loader:1534:20)
    at Object..js (node:internal/modules/cjs/loader:1699:10)
    at Module.load (node:internal/modules/cjs/loader:1313:32)
    at Function._load (node:internal/modules/cjs/loader:1123:12)
    at TracingChannel.traceSync (node:diagnostics_channel:322:14)
    at wrapModuleLoad (node:internal/modules/cjs/loader:217:24)
    at Module.require (node:internal/modules/cjs/loader:1335:12)
    at require (node:internal/modules/helpers:136:16)
    at Object.<anonymous> (B:\mavie\classroom\backend\src\routes\auth.routes.js:13:24)
2025-07-28 13:48:02 [ERROR]: uncaughtException: Missing initializer in const declaration
B:\mavie\classroom\backend\src\controllers\auth.controller.js:416
    completeProfile: async (req, res, next) => {
    ^^^^^^^^^^^^^^^

SyntaxError: Missing initializer in const declaration
    at wrapSafe (node:internal/modules/cjs/loader:1512:18)
    at Module._compile (node:internal/modules/cjs/loader:1534:20)
    at Object..js (node:internal/modules/cjs/loader:1699:10)
    at Module.load (node:internal/modules/cjs/loader:1313:32)
    at Function._load (node:internal/modules/cjs/loader:1123:12)
    at TracingChannel.traceSync (node:diagnostics_channel:322:14)
    at wrapModuleLoad (node:internal/modules/cjs/loader:217:24)
    at Module.require (node:internal/modules/cjs/loader:1335:12)
    at require (node:internal/modules/helpers:136:16)
    at Object.<anonymous> (B:\mavie\classroom\backend\src\routes\auth.routes.js:13:24)
2025-07-28 13:48:07 [ERROR]: uncaughtException: Missing initializer in const declaration
B:\mavie\classroom\backend\src\controllers\auth.controller.js:416
    completeProfile: async (req, res, next) => {
    ^^^^^^^^^^^^^^^

SyntaxError: Missing initializer in const declaration
    at wrapSafe (node:internal/modules/cjs/loader:1512:18)
    at Module._compile (node:internal/modules/cjs/loader:1534:20)
    at Object..js (node:internal/modules/cjs/loader:1699:10)
    at Module.load (node:internal/modules/cjs/loader:1313:32)
    at Function._load (node:internal/modules/cjs/loader:1123:12)
    at TracingChannel.traceSync (node:diagnostics_channel:322:14)
    at wrapModuleLoad (node:internal/modules/cjs/loader:217:24)
    at Module.require (node:internal/modules/cjs/loader:1335:12)
    at require (node:internal/modules/helpers:136:16)
    at Object.<anonymous> (B:\mavie\classroom\backend\src\routes\auth.routes.js:13:24)
2025-07-28 13:48:11 [ERROR]: uncaughtException: Missing initializer in const declaration
B:\mavie\classroom\backend\src\controllers\auth.controller.js:416
    completeProfile: async (req, res, next) => {
    ^^^^^^^^^^^^^^^

SyntaxError: Missing initializer in const declaration
    at wrapSafe (node:internal/modules/cjs/loader:1512:18)
    at Module._compile (node:internal/modules/cjs/loader:1534:20)
    at Object..js (node:internal/modules/cjs/loader:1699:10)
    at Module.load (node:internal/modules/cjs/loader:1313:32)
    at Function._load (node:internal/modules/cjs/loader:1123:12)
    at TracingChannel.traceSync (node:diagnostics_channel:322:14)
    at wrapModuleLoad (node:internal/modules/cjs/loader:217:24)
    at Module.require (node:internal/modules/cjs/loader:1335:12)
    at require (node:internal/modules/helpers:136:16)
    at Object.<anonymous> (B:\mavie\classroom\backend\src\routes\auth.routes.js:13:24)
2025-07-28 13:48:22 [ERROR]: uncaughtException: Missing initializer in const declaration
B:\mavie\classroom\backend\src\controllers\auth.controller.js:416
    completeProfile: async (req, res, next) => {
    ^^^^^^^^^^^^^^^

SyntaxError: Missing initializer in const declaration
    at wrapSafe (node:internal/modules/cjs/loader:1512:18)
    at Module._compile (node:internal/modules/cjs/loader:1534:20)
    at Object..js (node:internal/modules/cjs/loader:1699:10)
    at Module.load (node:internal/modules/cjs/loader:1313:32)
    at Function._load (node:internal/modules/cjs/loader:1123:12)
    at TracingChannel.traceSync (node:diagnostics_channel:322:14)
    at wrapModuleLoad (node:internal/modules/cjs/loader:217:24)
    at Module.require (node:internal/modules/cjs/loader:1335:12)
    at require (node:internal/modules/helpers:136:16)
    at Object.<anonymous> (B:\mavie\classroom\backend\src\routes\auth.routes.js:13:24)
2025-07-28 13:48:34 [ERROR]: uncaughtException: Missing initializer in const declaration
B:\mavie\classroom\backend\src\controllers\auth.controller.js:417
    completeProfile: async (req, res, next) => {
    ^^^^^^^^^^^^^^^

SyntaxError: Missing initializer in const declaration
    at wrapSafe (node:internal/modules/cjs/loader:1512:18)
    at Module._compile (node:internal/modules/cjs/loader:1534:20)
    at Object..js (node:internal/modules/cjs/loader:1699:10)
    at Module.load (node:internal/modules/cjs/loader:1313:32)
    at Function._load (node:internal/modules/cjs/loader:1123:12)
    at TracingChannel.traceSync (node:diagnostics_channel:322:14)
    at wrapModuleLoad (node:internal/modules/cjs/loader:217:24)
    at Module.require (node:internal/modules/cjs/loader:1335:12)
    at require (node:internal/modules/helpers:136:16)
    at Object.<anonymous> (B:\mavie\classroom\backend\src\routes\auth.routes.js:13:24)
2025-07-28 13:48:44 [ERROR]: uncaughtException: Missing initializer in const declaration
B:\mavie\classroom\backend\src\controllers\auth.controller.js:417
    completeProfile: async (req, res, next) => {
    ^^^^^^^^^^^^^^^

SyntaxError: Missing initializer in const declaration
    at wrapSafe (node:internal/modules/cjs/loader:1512:18)
    at Module._compile (node:internal/modules/cjs/loader:1534:20)
    at Object..js (node:internal/modules/cjs/loader:1699:10)
    at Module.load (node:internal/modules/cjs/loader:1313:32)
    at Function._load (node:internal/modules/cjs/loader:1123:12)
    at TracingChannel.traceSync (node:diagnostics_channel:322:14)
    at wrapModuleLoad (node:internal/modules/cjs/loader:217:24)
    at Module.require (node:internal/modules/cjs/loader:1335:12)
    at require (node:internal/modules/helpers:136:16)
    at Object.<anonymous> (B:\mavie\classroom\backend\src\routes\auth.routes.js:13:24)
2025-07-28 13:49:57 [ERROR]: uncaughtException: Transaction cannot be rolled back because it has been finished with state: rollback
Error: Transaction cannot be rolled back because it has been finished with state: rollback
    at Transaction.rollback (B:\mavie\classroom\backend\node_modules\sequelize\lib\transaction.js:59:13)
    at registerLastStep (B:\mavie\classroom\backend\src\controllers\auth.controller.js:369:25)
    at process.processTicksAndRejections (node:internal/process/task_queues:105:5)
2025-07-28 13:50:48 [ERROR]: uncaughtException: Identifier 'transaction' has already been declared
B:\mavie\classroom\backend\src\services\notification.service.js:707
    const transaction = await sequelize.transaction()
          ^

SyntaxError: Identifier 'transaction' has already been declared
    at wrapSafe (node:internal/modules/cjs/loader:1512:18)
    at Module._compile (node:internal/modules/cjs/loader:1534:20)
    at Object..js (node:internal/modules/cjs/loader:1699:10)
    at Module.load (node:internal/modules/cjs/loader:1313:32)
    at Function._load (node:internal/modules/cjs/loader:1123:12)
    at TracingChannel.traceSync (node:diagnostics_channel:322:14)
    at wrapModuleLoad (node:internal/modules/cjs/loader:217:24)
    at Module.require (node:internal/modules/cjs/loader:1335:12)
    at require (node:internal/modules/helpers:136:16)
    at Object.<anonymous> (B:\mavie\classroom\backend\src\controllers\auth.controller.js:10:29)
2025-07-28 17:08:26 [ERROR]: uncaughtException: Unexpected token '}'
B:\mavie\classroom\backend\src\controllers\auth.controller.js:137
                            `user_documents/${tempUser.}`, 
                                                       ^

SyntaxError: Unexpected token '}'
    at wrapSafe (node:internal/modules/cjs/loader:1512:18)
    at Module._compile (node:internal/modules/cjs/loader:1534:20)
    at Object..js (node:internal/modules/cjs/loader:1699:10)
    at Module.load (node:internal/modules/cjs/loader:1313:32)
    at Function._load (node:internal/modules/cjs/loader:1123:12)
    at TracingChannel.traceSync (node:diagnostics_channel:322:14)
    at wrapModuleLoad (node:internal/modules/cjs/loader:217:24)
    at Module.require (node:internal/modules/cjs/loader:1335:12)
    at require (node:internal/modules/helpers:136:16)
    at Object.<anonymous> (B:\mavie\classroom\backend\src\routes\auth.routes.js:13:24)
2025-07-29 15:34:07 [ERROR]: uncaughtException: Transaction cannot be rolled back because it has been finished with state: commit
Error: Transaction cannot be rolled back because it has been finished with state: commit
    at Transaction.rollback (B:\mavie\classroom\backend\node_modules\sequelize\lib\transaction.js:59:13)
    at registerFirstStep (B:\mavie\classroom\backend\src\controllers\auth.controller.js:79:25)
    at process.processTicksAndRejections (node:internal/process/task_queues:105:5)
2025-07-29 15:44:00 [ERROR]: uncaughtException: Unexpected identifier 'res'
B:\mavie\classroom\backend\src\controllers\auth.controller.js:75
            res.status(200).json({
            ^^^

SyntaxError: Unexpected identifier 'res'
    at wrapSafe (node:internal/modules/cjs/loader:1512:18)
    at Module._compile (node:internal/modules/cjs/loader:1534:20)
    at Object..js (node:internal/modules/cjs/loader:1699:10)
    at Module.load (node:internal/modules/cjs/loader:1313:32)
    at Function._load (node:internal/modules/cjs/loader:1123:12)
    at TracingChannel.traceSync (node:diagnostics_channel:322:14)
    at wrapModuleLoad (node:internal/modules/cjs/loader:217:24)
    at Module.require (node:internal/modules/cjs/loader:1335:12)
    at require (node:internal/modules/helpers:136:16)
    at Object.<anonymous> (B:\mavie\classroom\backend\src\routes\auth.routes.js:13:24)
2025-07-29 15:44:08 [ERROR]: uncaughtException: Unexpected identifier 'res'
B:\mavie\classroom\backend\src\controllers\auth.controller.js:75
            res.status(200).json({
            ^^^

SyntaxError: Unexpected identifier 'res'
    at wrapSafe (node:internal/modules/cjs/loader:1512:18)
    at Module._compile (node:internal/modules/cjs/loader:1534:20)
    at Object..js (node:internal/modules/cjs/loader:1699:10)
    at Module.load (node:internal/modules/cjs/loader:1313:32)
    at Function._load (node:internal/modules/cjs/loader:1123:12)
    at TracingChannel.traceSync (node:diagnostics_channel:322:14)
    at wrapModuleLoad (node:internal/modules/cjs/loader:217:24)
    at Module.require (node:internal/modules/cjs/loader:1335:12)
    at require (node:internal/modules/helpers:136:16)
    at Object.<anonymous> (B:\mavie\classroom\backend\src\routes\auth.routes.js:13:24)
2025-07-29 15:44:13 [ERROR]: uncaughtException: Unexpected token '}'
B:\mavie\classroom\backend\src\controllers\auth.controller.js:74
            }
            ^

SyntaxError: Unexpected token '}'
    at wrapSafe (node:internal/modules/cjs/loader:1512:18)
    at Module._compile (node:internal/modules/cjs/loader:1534:20)
    at Object..js (node:internal/modules/cjs/loader:1699:10)
    at Module.load (node:internal/modules/cjs/loader:1313:32)
    at Function._load (node:internal/modules/cjs/loader:1123:12)
    at TracingChannel.traceSync (node:diagnostics_channel:322:14)
    at wrapModuleLoad (node:internal/modules/cjs/loader:217:24)
    at Module.require (node:internal/modules/cjs/loader:1335:12)
    at require (node:internal/modules/helpers:136:16)
    at Object.<anonymous> (B:\mavie\classroom\backend\src\routes\auth.routes.js:13:24)
2025-07-29 15:45:56 [ERROR]: uncaughtException: Unexpected token ')'
B:\mavie\classroom\backend\src\services\email.service.js:181
    console.error('Erro ao enviar email de verificação:', error instanceof Error ? err);
                                                                                      ^

SyntaxError: Unexpected token ')'
    at wrapSafe (node:internal/modules/cjs/loader:1512:18)
    at Module._compile (node:internal/modules/cjs/loader:1534:20)
    at Object..js (node:internal/modules/cjs/loader:1699:10)
    at Module.load (node:internal/modules/cjs/loader:1313:32)
    at Function._load (node:internal/modules/cjs/loader:1123:12)
    at TracingChannel.traceSync (node:diagnostics_channel:322:14)
    at wrapModuleLoad (node:internal/modules/cjs/loader:217:24)
    at Module.require (node:internal/modules/cjs/loader:1335:12)
    at require (node:internal/modules/helpers:136:16)
    at Object.<anonymous> (B:\mavie\classroom\backend\src\controllers\auth.controller.js:9:116)
2025-07-29 22:06:48 [ERROR]: uncaughtException: all is not defined
ReferenceError: all is not defined
    at module.exports (B:\mavie\classroom\backend\src\models\TempUser.js:48:7)
    at B:\mavie\classroom\backend\src\models\index.js:18:54
    at Array.forEach (<anonymous>)
    at Object.<anonymous> (B:\mavie\classroom\backend\src\models\index.js:17:4)
    at Module._compile (node:internal/modules/cjs/loader:1562:14)
    at Object..js (node:internal/modules/cjs/loader:1699:10)
    at Module.load (node:internal/modules/cjs/loader:1313:32)
    at Function._load (node:internal/modules/cjs/loader:1123:12)
    at TracingChannel.traceSync (node:diagnostics_channel:322:14)
    at wrapModuleLoad (node:internal/modules/cjs/loader:217:24)
2025-07-30 12:21:41 [ERROR]: uncaughtException: Unexpected token '.'
B:\mavie\classroom\backend\src\models\TempUser.js:51
      tyDataTypes.STRING
                 ^

SyntaxError: Unexpected token '.'
    at wrapSafe (node:internal/modules/cjs/loader:1512:18)
    at Module._compile (node:internal/modules/cjs/loader:1534:20)
    at Object..js (node:internal/modules/cjs/loader:1699:10)
    at Module.load (node:internal/modules/cjs/loader:1313:32)
    at Function._load (node:internal/modules/cjs/loader:1123:12)
    at TracingChannel.traceSync (node:diagnostics_channel:322:14)
    at wrapModuleLoad (node:internal/modules/cjs/loader:217:24)
    at Module.require (node:internal/modules/cjs/loader:1335:12)
    at require (node:internal/modules/helpers:136:16)
    at B:\mavie\classroom\backend\src\models\index.js:18:19
2025-07-31 14:17:57 [ERROR]: uncaughtException: foreignKey is not defined
ReferenceError: foreignKey is not defined
    at UserDocument.associate (B:\mavie\classroom\backend\src\models\UserDocument.js:91:7)
    at B:\mavie\classroom\backend\src\models\index.js:26:23
    at Array.forEach (<anonymous>)
    at Object.<anonymous> (B:\mavie\classroom\backend\src\models\index.js:24:21)
    at Module._compile (node:internal/modules/cjs/loader:1562:14)
    at Object..js (node:internal/modules/cjs/loader:1699:10)
    at Module.load (node:internal/modules/cjs/loader:1313:32)
    at Function._load (node:internal/modules/cjs/loader:1123:12)
    at TracingChannel.traceSync (node:diagnostics_channel:322:14)
    at wrapModuleLoad (node:internal/modules/cjs/loader:217:24)
2025-07-31 14:20:04 [ERROR]: uncaughtException: Unexpected token ':'
B:\mavie\classroom\backend\src\controllers\auth.controller.js:150
                                documentType: 'other',
                                            ^

SyntaxError: Unexpected token ':'
    at wrapSafe (node:internal/modules/cjs/loader:1512:18)
    at Module._compile (node:internal/modules/cjs/loader:1534:20)
    at Object..js (node:internal/modules/cjs/loader:1699:10)
    at Module.load (node:internal/modules/cjs/loader:1313:32)
    at Function._load (node:internal/modules/cjs/loader:1123:12)
    at TracingChannel.traceSync (node:diagnostics_channel:322:14)
    at wrapModuleLoad (node:internal/modules/cjs/loader:217:24)
    at Module.require (node:internal/modules/cjs/loader:1335:12)
    at require (node:internal/modules/helpers:136:16)
    at Object.<anonymous> (B:\mavie\classroom\backend\src\routes\auth.routes.js:13:24)
2025-08-01 19:26:54 [ERROR]: uncaughtException: Unexpected token ')'
B:\mavie\classroom\backend\src\controllers\auth.controller.js:98
        console.log("BODY ON UPLOADREGISTERDOCUMENTS: ",req.)
                                                            ^

SyntaxError: Unexpected token ')'
    at wrapSafe (node:internal/modules/cjs/loader:1512:18)
    at Module._compile (node:internal/modules/cjs/loader:1534:20)
    at Object..js (node:internal/modules/cjs/loader:1699:10)
    at Module.load (node:internal/modules/cjs/loader:1313:32)
    at Function._load (node:internal/modules/cjs/loader:1123:12)
    at TracingChannel.traceSync (node:diagnostics_channel:322:14)
    at wrapModuleLoad (node:internal/modules/cjs/loader:217:24)
    at Module.require (node:internal/modules/cjs/loader:1335:12)
    at require (node:internal/modules/helpers:136:16)
    at Object.<anonymous> (B:\mavie\classroom\backend\src\routes\auth.routes.js:13:24)
2025-08-02 19:15:43 [ERROR]: uncaughtException: Unexpected token '}'
B:\mavie\classroom\backend\src\middleware\upload.js:223
    });
    ^

SyntaxError: Unexpected token '}'
    at wrapSafe (node:internal/modules/cjs/loader:1512:18)
    at Module._compile (node:internal/modules/cjs/loader:1534:20)
    at Object..js (node:internal/modules/cjs/loader:1699:10)
    at Module.load (node:internal/modules/cjs/loader:1313:32)
    at Function._load (node:internal/modules/cjs/loader:1123:12)
    at TracingChannel.traceSync (node:diagnostics_channel:322:14)
    at wrapModuleLoad (node:internal/modules/cjs/loader:217:24)
    at Module.require (node:internal/modules/cjs/loader:1335:12)
    at require (node:internal/modules/helpers:136:16)
    at Object.<anonymous> (B:\mavie\classroom\backend\src\routes\auth.routes.js:12:29)
2025-08-02 19:16:04 [ERROR]: uncaughtException: Unexpected token ')'
B:\mavie\classroom\backend\src\middleware\upload.js:226
  )
  ^

SyntaxError: Unexpected token ')'
    at wrapSafe (node:internal/modules/cjs/loader:1512:18)
    at Module._compile (node:internal/modules/cjs/loader:1534:20)
    at Object..js (node:internal/modules/cjs/loader:1699:10)
    at Module.load (node:internal/modules/cjs/loader:1313:32)
    at Function._load (node:internal/modules/cjs/loader:1123:12)
    at TracingChannel.traceSync (node:diagnostics_channel:322:14)
    at wrapModuleLoad (node:internal/modules/cjs/loader:217:24)
    at Module.require (node:internal/modules/cjs/loader:1335:12)
    at require (node:internal/modules/helpers:136:16)
    at Object.<anonymous> (B:\mavie\classroom\backend\src\routes\auth.routes.js:12:29)
2025-08-03 12:48:37 [ERROR]: uncaughtException: Unexpected token ')'
B:\mavie\classroom\backend\src\controllers\auth.controller.js:275
        console.log)""
                   ^

SyntaxError: Unexpected token ')'
    at wrapSafe (node:internal/modules/cjs/loader:1512:18)
    at Module._compile (node:internal/modules/cjs/loader:1534:20)
    at Object..js (node:internal/modules/cjs/loader:1699:10)
    at Module.load (node:internal/modules/cjs/loader:1313:32)
    at Function._load (node:internal/modules/cjs/loader:1123:12)
    at TracingChannel.traceSync (node:diagnostics_channel:322:14)
    at wrapModuleLoad (node:internal/modules/cjs/loader:217:24)
    at Module.require (node:internal/modules/cjs/loader:1335:12)
    at require (node:internal/modules/helpers:136:16)
    at Object.<anonymous> (B:\mavie\classroom\backend\src\routes\auth.routes.js:13:24)
2025-08-03 22:14:05 [ERROR]: uncaughtException: Route.get() requires a callback function but got a [object Undefined]
Error: Route.get() requires a callback function but got a [object Undefined]
    at Route.<computed> [as get] (B:\mavie\classroom\backend\node_modules\express\lib\router\route.js:216:15)
    at proto.<computed> [as get] (B:\mavie\classroom\backend\node_modules\express\lib\router\index.js:521:19)
    at Object.<anonymous> (B:\mavie\classroom\backend\src\routes\admin.routes.js:27:8)
    at Module._compile (node:internal/modules/cjs/loader:1562:14)
    at Object..js (node:internal/modules/cjs/loader:1699:10)
    at Module.load (node:internal/modules/cjs/loader:1313:32)
    at Function._load (node:internal/modules/cjs/loader:1123:12)
    at TracingChannel.traceSync (node:diagnostics_channel:322:14)
    at wrapModuleLoad (node:internal/modules/cjs/loader:217:24)
    at Module.require (node:internal/modules/cjs/loader:1335:12)
2025-08-04 16:40:26 [ERROR]: uncaughtException: Route.get() requires a callback function but got a [object Undefined]
Error: Route.get() requires a callback function but got a [object Undefined]
    at Route.<computed> [as get] (B:\mavie\classroom\backend\node_modules\express\lib\router\route.js:216:15)
    at proto.<computed> [as get] (B:\mavie\classroom\backend\node_modules\express\lib\router\index.js:521:19)
    at Object.<anonymous> (B:\mavie\classroom\backend\src\routes\admin.routes.js:27:8)
    at Module._compile (node:internal/modules/cjs/loader:1562:14)
    at Object..js (node:internal/modules/cjs/loader:1699:10)
    at Module.load (node:internal/modules/cjs/loader:1313:32)
    at Function._load (node:internal/modules/cjs/loader:1123:12)
    at TracingChannel.traceSync (node:diagnostics_channel:322:14)
    at wrapModuleLoad (node:internal/modules/cjs/loader:217:24)
    at Module.require (node:internal/modules/cjs/loader:1335:12)
2025-08-04 20:32:33 [ERROR]: uncaughtException: Parâmetro allowedRoles deve ser um array
Error: Parâmetro allowedRoles deve ser um array
    at authorize (B:\mavie\classroom\backend\src\middleware\authorize.js:11:11)
    at Object.<anonymous> (B:\mavie\classroom\backend\src\routes\admin.routes.js:48:3)
    at Module._compile (node:internal/modules/cjs/loader:1562:14)
    at Object..js (node:internal/modules/cjs/loader:1699:10)
    at Module.load (node:internal/modules/cjs/loader:1313:32)
    at Function._load (node:internal/modules/cjs/loader:1123:12)
    at TracingChannel.traceSync (node:diagnostics_channel:322:14)
    at wrapModuleLoad (node:internal/modules/cjs/loader:217:24)
    at Module.require (node:internal/modules/cjs/loader:1335:12)
    at require (node:internal/modules/helpers:136:16)
2025-08-04 20:33:52 [ERROR]: uncaughtException: Parâmetro allowedRoles deve ser um array
Error: Parâmetro allowedRoles deve ser um array
    at authorize (B:\mavie\classroom\backend\src\middleware\authorize.js:11:11)
    at Object.<anonymous> (B:\mavie\classroom\backend\src\routes\admin.routes.js:48:3)
    at Module._compile (node:internal/modules/cjs/loader:1562:14)
    at Object..js (node:internal/modules/cjs/loader:1699:10)
    at Module.load (node:internal/modules/cjs/loader:1313:32)
    at Function._load (node:internal/modules/cjs/loader:1123:12)
    at TracingChannel.traceSync (node:diagnostics_channel:322:14)
    at wrapModuleLoad (node:internal/modules/cjs/loader:217:24)
    at Module.require (node:internal/modules/cjs/loader:1335:12)
    at require (node:internal/modules/helpers:136:16)
2025-08-04 20:34:05 [ERROR]: uncaughtException: Parâmetro allowedRoles deve ser um array
Error: Parâmetro allowedRoles deve ser um array
    at authorize (B:\mavie\classroom\backend\src\middleware\authorize.js:11:11)
    at Object.<anonymous> (B:\mavie\classroom\backend\src\routes\admin.routes.js:48:3)
    at Module._compile (node:internal/modules/cjs/loader:1562:14)
    at Object..js (node:internal/modules/cjs/loader:1699:10)
    at Module.load (node:internal/modules/cjs/loader:1313:32)
    at Function._load (node:internal/modules/cjs/loader:1123:12)
    at TracingChannel.traceSync (node:diagnostics_channel:322:14)
    at wrapModuleLoad (node:internal/modules/cjs/loader:217:24)
    at Module.require (node:internal/modules/cjs/loader:1335:12)
    at require (node:internal/modules/helpers:136:16)
2025-08-04 20:34:13 [ERROR]: uncaughtException: Parâmetro allowedRoles deve ser um array
Error: Parâmetro allowedRoles deve ser um array
    at authorize (B:\mavie\classroom\backend\src\middleware\authorize.js:11:11)
    at Object.<anonymous> (B:\mavie\classroom\backend\src\routes\admin.routes.js:48:3)
    at Module._compile (node:internal/modules/cjs/loader:1562:14)
    at Object..js (node:internal/modules/cjs/loader:1699:10)
    at Module.load (node:internal/modules/cjs/loader:1313:32)
    at Function._load (node:internal/modules/cjs/loader:1123:12)
    at TracingChannel.traceSync (node:diagnostics_channel:322:14)
    at wrapModuleLoad (node:internal/modules/cjs/loader:217:24)
    at Module.require (node:internal/modules/cjs/loader:1335:12)
    at require (node:internal/modules/helpers:136:16)
2025-08-04 20:34:28 [ERROR]: uncaughtException: Unexpected token 'async'
B:\mavie\classroom\backend\src\controllers\admin.controller.js:424
  async getSystemStatus(req, res, next) {
  ^^^^^

SyntaxError: Unexpected token 'async'
    at wrapSafe (node:internal/modules/cjs/loader:1512:18)
    at Module._compile (node:internal/modules/cjs/loader:1534:20)
    at Object..js (node:internal/modules/cjs/loader:1699:10)
    at Module.load (node:internal/modules/cjs/loader:1313:32)
    at Function._load (node:internal/modules/cjs/loader:1123:12)
    at TracingChannel.traceSync (node:diagnostics_channel:322:14)
    at wrapModuleLoad (node:internal/modules/cjs/loader:217:24)
    at Module.require (node:internal/modules/cjs/loader:1335:12)
    at require (node:internal/modules/helpers:136:16)
    at Object.<anonymous> (B:\mavie\classroom\backend\src\routes\admin.routes.js:3:25)
2025-08-04 20:34:47 [ERROR]: uncaughtException: Unexpected token 'async'
B:\mavie\classroom\backend\src\controllers\admin.controller.js:424
  async getSystemStatus(req, res, next) {
  ^^^^^

SyntaxError: Unexpected token 'async'
    at wrapSafe (node:internal/modules/cjs/loader:1512:18)
    at Module._compile (node:internal/modules/cjs/loader:1534:20)
    at Object..js (node:internal/modules/cjs/loader:1699:10)
    at Module.load (node:internal/modules/cjs/loader:1313:32)
    at Function._load (node:internal/modules/cjs/loader:1123:12)
    at TracingChannel.traceSync (node:diagnostics_channel:322:14)
    at wrapModuleLoad (node:internal/modules/cjs/loader:217:24)
    at Module.require (node:internal/modules/cjs/loader:1335:12)
    at require (node:internal/modules/helpers:136:16)
    at Object.<anonymous> (B:\mavie\classroom\backend\src\routes\admin.routes.js:3:25)
2025-08-04 20:34:53 [ERROR]: uncaughtException: Unexpected token '='
B:\mavie\classroom\backend\src\controllers\admin.controller.js:419
  async downloadDocument = a
                         ^

SyntaxError: Unexpected token '='
    at wrapSafe (node:internal/modules/cjs/loader:1512:18)
    at Module._compile (node:internal/modules/cjs/loader:1534:20)
    at Object..js (node:internal/modules/cjs/loader:1699:10)
    at Module.load (node:internal/modules/cjs/loader:1313:32)
    at Function._load (node:internal/modules/cjs/loader:1123:12)
    at TracingChannel.traceSync (node:diagnostics_channel:322:14)
    at wrapModuleLoad (node:internal/modules/cjs/loader:217:24)
    at Module.require (node:internal/modules/cjs/loader:1335:12)
    at require (node:internal/modules/helpers:136:16)
    at Object.<anonymous> (B:\mavie\classroom\backend\src\routes\admin.routes.js:3:25)
2025-08-04 20:35:14 [ERROR]: uncaughtException: Unexpected token '=>'
B:\mavie\classroom\backend\src\controllers\admin.controller.js:419
  async downloadDocument(req ,res, next) => {
                                         ^^

SyntaxError: Unexpected token '=>'
    at wrapSafe (node:internal/modules/cjs/loader:1512:18)
    at Module._compile (node:internal/modules/cjs/loader:1534:20)
    at Object..js (node:internal/modules/cjs/loader:1699:10)
    at Module.load (node:internal/modules/cjs/loader:1313:32)
    at Function._load (node:internal/modules/cjs/loader:1123:12)
    at TracingChannel.traceSync (node:diagnostics_channel:322:14)
    at wrapModuleLoad (node:internal/modules/cjs/loader:217:24)
    at Module.require (node:internal/modules/cjs/loader:1335:12)
    at require (node:internal/modules/helpers:136:16)
    at Object.<anonymous> (B:\mavie\classroom\backend\src\routes\admin.routes.js:3:25)
2025-08-04 20:35:22 [ERROR]: uncaughtException: Unexpected token '=>'
B:\mavie\classroom\backend\src\controllers\admin.controller.js:419
  async downloadDocument(req ,res, next) => {
                                         ^^

SyntaxError: Unexpected token '=>'
    at wrapSafe (node:internal/modules/cjs/loader:1512:18)
    at Module._compile (node:internal/modules/cjs/loader:1534:20)
    at Object..js (node:internal/modules/cjs/loader:1699:10)
    at Module.load (node:internal/modules/cjs/loader:1313:32)
    at Function._load (node:internal/modules/cjs/loader:1123:12)
    at TracingChannel.traceSync (node:diagnostics_channel:322:14)
    at wrapModuleLoad (node:internal/modules/cjs/loader:217:24)
    at Module.require (node:internal/modules/cjs/loader:1335:12)
    at require (node:internal/modules/helpers:136:16)
    at Object.<anonymous> (B:\mavie\classroom\backend\src\routes\admin.routes.js:3:25)
2025-08-04 20:35:40 [ERROR]: uncaughtException: Unexpected token '=>'
B:\mavie\classroom\backend\src\controllers\admin.controller.js:419
  async downloadDocument(req ,res, next) => {
                                         ^^

SyntaxError: Unexpected token '=>'
    at wrapSafe (node:internal/modules/cjs/loader:1512:18)
    at Module._compile (node:internal/modules/cjs/loader:1534:20)
    at Object..js (node:internal/modules/cjs/loader:1699:10)
    at Module.load (node:internal/modules/cjs/loader:1313:32)
    at Function._load (node:internal/modules/cjs/loader:1123:12)
    at TracingChannel.traceSync (node:diagnostics_channel:322:14)
    at wrapModuleLoad (node:internal/modules/cjs/loader:217:24)
    at Module.require (node:internal/modules/cjs/loader:1335:12)
    at require (node:internal/modules/helpers:136:16)
    at Object.<anonymous> (B:\mavie\classroom\backend\src\routes\admin.routes.js:3:25)
2025-08-04 20:35:57 [ERROR]: uncaughtException: Unexpected token '=>'
B:\mavie\classroom\backend\src\controllers\admin.controller.js:419
  async downloadDocument(req ,res, next) => {
                                         ^^

SyntaxError: Unexpected token '=>'
    at wrapSafe (node:internal/modules/cjs/loader:1512:18)
    at Module._compile (node:internal/modules/cjs/loader:1534:20)
    at Object..js (node:internal/modules/cjs/loader:1699:10)
    at Module.load (node:internal/modules/cjs/loader:1313:32)
    at Function._load (node:internal/modules/cjs/loader:1123:12)
    at TracingChannel.traceSync (node:diagnostics_channel:322:14)
    at wrapModuleLoad (node:internal/modules/cjs/loader:217:24)
    at Module.require (node:internal/modules/cjs/loader:1335:12)
    at require (node:internal/modules/helpers:136:16)
    at Object.<anonymous> (B:\mavie\classroom\backend\src\routes\admin.routes.js:3:25)
2025-08-04 20:36:41 [ERROR]: uncaughtException: Unexpected token '=>'
B:\mavie\classroom\backend\src\controllers\admin.controller.js:419
  async downloadDocument(req ,res, next) => {
                                         ^^

SyntaxError: Unexpected token '=>'
    at wrapSafe (node:internal/modules/cjs/loader:1512:18)
    at Module._compile (node:internal/modules/cjs/loader:1534:20)
    at Object..js (node:internal/modules/cjs/loader:1699:10)
    at Module.load (node:internal/modules/cjs/loader:1313:32)
    at Function._load (node:internal/modules/cjs/loader:1123:12)
    at TracingChannel.traceSync (node:diagnostics_channel:322:14)
    at wrapModuleLoad (node:internal/modules/cjs/loader:217:24)
    at Module.require (node:internal/modules/cjs/loader:1335:12)
    at require (node:internal/modules/helpers:136:16)
    at Object.<anonymous> (B:\mavie\classroom\backend\src\routes\admin.routes.js:3:25)
2025-08-04 20:37:54 [ERROR]: uncaughtException: Unexpected token '=>'
B:\mavie\classroom\backend\src\controllers\admin.controller.js:419
  async downloadDocument(req ,res, next) => {
                                         ^^

SyntaxError: Unexpected token '=>'
    at wrapSafe (node:internal/modules/cjs/loader:1512:18)
    at Module._compile (node:internal/modules/cjs/loader:1534:20)
    at Object..js (node:internal/modules/cjs/loader:1699:10)
    at Module.load (node:internal/modules/cjs/loader:1313:32)
    at Function._load (node:internal/modules/cjs/loader:1123:12)
    at TracingChannel.traceSync (node:diagnostics_channel:322:14)
    at wrapModuleLoad (node:internal/modules/cjs/loader:217:24)
    at Module.require (node:internal/modules/cjs/loader:1335:12)
    at require (node:internal/modules/helpers:136:16)
    at Object.<anonymous> (B:\mavie\classroom\backend\src\routes\admin.routes.js:3:25)
2025-08-04 20:38:21 [ERROR]: uncaughtException: Unexpected token '=>'
B:\mavie\classroom\backend\src\controllers\admin.controller.js:419
  async downloadDocument(req ,res, next) => {
                                         ^^

SyntaxError: Unexpected token '=>'
    at wrapSafe (node:internal/modules/cjs/loader:1512:18)
    at Module._compile (node:internal/modules/cjs/loader:1534:20)
    at Object..js (node:internal/modules/cjs/loader:1699:10)
    at Module.load (node:internal/modules/cjs/loader:1313:32)
    at Function._load (node:internal/modules/cjs/loader:1123:12)
    at TracingChannel.traceSync (node:diagnostics_channel:322:14)
    at wrapModuleLoad (node:internal/modules/cjs/loader:217:24)
    at Module.require (node:internal/modules/cjs/loader:1335:12)
    at require (node:internal/modules/helpers:136:16)
    at Object.<anonymous> (B:\mavie\classroom\backend\src\routes\admin.routes.js:3:25)
2025-08-04 20:38:38 [ERROR]: uncaughtException: Identifier 'module' has already been declared
B:\mavie\classroom\backend\src\controllers\admin.controller.js:13
module.exports = {
^

SyntaxError: Identifier 'module' has already been declared
    at wrapSafe (node:internal/modules/cjs/loader:1512:18)
    at Module._compile (node:internal/modules/cjs/loader:1534:20)
    at Object..js (node:internal/modules/cjs/loader:1699:10)
    at Module.load (node:internal/modules/cjs/loader:1313:32)
    at Function._load (node:internal/modules/cjs/loader:1123:12)
    at TracingChannel.traceSync (node:diagnostics_channel:322:14)
    at wrapModuleLoad (node:internal/modules/cjs/loader:217:24)
    at Module.require (node:internal/modules/cjs/loader:1335:12)
    at require (node:internal/modules/helpers:136:16)
    at Object.<anonymous> (B:\mavie\classroom\backend\src\routes\admin.routes.js:3:25)
2025-08-04 20:38:54 [ERROR]: uncaughtException: Unexpected token '=>'
B:\mavie\classroom\backend\src\controllers\admin.controller.js:420
  async downloadDocument(req ,res, next) => {
                                         ^^

SyntaxError: Unexpected token '=>'
    at wrapSafe (node:internal/modules/cjs/loader:1512:18)
    at Module._compile (node:internal/modules/cjs/loader:1534:20)
    at Object..js (node:internal/modules/cjs/loader:1699:10)
    at Module.load (node:internal/modules/cjs/loader:1313:32)
    at Function._load (node:internal/modules/cjs/loader:1123:12)
    at TracingChannel.traceSync (node:diagnostics_channel:322:14)
    at wrapModuleLoad (node:internal/modules/cjs/loader:217:24)
    at Module.require (node:internal/modules/cjs/loader:1335:12)
    at require (node:internal/modules/helpers:136:16)
    at Object.<anonymous> (B:\mavie\classroom\backend\src\routes\admin.routes.js:3:25)
2025-08-04 20:39:00 [ERROR]: uncaughtException: Unexpected token '=>'
B:\mavie\classroom\backend\src\controllers\admin.controller.js:420
  async downloadDocument(req ,res, next) => {
                                         ^^

SyntaxError: Unexpected token '=>'
    at wrapSafe (node:internal/modules/cjs/loader:1512:18)
    at Module._compile (node:internal/modules/cjs/loader:1534:20)
    at Object..js (node:internal/modules/cjs/loader:1699:10)
    at Module.load (node:internal/modules/cjs/loader:1313:32)
    at Function._load (node:internal/modules/cjs/loader:1123:12)
    at TracingChannel.traceSync (node:diagnostics_channel:322:14)
    at wrapModuleLoad (node:internal/modules/cjs/loader:217:24)
    at Module.require (node:internal/modules/cjs/loader:1335:12)
    at require (node:internal/modules/helpers:136:16)
    at Object.<anonymous> (B:\mavie\classroom\backend\src\routes\admin.routes.js:3:25)
2025-08-04 20:39:13 [ERROR]: uncaughtException: Parâmetro allowedRoles deve ser um array
Error: Parâmetro allowedRoles deve ser um array
    at authorize (B:\mavie\classroom\backend\src\middleware\authorize.js:11:11)
    at Object.<anonymous> (B:\mavie\classroom\backend\src\routes\admin.routes.js:48:3)
    at Module._compile (node:internal/modules/cjs/loader:1562:14)
    at Object..js (node:internal/modules/cjs/loader:1699:10)
    at Module.load (node:internal/modules/cjs/loader:1313:32)
    at Function._load (node:internal/modules/cjs/loader:1123:12)
    at TracingChannel.traceSync (node:diagnostics_channel:322:14)
    at wrapModuleLoad (node:internal/modules/cjs/loader:217:24)
    at Module.require (node:internal/modules/cjs/loader:1335:12)
    at require (node:internal/modules/helpers:136:16)
2025-08-04 20:39:28 [ERROR]: uncaughtException: Parâmetro allowedRoles deve ser um array
Error: Parâmetro allowedRoles deve ser um array
    at authorize (B:\mavie\classroom\backend\src\middleware\authorize.js:11:11)
    at Object.<anonymous> (B:\mavie\classroom\backend\src\routes\admin.routes.js:48:3)
    at Module._compile (node:internal/modules/cjs/loader:1562:14)
    at Object..js (node:internal/modules/cjs/loader:1699:10)
    at Module.load (node:internal/modules/cjs/loader:1313:32)
    at Function._load (node:internal/modules/cjs/loader:1123:12)
    at TracingChannel.traceSync (node:diagnostics_channel:322:14)
    at wrapModuleLoad (node:internal/modules/cjs/loader:217:24)
    at Module.require (node:internal/modules/cjs/loader:1335:12)
    at require (node:internal/modules/helpers:136:16)
2025-08-04 20:39:56 [ERROR]: uncaughtException: Parâmetro allowedRoles deve ser um array
Error: Parâmetro allowedRoles deve ser um array
    at authorize (B:\mavie\classroom\backend\src\middleware\authorize.js:11:11)
    at Object.<anonymous> (B:\mavie\classroom\backend\src\routes\admin.routes.js:48:3)
    at Module._compile (node:internal/modules/cjs/loader:1562:14)
    at Object..js (node:internal/modules/cjs/loader:1699:10)
    at Module.load (node:internal/modules/cjs/loader:1313:32)
    at Function._load (node:internal/modules/cjs/loader:1123:12)
    at TracingChannel.traceSync (node:diagnostics_channel:322:14)
    at wrapModuleLoad (node:internal/modules/cjs/loader:217:24)
    at Module.require (node:internal/modules/cjs/loader:1335:12)
    at require (node:internal/modules/helpers:136:16)
2025-08-04 20:40:51 [ERROR]: uncaughtException: Parâmetro allowedRoles deve ser um array
Error: Parâmetro allowedRoles deve ser um array
    at authorize (B:\mavie\classroom\backend\src\middleware\authorize.js:11:11)
    at Object.<anonymous> (B:\mavie\classroom\backend\src\routes\admin.routes.js:48:3)
    at Module._compile (node:internal/modules/cjs/loader:1562:14)
    at Object..js (node:internal/modules/cjs/loader:1699:10)
    at Module.load (node:internal/modules/cjs/loader:1313:32)
    at Function._load (node:internal/modules/cjs/loader:1123:12)
    at TracingChannel.traceSync (node:diagnostics_channel:322:14)
    at wrapModuleLoad (node:internal/modules/cjs/loader:217:24)
    at Module.require (node:internal/modules/cjs/loader:1335:12)
    at require (node:internal/modules/helpers:136:16)
2025-08-04 20:41:38 [ERROR]: uncaughtException: Parâmetro allowedRoles deve ser um array
Error: Parâmetro allowedRoles deve ser um array
    at authorize (B:\mavie\classroom\backend\src\middleware\authorize.js:11:11)
    at Object.<anonymous> (B:\mavie\classroom\backend\src\routes\admin.routes.js:48:3)
    at Module._compile (node:internal/modules/cjs/loader:1562:14)
    at Object..js (node:internal/modules/cjs/loader:1699:10)
    at Module.load (node:internal/modules/cjs/loader:1313:32)
    at Function._load (node:internal/modules/cjs/loader:1123:12)
    at TracingChannel.traceSync (node:diagnostics_channel:322:14)
    at wrapModuleLoad (node:internal/modules/cjs/loader:217:24)
    at Module.require (node:internal/modules/cjs/loader:1335:12)
    at require (node:internal/modules/helpers:136:16)
2025-08-04 20:42:05 [ERROR]: uncaughtException: Parâmetro allowedRoles deve ser um array
Error: Parâmetro allowedRoles deve ser um array
    at authorize (B:\mavie\classroom\backend\src\middleware\authorize.js:11:11)
    at Object.<anonymous> (B:\mavie\classroom\backend\src\routes\admin.routes.js:48:3)
    at Module._compile (node:internal/modules/cjs/loader:1562:14)
    at Object..js (node:internal/modules/cjs/loader:1699:10)
    at Module.load (node:internal/modules/cjs/loader:1313:32)
    at Function._load (node:internal/modules/cjs/loader:1123:12)
    at TracingChannel.traceSync (node:diagnostics_channel:322:14)
    at wrapModuleLoad (node:internal/modules/cjs/loader:217:24)
    at Module.require (node:internal/modules/cjs/loader:1335:12)
    at require (node:internal/modules/helpers:136:16)
2025-08-05 15:54:42 [ERROR]: uncaughtException: Unexpected token ':'
B:\mavie\classroom\backend\src\controllers\user.controller.js:1733
                fullName: user.fullName,
                        ^

SyntaxError: Unexpected token ':'
    at wrapSafe (node:internal/modules/cjs/loader:1512:18)
    at Module._compile (node:internal/modules/cjs/loader:1534:20)
    at Object..js (node:internal/modules/cjs/loader:1699:10)
    at Module.load (node:internal/modules/cjs/loader:1313:32)
    at Function._load (node:internal/modules/cjs/loader:1123:12)
    at TracingChannel.traceSync (node:diagnostics_channel:322:14)
    at wrapModuleLoad (node:internal/modules/cjs/loader:217:24)
    at Module.require (node:internal/modules/cjs/loader:1335:12)
    at require (node:internal/modules/helpers:136:16)
    at Object.<anonymous> (B:\mavie\classroom\backend\src\routes\user.routes.js:2:24)
2025-08-05 15:54:57 [ERROR]: uncaughtException: Unexpected token ','
B:\mavie\classroom\backend\src\controllers\user.controller.js:1732
              ,
              ^

SyntaxError: Unexpected token ','
    at wrapSafe (node:internal/modules/cjs/loader:1512:18)
    at Module._compile (node:internal/modules/cjs/loader:1534:20)
    at Object..js (node:internal/modules/cjs/loader:1699:10)
    at Module.load (node:internal/modules/cjs/loader:1313:32)
    at Function._load (node:internal/modules/cjs/loader:1123:12)
    at TracingChannel.traceSync (node:diagnostics_channel:322:14)
    at wrapModuleLoad (node:internal/modules/cjs/loader:217:24)
    at Module.require (node:internal/modules/cjs/loader:1335:12)
    at require (node:internal/modules/helpers:136:16)
    at Object.<anonymous> (B:\mavie\classroom\backend\src\routes\user.routes.js:2:24)
2025-08-05 15:55:01 [ERROR]: uncaughtException: Unexpected token ','
B:\mavie\classroom\backend\src\controllers\user.controller.js:1732
              ,
              ^

SyntaxError: Unexpected token ','
    at wrapSafe (node:internal/modules/cjs/loader:1512:18)
    at Module._compile (node:internal/modules/cjs/loader:1534:20)
    at Object..js (node:internal/modules/cjs/loader:1699:10)
    at Module.load (node:internal/modules/cjs/loader:1313:32)
    at Function._load (node:internal/modules/cjs/loader:1123:12)
    at TracingChannel.traceSync (node:diagnostics_channel:322:14)
    at wrapModuleLoad (node:internal/modules/cjs/loader:217:24)
    at Module.require (node:internal/modules/cjs/loader:1335:12)
    at require (node:internal/modules/helpers:136:16)
    at Object.<anonymous> (B:\mavie\classroom\backend\src\routes\user.routes.js:2:24)
2025-08-05 21:03:47 [ERROR]: uncaughtException: Cannot find module '../middleware/'
Require stack:
- B:\mavie\classroom\backend\src\routes\courses.routes.js
- B:\mavie\classroom\backend\src\routes\index.js
- B:\mavie\classroom\backend\server.js
Error: Cannot find module '../middleware/'
Require stack:
- B:\mavie\classroom\backend\src\routes\courses.routes.js
- B:\mavie\classroom\backend\src\routes\index.js
- B:\mavie\classroom\backend\server.js
    at Function._resolveFilename (node:internal/modules/cjs/loader:1244:15)
    at Function._load (node:internal/modules/cjs/loader:1070:27)
    at TracingChannel.traceSync (node:diagnostics_channel:322:14)
    at wrapModuleLoad (node:internal/modules/cjs/loader:217:24)
    at Module.require (node:internal/modules/cjs/loader:1335:12)
    at require (node:internal/modules/helpers:136:16)
    at Object.<anonymous> (B:\mavie\classroom\backend\src\routes\courses.routes.js:6:12)
    at Module._compile (node:internal/modules/cjs/loader:1562:14)
    at Object..js (node:internal/modules/cjs/loader:1699:10)
    at Module.load (node:internal/modules/cjs/loader:1313:32)
2025-08-05 21:03:51 [ERROR]: uncaughtException: Cannot find module '../middleware/'
Require stack:
- B:\mavie\classroom\backend\src\routes\courses.routes.js
- B:\mavie\classroom\backend\src\routes\index.js
- B:\mavie\classroom\backend\server.js
Error: Cannot find module '../middleware/'
Require stack:
- B:\mavie\classroom\backend\src\routes\courses.routes.js
- B:\mavie\classroom\backend\src\routes\index.js
- B:\mavie\classroom\backend\server.js
    at Function._resolveFilename (node:internal/modules/cjs/loader:1244:15)
    at Function._load (node:internal/modules/cjs/loader:1070:27)
    at TracingChannel.traceSync (node:diagnostics_channel:322:14)
    at wrapModuleLoad (node:internal/modules/cjs/loader:217:24)
    at Module.require (node:internal/modules/cjs/loader:1335:12)
    at require (node:internal/modules/helpers:136:16)
    at Object.<anonymous> (B:\mavie\classroom\backend\src\routes\courses.routes.js:6:12)
    at Module._compile (node:internal/modules/cjs/loader:1562:14)
    at Object..js (node:internal/modules/cjs/loader:1699:10)
    at Module.load (node:internal/modules/cjs/loader:1313:32)
2025-08-05 21:04:01 [ERROR]: uncaughtException: Cannot find module '../middleware/checkUser'
Require stack:
- B:\mavie\classroom\backend\src\routes\courses.routes.js
- B:\mavie\classroom\backend\src\routes\index.js
- B:\mavie\classroom\backend\server.js
Error: Cannot find module '../middleware/checkUser'
Require stack:
- B:\mavie\classroom\backend\src\routes\courses.routes.js
- B:\mavie\classroom\backend\src\routes\index.js
- B:\mavie\classroom\backend\server.js
    at Function._resolveFilename (node:internal/modules/cjs/loader:1244:15)
    at Function._load (node:internal/modules/cjs/loader:1070:27)
    at TracingChannel.traceSync (node:diagnostics_channel:322:14)
    at wrapModuleLoad (node:internal/modules/cjs/loader:217:24)
    at Module.require (node:internal/modules/cjs/loader:1335:12)
    at require (node:internal/modules/helpers:136:16)
    at Object.<anonymous> (B:\mavie\classroom\backend\src\routes\courses.routes.js:6:12)
    at Module._compile (node:internal/modules/cjs/loader:1562:14)
    at Object..js (node:internal/modules/cjs/loader:1699:10)
    at Module.load (node:internal/modules/cjs/loader:1313:32)
2025-08-05 21:04:05 [ERROR]: uncaughtException: Cannot find module '../middleware/checkUser'
Require stack:
- B:\mavie\classroom\backend\src\routes\courses.routes.js
- B:\mavie\classroom\backend\src\routes\index.js
- B:\mavie\classroom\backend\server.js
Error: Cannot find module '../middleware/checkUser'
Require stack:
- B:\mavie\classroom\backend\src\routes\courses.routes.js
- B:\mavie\classroom\backend\src\routes\index.js
- B:\mavie\classroom\backend\server.js
    at Function._resolveFilename (node:internal/modules/cjs/loader:1244:15)
    at Function._load (node:internal/modules/cjs/loader:1070:27)
    at TracingChannel.traceSync (node:diagnostics_channel:322:14)
    at wrapModuleLoad (node:internal/modules/cjs/loader:217:24)
    at Module.require (node:internal/modules/cjs/loader:1335:12)
    at require (node:internal/modules/helpers:136:16)
    at Object.<anonymous> (B:\mavie\classroom\backend\src\routes\courses.routes.js:6:12)
    at Module._compile (node:internal/modules/cjs/loader:1562:14)
    at Object..js (node:internal/modules/cjs/loader:1699:10)
    at Module.load (node:internal/modules/cjs/loader:1313:32)
2025-08-05 21:06:58 [ERROR]: uncaughtException: Invalid or unexpected token
B:\mavie\classroom\backend\src\middleware\checkUserStatus.js:5
/*

SyntaxError: Invalid or unexpected token
    at wrapSafe (node:internal/modules/cjs/loader:1512:18)
    at Module._compile (node:internal/modules/cjs/loader:1534:20)
    at Object..js (node:internal/modules/cjs/loader:1699:10)
    at Module.load (node:internal/modules/cjs/loader:1313:32)
    at Function._load (node:internal/modules/cjs/loader:1123:12)
    at TracingChannel.traceSync (node:diagnostics_channel:322:14)
    at wrapModuleLoad (node:internal/modules/cjs/loader:217:24)
    at Module.require (node:internal/modules/cjs/loader:1335:12)
    at require (node:internal/modules/helpers:136:16)
    at Object.<anonymous> (B:\mavie\classroom\backend\src\routes\courses.routes.js:6:29)
2025-08-05 22:09:52 [ERROR]: uncaughtException: Cannot find module '../middleware/check'
Require stack:
- B:\mavie\classroom\backend\src\routes\lessons.routes.js
- B:\mavie\classroom\backend\src\routes\index.js
- B:\mavie\classroom\backend\server.js
Error: Cannot find module '../middleware/check'
Require stack:
- B:\mavie\classroom\backend\src\routes\lessons.routes.js
- B:\mavie\classroom\backend\src\routes\index.js
- B:\mavie\classroom\backend\server.js
    at Function._resolveFilename (node:internal/modules/cjs/loader:1244:15)
    at Function._load (node:internal/modules/cjs/loader:1070:27)
    at TracingChannel.traceSync (node:diagnostics_channel:322:14)
    at wrapModuleLoad (node:internal/modules/cjs/loader:217:24)
    at Module.require (node:internal/modules/cjs/loader:1335:12)
    at require (node:internal/modules/helpers:136:16)
    at Object.<anonymous> (B:\mavie\classroom\backend\src\routes\lessons.routes.js:6:12)
    at Module._compile (node:internal/modules/cjs/loader:1562:14)
    at Object..js (node:internal/modules/cjs/loader:1699:10)
    at Module.load (node:internal/modules/cjs/loader:1313:32)
2025-08-09 17:36:40 [ERROR]: uncaughtException: Unexpected identifier 'mimeType'
B:\mavie\classroom\backend\src\models\UserDocument.js:45
    mimeType: {
    ^^^^^^^^

SyntaxError: Unexpected identifier 'mimeType'
    at wrapSafe (node:internal/modules/cjs/loader:1512:18)
    at Module._compile (node:internal/modules/cjs/loader:1534:20)
    at Object..js (node:internal/modules/cjs/loader:1699:10)
    at Module.load (node:internal/modules/cjs/loader:1313:32)
    at Function._load (node:internal/modules/cjs/loader:1123:12)
    at TracingChannel.traceSync (node:diagnostics_channel:322:14)
    at wrapModuleLoad (node:internal/modules/cjs/loader:217:24)
    at Module.require (node:internal/modules/cjs/loader:1335:12)
    at require (node:internal/modules/helpers:136:16)
    at B:\mavie\classroom\backend\src\models\index.js:18:19
2025-08-09 17:36:48 [ERROR]: uncaughtException: Unrecognized datatype for attribute "UserDocument.storageProvider"
Error: Unrecognized datatype for attribute "UserDocument.storageProvider"
    at B:\mavie\classroom\backend\node_modules\sequelize\lib\model.js:726:15
    at B:\mavie\classroom\backend\node_modules\lodash\lodash.js:13469:38
    at B:\mavie\classroom\backend\node_modules\lodash\lodash.js:4967:15
    at baseForOwn (B:\mavie\classroom\backend\node_modules\lodash\lodash.js:3032:24)
    at Function.mapValues (B:\mavie\classroom\backend\node_modules\lodash\lodash.js:13468:7)
    at UserDocument.init (B:\mavie\classroom\backend\node_modules\sequelize\lib\model.js:723:28)
    at Sequelize.define (B:\mavie\classroom\backend\node_modules\sequelize\lib\sequelize.js:225:11)
    at module.exports (B:\mavie\classroom\backend\src\models\UserDocument.js:5:34)
    at B:\mavie\classroom\backend\src\models\index.js:18:54
    at Array.forEach (<anonymous>)
2025-08-09 17:37:27 [ERROR]: uncaughtException: all is not defined
ReferenceError: all is not defined
    at module.exports (B:\mavie\classroom\backend\src\models\UserDocument.js:46:7)
    at B:\mavie\classroom\backend\src\models\index.js:18:54
    at Array.forEach (<anonymous>)
    at Object.<anonymous> (B:\mavie\classroom\backend\src\models\index.js:17:4)
    at Module._compile (node:internal/modules/cjs/loader:1562:14)
    at Object..js (node:internal/modules/cjs/loader:1699:10)
    at Module.load (node:internal/modules/cjs/loader:1313:32)
    at Function._load (node:internal/modules/cjs/loader:1123:12)
    at TracingChannel.traceSync (node:diagnostics_channel:322:14)
    at wrapModuleLoad (node:internal/modules/cjs/loader:217:24)
2025-08-09 17:37:36 [ERROR]: uncaughtException: Unexpected token 'default'
B:\mavie\classroom\backend\src\models\UserDocument.js:47
      default
      ^^^^^^^

SyntaxError: Unexpected token 'default'
    at wrapSafe (node:internal/modules/cjs/loader:1512:18)
    at Module._compile (node:internal/modules/cjs/loader:1534:20)
    at Object..js (node:internal/modules/cjs/loader:1699:10)
    at Module.load (node:internal/modules/cjs/loader:1313:32)
    at Function._load (node:internal/modules/cjs/loader:1123:12)
    at TracingChannel.traceSync (node:diagnostics_channel:322:14)
    at wrapModuleLoad (node:internal/modules/cjs/loader:217:24)
    at Module.require (node:internal/modules/cjs/loader:1335:12)
    at require (node:internal/modules/helpers:136:16)
    at B:\mavie\classroom\backend\src\models\index.js:18:19
2025-08-09 17:37:38 [ERROR]: uncaughtException: Unexpected token 'default'
B:\mavie\classroom\backend\src\models\UserDocument.js:47
      default: 'local'
      ^^^^^^^

SyntaxError: Unexpected token 'default'
    at wrapSafe (node:internal/modules/cjs/loader:1512:18)
    at Module._compile (node:internal/modules/cjs/loader:1534:20)
    at Object..js (node:internal/modules/cjs/loader:1699:10)
    at Module.load (node:internal/modules/cjs/loader:1313:32)
    at Function._load (node:internal/modules/cjs/loader:1123:12)
    at TracingChannel.traceSync (node:diagnostics_channel:322:14)
    at wrapModuleLoad (node:internal/modules/cjs/loader:217:24)
    at Module.require (node:internal/modules/cjs/loader:1335:12)
    at require (node:internal/modules/helpers:136:16)
    at B:\mavie\classroom\backend\src\models\index.js:18:19
2025-08-09 17:39:52 [ERROR]: uncaughtException: Unexpected identifier 'mimeType'
B:\mavie\classroom\backend\src\controllers\auth.controller.js:143
                                mimeType: file.mimetype,
                                ^^^^^^^^

SyntaxError: Unexpected identifier 'mimeType'
    at wrapSafe (node:internal/modules/cjs/loader:1512:18)
    at Module._compile (node:internal/modules/cjs/loader:1534:20)
    at Object..js (node:internal/modules/cjs/loader:1699:10)
    at Module.load (node:internal/modules/cjs/loader:1313:32)
    at Function._load (node:internal/modules/cjs/loader:1123:12)
    at TracingChannel.traceSync (node:diagnostics_channel:322:14)
    at wrapModuleLoad (node:internal/modules/cjs/loader:217:24)
    at Module.require (node:internal/modules/cjs/loader:1335:12)
    at require (node:internal/modules/helpers:136:16)
    at Object.<anonymous> (B:\mavie\classroom\backend\src\routes\auth.routes.js:13:24)
2025-08-09 17:40:01 [ERROR]: uncaughtException: Unexpected token ':'
B:\mavie\classroom\backend\src\controllers\auth.controller.js:143
                                mimeType: file.mimetype,
                                        ^

SyntaxError: Unexpected token ':'
    at wrapSafe (node:internal/modules/cjs/loader:1512:18)
    at Module._compile (node:internal/modules/cjs/loader:1534:20)
    at Object..js (node:internal/modules/cjs/loader:1699:10)
    at Module.load (node:internal/modules/cjs/loader:1313:32)
    at Function._load (node:internal/modules/cjs/loader:1123:12)
    at TracingChannel.traceSync (node:diagnostics_channel:322:14)
    at wrapModuleLoad (node:internal/modules/cjs/loader:217:24)
    at Module.require (node:internal/modules/cjs/loader:1335:12)
    at require (node:internal/modules/helpers:136:16)
    at Object.<anonymous> (B:\mavie\classroom\backend\src\routes\auth.routes.js:13:24)
2025-08-09 17:40:04 [ERROR]: uncaughtException: Unexpected identifier 'mimeType'
B:\mavie\classroom\backend\src\controllers\auth.controller.js:143
                                mimeType: file.mimetype,
                                ^^^^^^^^

SyntaxError: Unexpected identifier 'mimeType'
    at wrapSafe (node:internal/modules/cjs/loader:1512:18)
    at Module._compile (node:internal/modules/cjs/loader:1534:20)
    at Object..js (node:internal/modules/cjs/loader:1699:10)
    at Module.load (node:internal/modules/cjs/loader:1313:32)
    at Function._load (node:internal/modules/cjs/loader:1123:12)
    at TracingChannel.traceSync (node:diagnostics_channel:322:14)
    at wrapModuleLoad (node:internal/modules/cjs/loader:217:24)
    at Module.require (node:internal/modules/cjs/loader:1335:12)
    at require (node:internal/modules/helpers:136:16)
    at Object.<anonymous> (B:\mavie\classroom\backend\src\routes\auth.routes.js:13:24)
2025-08-09 17:40:19 [ERROR]: uncaughtException: Unexpected identifier 'mimeType'
B:\mavie\classroom\backend\src\controllers\auth.controller.js:143
                                mimeType: file.mimetype,
                                ^^^^^^^^

SyntaxError: Unexpected identifier 'mimeType'
    at wrapSafe (node:internal/modules/cjs/loader:1512:18)
    at Module._compile (node:internal/modules/cjs/loader:1534:20)
    at Object..js (node:internal/modules/cjs/loader:1699:10)
    at Module.load (node:internal/modules/cjs/loader:1313:32)
    at Function._load (node:internal/modules/cjs/loader:1123:12)
    at TracingChannel.traceSync (node:diagnostics_channel:322:14)
    at wrapModuleLoad (node:internal/modules/cjs/loader:217:24)
    at Module.require (node:internal/modules/cjs/loader:1335:12)
    at require (node:internal/modules/helpers:136:16)
    at Object.<anonymous> (B:\mavie\classroom\backend\src\routes\auth.routes.js:13:24)
2025-08-10 12:08:40 [ERROR]: uncaughtException: Missing catch or finally after try
B:\mavie\classroom\backend\src\controllers\auth.controller.js:537
            }
            ^

SyntaxError: Missing catch or finally after try
    at wrapSafe (node:internal/modules/cjs/loader:1512:18)
    at Module._compile (node:internal/modules/cjs/loader:1534:20)
    at Object..js (node:internal/modules/cjs/loader:1699:10)
    at Module.load (node:internal/modules/cjs/loader:1313:32)
    at Function._load (node:internal/modules/cjs/loader:1123:12)
    at TracingChannel.traceSync (node:diagnostics_channel:322:14)
    at wrapModuleLoad (node:internal/modules/cjs/loader:217:24)
    at Module.require (node:internal/modules/cjs/loader:1335:12)
    at require (node:internal/modules/helpers:136:16)
    at Object.<anonymous> (B:\mavie\classroom\backend\src\routes\auth.routes.js:13:24)
2025-08-10 12:09:31 [ERROR]: uncaughtException: Unexpected token ')'
B:\mavie\classroom\backend\src\controllers\auth.controller.js:538
                console.error("Erro ao tentar notificar via Email: ", notifyError instanceof Error ? notifyError.message : )
                                                                                                                           ^

SyntaxError: Unexpected token ')'
    at wrapSafe (node:internal/modules/cjs/loader:1512:18)
    at Module._compile (node:internal/modules/cjs/loader:1534:20)
    at Object..js (node:internal/modules/cjs/loader:1699:10)
    at Module.load (node:internal/modules/cjs/loader:1313:32)
    at Function._load (node:internal/modules/cjs/loader:1123:12)
    at TracingChannel.traceSync (node:diagnostics_channel:322:14)
    at wrapModuleLoad (node:internal/modules/cjs/loader:217:24)
    at Module.require (node:internal/modules/cjs/loader:1335:12)
    at require (node:internal/modules/helpers:136:16)
    at Object.<anonymous> (B:\mavie\classroom\backend\src\routes\auth.routes.js:13:24)
2025-08-10 12:14:56 [ERROR]: uncaughtException: missing ) after argument list
B:\mavie\classroom\backend\src\models\Notification.js:17
          'ADMIN'
          ^^^^^^^

SyntaxError: missing ) after argument list
    at wrapSafe (node:internal/modules/cjs/loader:1512:18)
    at Module._compile (node:internal/modules/cjs/loader:1534:20)
    at Object..js (node:internal/modules/cjs/loader:1699:10)
    at Module.load (node:internal/modules/cjs/loader:1313:32)
    at Function._load (node:internal/modules/cjs/loader:1123:12)
    at TracingChannel.traceSync (node:diagnostics_channel:322:14)
    at wrapModuleLoad (node:internal/modules/cjs/loader:217:24)
    at Module.require (node:internal/modules/cjs/loader:1335:12)
    at require (node:internal/modules/helpers:136:16)
    at B:\mavie\classroom\backend\src\models\index.js:18:19
2025-08-10 12:49:45 [ERROR]: uncaughtException: The argument 'id' must be a non-empty string. Received ''
TypeError [ERR_INVALID_ARG_VALUE]: The argument 'id' must be a non-empty string. Received ''
    at Module.require (node:internal/modules/cjs/loader:1330:11)
    at require (node:internal/modules/helpers:136:16)
    at Object.<anonymous> (B:\mavie\classroom\backend\server.js:10:22)
    at Module._compile (node:internal/modules/cjs/loader:1562:14)
    at Object..js (node:internal/modules/cjs/loader:1699:10)
    at Module.load (node:internal/modules/cjs/loader:1313:32)
    at Function._load (node:internal/modules/cjs/loader:1123:12)
    at TracingChannel.traceSync (node:diagnostics_channel:322:14)
    at wrapModuleLoad (node:internal/modules/cjs/loader:217:24)
    at Function.executeUserEntryPoint [as runMain] (node:internal/modules/run_main:170:5)
2025-08-10 12:49:47 [ERROR]: uncaughtException: Cannot find module '../'
Require stack:
- B:\mavie\classroom\backend\server.js
Error: Cannot find module '../'
Require stack:
- B:\mavie\classroom\backend\server.js
    at Function._resolveFilename (node:internal/modules/cjs/loader:1244:15)
    at Function._load (node:internal/modules/cjs/loader:1070:27)
    at TracingChannel.traceSync (node:diagnostics_channel:322:14)
    at wrapModuleLoad (node:internal/modules/cjs/loader:217:24)
    at Module.require (node:internal/modules/cjs/loader:1335:12)
    at require (node:internal/modules/helpers:136:16)
    at Object.<anonymous> (B:\mavie\classroom\backend\server.js:10:22)
    at Module._compile (node:internal/modules/cjs/loader:1562:14)
    at Object..js (node:internal/modules/cjs/loader:1699:10)
    at Module.load (node:internal/modules/cjs/loader:1313:32)
2025-08-10 12:49:54 [ERROR]: uncaughtException: Cannot find module '/'
Require stack:
- B:\mavie\classroom\backend\server.js
Error: Cannot find module '/'
Require stack:
- B:\mavie\classroom\backend\server.js
    at Function._resolveFilename (node:internal/modules/cjs/loader:1244:15)
    at Function._load (node:internal/modules/cjs/loader:1070:27)
    at TracingChannel.traceSync (node:diagnostics_channel:322:14)
    at wrapModuleLoad (node:internal/modules/cjs/loader:217:24)
    at Module.require (node:internal/modules/cjs/loader:1335:12)
    at require (node:internal/modules/helpers:136:16)
    at Object.<anonymous> (B:\mavie\classroom\backend\server.js:10:22)
    at Module._compile (node:internal/modules/cjs/loader:1562:14)
    at Object..js (node:internal/modules/cjs/loader:1699:10)
    at Module.load (node:internal/modules/cjs/loader:1313:32)
2025-08-10 12:49:56 [ERROR]: uncaughtException: The argument 'id' must be a non-empty string. Received ''
TypeError [ERR_INVALID_ARG_VALUE]: The argument 'id' must be a non-empty string. Received ''
    at Module.require (node:internal/modules/cjs/loader:1330:11)
    at require (node:internal/modules/helpers:136:16)
    at Object.<anonymous> (B:\mavie\classroom\backend\server.js:10:22)
    at Module._compile (node:internal/modules/cjs/loader:1562:14)
    at Object..js (node:internal/modules/cjs/loader:1699:10)
    at Module.load (node:internal/modules/cjs/loader:1313:32)
    at Function._load (node:internal/modules/cjs/loader:1123:12)
    at TracingChannel.traceSync (node:diagnostics_channel:322:14)
    at wrapModuleLoad (node:internal/modules/cjs/loader:217:24)
    at Function.executeUserEntryPoint [as runMain] (node:internal/modules/run_main:170:5)
2025-08-10 12:50:00 [ERROR]: uncaughtException: Cannot find module 'B:\mavie\classroom\backend\index.js'. Please verify that the package.json has a valid "main" entry
Error: Cannot find module 'B:\mavie\classroom\backend\index.js'. Please verify that the package.json has a valid "main" entry
    at tryPackage (node:internal/modules/cjs/loader:492:19)
    at Function._findPath (node:internal/modules/cjs/loader:790:18)
    at Function._resolveFilename (node:internal/modules/cjs/loader:1230:27)
    at Function._load (node:internal/modules/cjs/loader:1070:27)
    at TracingChannel.traceSync (node:diagnostics_channel:322:14)
    at wrapModuleLoad (node:internal/modules/cjs/loader:217:24)
    at Module.require (node:internal/modules/cjs/loader:1335:12)
    at require (node:internal/modules/helpers:136:16)
    at Object.<anonymous> (B:\mavie\classroom\backend\server.js:10:22)
    at Module._compile (node:internal/modules/cjs/loader:1562:14)
2025-08-10 12:50:03 [ERROR]: uncaughtException: Cannot find module './src'
Require stack:
- B:\mavie\classroom\backend\server.js
Error: Cannot find module './src'
Require stack:
- B:\mavie\classroom\backend\server.js
    at Function._resolveFilename (node:internal/modules/cjs/loader:1244:15)
    at Function._load (node:internal/modules/cjs/loader:1070:27)
    at TracingChannel.traceSync (node:diagnostics_channel:322:14)
    at wrapModuleLoad (node:internal/modules/cjs/loader:217:24)
    at Module.require (node:internal/modules/cjs/loader:1335:12)
    at require (node:internal/modules/helpers:136:16)
    at Object.<anonymous> (B:\mavie\classroom\backend\server.js:10:22)
    at Module._compile (node:internal/modules/cjs/loader:1562:14)
    at Object..js (node:internal/modules/cjs/loader:1699:10)
    at Module.load (node:internal/modules/cjs/loader:1313:32)
2025-08-10 12:50:05 [ERROR]: uncaughtException: Cannot find module './src/'
Require stack:
- B:\mavie\classroom\backend\server.js
Error: Cannot find module './src/'
Require stack:
- B:\mavie\classroom\backend\server.js
    at Function._resolveFilename (node:internal/modules/cjs/loader:1244:15)
    at Function._load (node:internal/modules/cjs/loader:1070:27)
    at TracingChannel.traceSync (node:diagnostics_channel:322:14)
    at wrapModuleLoad (node:internal/modules/cjs/loader:217:24)
    at Module.require (node:internal/modules/cjs/loader:1335:12)
    at require (node:internal/modules/helpers:136:16)
    at Object.<anonymous> (B:\mavie\classroom\backend\server.js:10:22)
    at Module._compile (node:internal/modules/cjs/loader:1562:14)
    at Object..js (node:internal/modules/cjs/loader:1699:10)
    at Module.load (node:internal/modules/cjs/loader:1313:32)
2025-08-10 12:50:08 [ERROR]: uncaughtException: Cannot find module './src/middleware/'
Require stack:
- B:\mavie\classroom\backend\server.js
Error: Cannot find module './src/middleware/'
Require stack:
- B:\mavie\classroom\backend\server.js
    at Function._resolveFilename (node:internal/modules/cjs/loader:1244:15)
    at Function._load (node:internal/modules/cjs/loader:1070:27)
    at TracingChannel.traceSync (node:diagnostics_channel:322:14)
    at wrapModuleLoad (node:internal/modules/cjs/loader:217:24)
    at Module.require (node:internal/modules/cjs/loader:1335:12)
    at require (node:internal/modules/helpers:136:16)
    at Object.<anonymous> (B:\mavie\classroom\backend\server.js:10:22)
    at Module._compile (node:internal/modules/cjs/loader:1562:14)
    at Object..js (node:internal/modules/cjs/loader:1699:10)
    at Module.load (node:internal/modules/cjs/loader:1313:32)
